[2022-10-23T18:39:29.907+0000] {taskinstance.py:1165} INFO - Dependencies all met for <TaskInstance: sales_datawarehouse.get_funcionarios manual__2022-10-23T18:37:05.603712+00:00 [queued]>
[2022-10-23T18:39:29.927+0000] {taskinstance.py:1165} INFO - Dependencies all met for <TaskInstance: sales_datawarehouse.get_funcionarios manual__2022-10-23T18:37:05.603712+00:00 [queued]>
[2022-10-23T18:39:29.928+0000] {taskinstance.py:1362} INFO - 
--------------------------------------------------------------------------------
[2022-10-23T18:39:29.929+0000] {taskinstance.py:1363} INFO - Starting attempt 2 of 3
[2022-10-23T18:39:29.929+0000] {taskinstance.py:1364} INFO - 
--------------------------------------------------------------------------------
[2022-10-23T18:39:29.950+0000] {taskinstance.py:1383} INFO - Executing <Task(PythonOperator): get_funcionarios> on 2022-10-23 18:37:05.603712+00:00
[2022-10-23T18:39:29.955+0000] {standard_task_runner.py:54} INFO - Started process 9149 to run task
[2022-10-23T18:39:29.967+0000] {standard_task_runner.py:82} INFO - Running: ['***', 'tasks', 'run', 'sales_datawarehouse', 'get_funcionarios', 'manual__2022-10-23T18:37:05.603712+00:00', '--job-id', '116', '--raw', '--subdir', 'DAGS_FOLDER/sales_dw.py', '--cfg-path', '/tmp/tmp9oyb12sx']
[2022-10-23T18:39:29.969+0000] {standard_task_runner.py:83} INFO - Job 116: Subtask get_funcionarios
[2022-10-23T18:39:29.971+0000] {dagbag.py:525} INFO - Filling up the DagBag from /opt/***/dags/sales_dw.py
[2022-10-23T18:39:30.770+0000] {task_command.py:384} INFO - Running <TaskInstance: sales_datawarehouse.get_funcionarios manual__2022-10-23T18:37:05.603712+00:00 [running]> on host 499050b57294
[2022-10-23T18:39:30.899+0000] {taskinstance.py:1592} INFO - Exporting the following env vars:
AIRFLOW_CTX_DAG_OWNER=pedromenegat
AIRFLOW_CTX_DAG_ID=sales_datawarehouse
AIRFLOW_CTX_TASK_ID=get_funcionarios
AIRFLOW_CTX_EXECUTION_DATE=2022-10-23T18:37:05.603712+00:00
AIRFLOW_CTX_TRY_NUMBER=2
AIRFLOW_CTX_DAG_RUN_ID=manual__2022-10-23T18:37:05.603712+00:00
[2022-10-23T18:39:30.921+0000] {logging_mixin.py:117} INFO - <class 'str'>
[2022-10-23T18:39:30.922+0000] {python.py:177} INFO - Done. Returned value was: None
[2022-10-23T18:39:30.940+0000] {taskinstance.py:1406} INFO - Marking task as SUCCESS. dag_id=sales_datawarehouse, task_id=get_funcionarios, execution_date=20221023T183705, start_date=20221023T183929, end_date=20221023T183930
[2022-10-23T18:39:31.016+0000] {local_task_job.py:164} INFO - Task exited with return code 0
[2022-10-23T18:39:31.054+0000] {local_task_job.py:273} INFO - 0 downstream tasks scheduled from follow-on schedule check
