[2022-10-23T18:37:12.822+0000] {taskinstance.py:1165} INFO - Dependencies all met for <TaskInstance: sales_datawarehouse.get_funcionarios manual__2022-10-23T18:37:05.603712+00:00 [queued]>
[2022-10-23T18:37:12.838+0000] {taskinstance.py:1165} INFO - Dependencies all met for <TaskInstance: sales_datawarehouse.get_funcionarios manual__2022-10-23T18:37:05.603712+00:00 [queued]>
[2022-10-23T18:37:12.838+0000] {taskinstance.py:1362} INFO - 
--------------------------------------------------------------------------------
[2022-10-23T18:37:12.839+0000] {taskinstance.py:1363} INFO - Starting attempt 1 of 2
[2022-10-23T18:37:12.840+0000] {taskinstance.py:1364} INFO - 
--------------------------------------------------------------------------------
[2022-10-23T18:37:12.860+0000] {taskinstance.py:1383} INFO - Executing <Task(PythonOperator): get_funcionarios> on 2022-10-23 18:37:05.603712+00:00
[2022-10-23T18:37:12.865+0000] {standard_task_runner.py:54} INFO - Started process 9001 to run task
[2022-10-23T18:37:12.869+0000] {standard_task_runner.py:82} INFO - Running: ['***', 'tasks', 'run', 'sales_datawarehouse', 'get_funcionarios', 'manual__2022-10-23T18:37:05.603712+00:00', '--job-id', '110', '--raw', '--subdir', 'DAGS_FOLDER/sales_dw.py', '--cfg-path', '/tmp/tmp6fb73382']
[2022-10-23T18:37:12.871+0000] {standard_task_runner.py:83} INFO - Job 110: Subtask get_funcionarios
[2022-10-23T18:37:12.873+0000] {dagbag.py:525} INFO - Filling up the DagBag from /opt/***/dags/sales_dw.py
[2022-10-23T18:37:13.448+0000] {task_command.py:384} INFO - Running <TaskInstance: sales_datawarehouse.get_funcionarios manual__2022-10-23T18:37:05.603712+00:00 [running]> on host 499050b57294
[2022-10-23T18:37:13.526+0000] {taskinstance.py:1592} INFO - Exporting the following env vars:
AIRFLOW_CTX_DAG_OWNER=pedromenegat
AIRFLOW_CTX_DAG_ID=sales_datawarehouse
AIRFLOW_CTX_TASK_ID=get_funcionarios
AIRFLOW_CTX_EXECUTION_DATE=2022-10-23T18:37:05.603712+00:00
AIRFLOW_CTX_TRY_NUMBER=1
AIRFLOW_CTX_DAG_RUN_ID=manual__2022-10-23T18:37:05.603712+00:00
[2022-10-23T18:37:13.537+0000] {logging_mixin.py:117} INFO - <class 'str'>
[2022-10-23T18:37:13.538+0000] {logging_mixin.py:117} INFO - <class 'str'>
[2022-10-23T18:37:13.538+0000] {logging_mixin.py:117} INFO - <class 'str'>
[2022-10-23T18:37:13.539+0000] {logging_mixin.py:117} INFO - <class 'str'>
[2022-10-23T18:37:13.539+0000] {logging_mixin.py:117} INFO - <class 'str'>
[2022-10-23T18:37:13.539+0000] {logging_mixin.py:117} INFO - <class 'str'>
[2022-10-23T18:37:13.540+0000] {logging_mixin.py:117} INFO - <class 'str'>
[2022-10-23T18:37:13.540+0000] {logging_mixin.py:117} INFO - <class 'str'>
[2022-10-23T18:37:13.541+0000] {logging_mixin.py:117} INFO - <class 'str'>
[2022-10-23T18:37:13.541+0000] {logging_mixin.py:117} INFO - <class 'str'>
[2022-10-23T18:37:13.542+0000] {logging_mixin.py:117} INFO - <class 'str'>
[2022-10-23T18:37:13.542+0000] {logging_mixin.py:117} INFO - <class 'str'>
[2022-10-23T18:37:13.542+0000] {logging_mixin.py:117} INFO - <class 'str'>
[2022-10-23T18:37:13.543+0000] {logging_mixin.py:117} INFO - <class 'str'>
[2022-10-23T18:37:13.543+0000] {logging_mixin.py:117} INFO - <class 'str'>
[2022-10-23T18:37:13.544+0000] {logging_mixin.py:117} INFO - <class 'str'>
[2022-10-23T18:37:13.544+0000] {logging_mixin.py:117} INFO - <class 'str'>
[2022-10-23T18:37:13.544+0000] {logging_mixin.py:117} INFO - <class 'str'>
[2022-10-23T18:37:13.545+0000] {logging_mixin.py:117} INFO - <class 'str'>
[2022-10-23T18:37:13.545+0000] {logging_mixin.py:117} INFO - <class 'str'>
[2022-10-23T18:37:13.545+0000] {logging_mixin.py:117} INFO - <class 'str'>
[2022-10-23T18:37:13.546+0000] {logging_mixin.py:117} INFO - <class 'str'>
[2022-10-23T18:37:13.546+0000] {logging_mixin.py:117} INFO - <class 'str'>
[2022-10-23T18:37:13.546+0000] {logging_mixin.py:117} INFO - <class 'str'>
[2022-10-23T18:37:13.547+0000] {logging_mixin.py:117} INFO - <class 'str'>
[2022-10-23T18:37:13.547+0000] {logging_mixin.py:117} INFO - <class 'str'>
[2022-10-23T18:37:13.547+0000] {logging_mixin.py:117} INFO - <class 'str'>
[2022-10-23T18:37:13.547+0000] {logging_mixin.py:117} INFO - <class 'str'>
[2022-10-23T18:37:13.548+0000] {logging_mixin.py:117} INFO - <class 'str'>
[2022-10-23T18:37:13.548+0000] {logging_mixin.py:117} INFO - <class 'str'>
[2022-10-23T18:37:13.548+0000] {logging_mixin.py:117} INFO - <class 'str'>
[2022-10-23T18:37:13.549+0000] {logging_mixin.py:117} INFO - <class 'str'>
[2022-10-23T18:37:13.549+0000] {logging_mixin.py:117} INFO - <class 'str'>
[2022-10-23T18:37:13.549+0000] {logging_mixin.py:117} INFO - <class 'str'>
[2022-10-23T18:37:13.549+0000] {logging_mixin.py:117} INFO - <class 'str'>
[2022-10-23T18:37:13.550+0000] {logging_mixin.py:117} INFO - <class 'str'>
[2022-10-23T18:37:13.550+0000] {logging_mixin.py:117} INFO - <class 'str'>
[2022-10-23T18:37:13.550+0000] {logging_mixin.py:117} INFO - <class 'str'>
[2022-10-23T18:37:13.551+0000] {logging_mixin.py:117} INFO - <class 'str'>
[2022-10-23T18:37:13.551+0000] {logging_mixin.py:117} INFO - <class 'str'>
[2022-10-23T18:37:13.551+0000] {logging_mixin.py:117} INFO - <class 'str'>
[2022-10-23T18:37:13.552+0000] {logging_mixin.py:117} INFO - <class 'str'>
[2022-10-23T18:37:13.552+0000] {logging_mixin.py:117} INFO - <class 'str'>
[2022-10-23T18:37:13.552+0000] {logging_mixin.py:117} INFO - <class 'str'>
[2022-10-23T18:37:13.553+0000] {logging_mixin.py:117} INFO - <class 'str'>
[2022-10-23T18:37:13.553+0000] {logging_mixin.py:117} INFO - <class 'str'>
[2022-10-23T18:37:13.553+0000] {logging_mixin.py:117} INFO - <class 'str'>
[2022-10-23T18:37:13.554+0000] {logging_mixin.py:117} INFO - <class 'str'>
[2022-10-23T18:37:13.554+0000] {logging_mixin.py:117} INFO - <class 'str'>
[2022-10-23T18:37:13.554+0000] {logging_mixin.py:117} INFO - <class 'str'>
[2022-10-23T18:37:13.554+0000] {logging_mixin.py:117} INFO - <class 'str'>
[2022-10-23T18:37:13.555+0000] {logging_mixin.py:117} INFO - <class 'str'>
[2022-10-23T18:37:13.555+0000] {logging_mixin.py:117} INFO - <class 'str'>
[2022-10-23T18:37:13.555+0000] {logging_mixin.py:117} INFO - <class 'str'>
[2022-10-23T18:37:13.555+0000] {python.py:177} INFO - Done. Returned value was: None
[2022-10-23T18:37:13.565+0000] {taskinstance.py:1406} INFO - Marking task as SUCCESS. dag_id=sales_datawarehouse, task_id=get_funcionarios, execution_date=20221023T183705, start_date=20221023T183712, end_date=20221023T183713
[2022-10-23T18:37:13.604+0000] {local_task_job.py:164} INFO - Task exited with return code 0
[2022-10-23T18:37:13.627+0000] {local_task_job.py:273} INFO - 0 downstream tasks scheduled from follow-on schedule check
