[2022-10-23T18:40:59.798+0000] {taskinstance.py:1165} INFO - Dependencies all met for <TaskInstance: sales_datawarehouse.get_funcionarios manual__2022-10-23T18:37:05.603712+00:00 [queued]>
[2022-10-23T18:40:59.823+0000] {taskinstance.py:1165} INFO - Dependencies all met for <TaskInstance: sales_datawarehouse.get_funcionarios manual__2022-10-23T18:37:05.603712+00:00 [queued]>
[2022-10-23T18:40:59.823+0000] {taskinstance.py:1362} INFO - 
--------------------------------------------------------------------------------
[2022-10-23T18:40:59.824+0000] {taskinstance.py:1363} INFO - Starting attempt 3 of 4
[2022-10-23T18:40:59.824+0000] {taskinstance.py:1364} INFO - 
--------------------------------------------------------------------------------
[2022-10-23T18:40:59.859+0000] {taskinstance.py:1383} INFO - Executing <Task(PythonOperator): get_funcionarios> on 2022-10-23 18:37:05.603712+00:00
[2022-10-23T18:40:59.867+0000] {standard_task_runner.py:54} INFO - Started process 9252 to run task
[2022-10-23T18:40:59.874+0000] {standard_task_runner.py:82} INFO - Running: ['***', 'tasks', 'run', 'sales_datawarehouse', 'get_funcionarios', 'manual__2022-10-23T18:37:05.603712+00:00', '--job-id', '121', '--raw', '--subdir', 'DAGS_FOLDER/sales_dw.py', '--cfg-path', '/tmp/tmplt3xiti4']
[2022-10-23T18:40:59.879+0000] {standard_task_runner.py:83} INFO - Job 121: Subtask get_funcionarios
[2022-10-23T18:40:59.882+0000] {dagbag.py:525} INFO - Filling up the DagBag from /opt/***/dags/sales_dw.py
[2022-10-23T18:41:00.889+0000] {task_command.py:384} INFO - Running <TaskInstance: sales_datawarehouse.get_funcionarios manual__2022-10-23T18:37:05.603712+00:00 [running]> on host 499050b57294
[2022-10-23T18:41:01.052+0000] {taskinstance.py:1592} INFO - Exporting the following env vars:
AIRFLOW_CTX_DAG_OWNER=pedromenegat
AIRFLOW_CTX_DAG_ID=sales_datawarehouse
AIRFLOW_CTX_TASK_ID=get_funcionarios
AIRFLOW_CTX_EXECUTION_DATE=2022-10-23T18:37:05.603712+00:00
AIRFLOW_CTX_TRY_NUMBER=3
AIRFLOW_CTX_DAG_RUN_ID=manual__2022-10-23T18:37:05.603712+00:00
[2022-10-23T18:41:01.080+0000] {logging_mixin.py:117} INFO - <class 'str'>
[2022-10-23T18:41:01.081+0000] {logging_mixin.py:117} INFO - <class 'list'>
[2022-10-23T18:41:01.082+0000] {python.py:177} INFO - Done. Returned value was: None
[2022-10-23T18:41:01.108+0000] {taskinstance.py:1406} INFO - Marking task as SUCCESS. dag_id=sales_datawarehouse, task_id=get_funcionarios, execution_date=20221023T183705, start_date=20221023T184059, end_date=20221023T184101
[2022-10-23T18:41:01.171+0000] {local_task_job.py:164} INFO - Task exited with return code 0
[2022-10-23T18:41:01.242+0000] {local_task_job.py:273} INFO - 0 downstream tasks scheduled from follow-on schedule check
