[2022-10-23T18:43:18.855+0000] {taskinstance.py:1165} INFO - Dependencies all met for <TaskInstance: sales_datawarehouse.get_funcionarios manual__2022-10-23T18:37:05.603712+00:00 [queued]>
[2022-10-23T18:43:18.867+0000] {taskinstance.py:1165} INFO - Dependencies all met for <TaskInstance: sales_datawarehouse.get_funcionarios manual__2022-10-23T18:37:05.603712+00:00 [queued]>
[2022-10-23T18:43:18.867+0000] {taskinstance.py:1362} INFO - 
--------------------------------------------------------------------------------
[2022-10-23T18:43:18.869+0000] {taskinstance.py:1363} INFO - Starting attempt 4 of 5
[2022-10-23T18:43:18.869+0000] {taskinstance.py:1364} INFO - 
--------------------------------------------------------------------------------
[2022-10-23T18:43:18.885+0000] {taskinstance.py:1383} INFO - Executing <Task(PythonOperator): get_funcionarios> on 2022-10-23 18:37:05.603712+00:00
[2022-10-23T18:43:18.889+0000] {standard_task_runner.py:54} INFO - Started process 9408 to run task
[2022-10-23T18:43:18.892+0000] {standard_task_runner.py:82} INFO - Running: ['***', 'tasks', 'run', 'sales_datawarehouse', 'get_funcionarios', 'manual__2022-10-23T18:37:05.603712+00:00', '--job-id', '127', '--raw', '--subdir', 'DAGS_FOLDER/sales_dw.py', '--cfg-path', '/tmp/tmp2l_c43bl']
[2022-10-23T18:43:18.894+0000] {standard_task_runner.py:83} INFO - Job 127: Subtask get_funcionarios
[2022-10-23T18:43:18.895+0000] {dagbag.py:525} INFO - Filling up the DagBag from /opt/***/dags/sales_dw.py
[2022-10-23T18:43:19.396+0000] {task_command.py:384} INFO - Running <TaskInstance: sales_datawarehouse.get_funcionarios manual__2022-10-23T18:37:05.603712+00:00 [running]> on host 499050b57294
[2022-10-23T18:43:19.468+0000] {taskinstance.py:1592} INFO - Exporting the following env vars:
AIRFLOW_CTX_DAG_OWNER=pedromenegat
AIRFLOW_CTX_DAG_ID=sales_datawarehouse
AIRFLOW_CTX_TASK_ID=get_funcionarios
AIRFLOW_CTX_EXECUTION_DATE=2022-10-23T18:37:05.603712+00:00
AIRFLOW_CTX_TRY_NUMBER=4
AIRFLOW_CTX_DAG_RUN_ID=manual__2022-10-23T18:37:05.603712+00:00
[2022-10-23T18:43:41.372+0000] {logging_mixin.py:117} INFO -    id              nome
0   1       Rob Carsson
1   5    Ingrid Hendrix
2   8      Helen Brolin
3   4        Leif Shine
4   3      Tom Lindwall
5   2       Eli Preston
6   7      Rock Rollman
7   6  Lennart Skoglund
8   9      Joan Callins
[2022-10-23T18:43:41.373+0000] {python.py:177} INFO - Done. Returned value was: None
[2022-10-23T18:43:41.389+0000] {taskinstance.py:1406} INFO - Marking task as SUCCESS. dag_id=sales_datawarehouse, task_id=get_funcionarios, execution_date=20221023T183705, start_date=20221023T184318, end_date=20221023T184341
[2022-10-23T18:43:41.431+0000] {local_task_job.py:164} INFO - Task exited with return code 0
[2022-10-23T18:43:41.453+0000] {local_task_job.py:273} INFO - 0 downstream tasks scheduled from follow-on schedule check
