[2022-10-26T00:52:11.836+0000] {taskinstance.py:1165} INFO - Dependencies all met for <TaskInstance: sales_datawarehouse.insert_fato_vendas manual__2022-10-26T00:49:05.987248+00:00 [queued]>
[2022-10-26T00:52:11.855+0000] {taskinstance.py:1165} INFO - Dependencies all met for <TaskInstance: sales_datawarehouse.insert_fato_vendas manual__2022-10-26T00:49:05.987248+00:00 [queued]>
[2022-10-26T00:52:11.856+0000] {taskinstance.py:1362} INFO - 
--------------------------------------------------------------------------------
[2022-10-26T00:52:11.857+0000] {taskinstance.py:1363} INFO - Starting attempt 1 of 2
[2022-10-26T00:52:11.858+0000] {taskinstance.py:1364} INFO - 
--------------------------------------------------------------------------------
[2022-10-26T00:52:11.896+0000] {taskinstance.py:1383} INFO - Executing <Task(PythonOperator): insert_fato_vendas> on 2022-10-26 00:49:05.987248+00:00
[2022-10-26T00:52:11.905+0000] {standard_task_runner.py:54} INFO - Started process 4597 to run task
[2022-10-26T00:52:11.910+0000] {standard_task_runner.py:82} INFO - Running: ['***', 'tasks', 'run', 'sales_datawarehouse', 'insert_fato_vendas', 'manual__2022-10-26T00:49:05.987248+00:00', '--job-id', '677', '--raw', '--subdir', 'DAGS_FOLDER/sales_dw.py', '--cfg-path', '/tmp/tmpj4fgdk_7']
[2022-10-26T00:52:11.912+0000] {standard_task_runner.py:83} INFO - Job 677: Subtask insert_fato_vendas
[2022-10-26T00:52:11.914+0000] {dagbag.py:525} INFO - Filling up the DagBag from /opt/***/dags/sales_dw.py
[2022-10-26T00:52:12.776+0000] {task_command.py:384} INFO - Running <TaskInstance: sales_datawarehouse.insert_fato_vendas manual__2022-10-26T00:49:05.987248+00:00 [running]> on host 83cd0ab98720
[2022-10-26T00:52:12.893+0000] {taskinstance.py:1592} INFO - Exporting the following env vars:
AIRFLOW_CTX_DAG_OWNER=pedromenegat
AIRFLOW_CTX_DAG_ID=sales_datawarehouse
AIRFLOW_CTX_TASK_ID=insert_fato_vendas
AIRFLOW_CTX_EXECUTION_DATE=2022-10-26T00:49:05.987248+00:00
AIRFLOW_CTX_TRY_NUMBER=1
AIRFLOW_CTX_DAG_RUN_ID=manual__2022-10-26T00:49:05.987248+00:00
[2022-10-26T00:52:13.127+0000] {python.py:177} INFO - Done. Returned value was: None
[2022-10-26T00:52:13.141+0000] {taskinstance.py:1406} INFO - Marking task as SUCCESS. dag_id=sales_datawarehouse, task_id=insert_fato_vendas, execution_date=20221026T004905, start_date=20221026T005211, end_date=20221026T005213
[2022-10-26T00:52:13.206+0000] {local_task_job.py:164} INFO - Task exited with return code 0
[2022-10-26T00:52:13.237+0000] {local_task_job.py:273} INFO - 0 downstream tasks scheduled from follow-on schedule check
