[2022-10-24T20:15:29.335+0000] {taskinstance.py:1165} INFO - Dependencies all met for <TaskInstance: sales_datawarehouse.insert_vendas manual__2022-10-24T19:46:43.643528+00:00 [queued]>
[2022-10-24T20:15:29.348+0000] {taskinstance.py:1165} INFO - Dependencies all met for <TaskInstance: sales_datawarehouse.insert_vendas manual__2022-10-24T19:46:43.643528+00:00 [queued]>
[2022-10-24T20:15:29.349+0000] {taskinstance.py:1362} INFO - 
--------------------------------------------------------------------------------
[2022-10-24T20:15:29.350+0000] {taskinstance.py:1363} INFO - Starting attempt 2 of 2
[2022-10-24T20:15:29.350+0000] {taskinstance.py:1364} INFO - 
--------------------------------------------------------------------------------
[2022-10-24T20:15:29.368+0000] {taskinstance.py:1383} INFO - Executing <Task(PythonOperator): insert_vendas> on 2022-10-24 19:46:43.643528+00:00
[2022-10-24T20:15:29.373+0000] {standard_task_runner.py:54} INFO - Started process 16939 to run task
[2022-10-24T20:15:29.376+0000] {standard_task_runner.py:82} INFO - Running: ['***', 'tasks', 'run', 'sales_datawarehouse', 'insert_vendas', 'manual__2022-10-24T19:46:43.643528+00:00', '--job-id', '296', '--raw', '--subdir', 'DAGS_FOLDER/sales_dw.py', '--cfg-path', '/tmp/tmpj2mn0nz_']
[2022-10-24T20:15:29.378+0000] {standard_task_runner.py:83} INFO - Job 296: Subtask insert_vendas
[2022-10-24T20:15:29.380+0000] {dagbag.py:525} INFO - Filling up the DagBag from /opt/***/dags/sales_dw.py
[2022-10-24T20:15:30.561+0000] {task_command.py:384} INFO - Running <TaskInstance: sales_datawarehouse.insert_vendas manual__2022-10-24T19:46:43.643528+00:00 [running]> on host 83cd0ab98720
[2022-10-24T20:15:30.682+0000] {taskinstance.py:1592} INFO - Exporting the following env vars:
AIRFLOW_CTX_DAG_OWNER=pedromenegat
AIRFLOW_CTX_DAG_ID=sales_datawarehouse
AIRFLOW_CTX_TASK_ID=insert_vendas
AIRFLOW_CTX_EXECUTION_DATE=2022-10-24T19:46:43.643528+00:00
AIRFLOW_CTX_TRY_NUMBER=2
AIRFLOW_CTX_DAG_RUN_ID=manual__2022-10-24T19:46:43.643528+00:00
[2022-10-24T20:15:30.792+0000] {base.py:71} INFO - Using connection ID '***_localhost' for task execution.
[2022-10-24T20:15:30.915+0000] {taskinstance.py:1851} ERROR - Task failed with exception
Traceback (most recent call last):
  File "/home/airflow/.local/lib/python3.7/site-packages/airflow/operators/python.py", line 175, in execute
    return_value = self.execute_callable()
  File "/home/airflow/.local/lib/python3.7/site-packages/airflow/operators/python.py", line 193, in execute_callable
    return self.python_callable(*self.op_args, **self.op_kwargs)
  File "/opt/airflow/dags/sales_dw.py", line 47, in teste_xcom
    data_vendas_insert.insert_rows('vendas',  pd.DataFrame(vendas))
  File "/home/airflow/.local/lib/python3.7/site-packages/airflow/providers/common/sql/hooks/sql.py", line 409, in insert_rows
    cur.execute(sql, values)
psycopg2.errors.SyntaxError: INSERT has more expressions than target columns
LINE 1: INSERT INTO vendas  VALUES ('i','d','_','v','e','n','d','a')
                                                        ^

[2022-10-24T20:15:30.940+0000] {taskinstance.py:1406} INFO - Marking task as FAILED. dag_id=sales_datawarehouse, task_id=insert_vendas, execution_date=20221024T194643, start_date=20221024T201529, end_date=20221024T201530
[2022-10-24T20:15:30.966+0000] {standard_task_runner.py:107} ERROR - Failed to execute job 296 for task insert_vendas (INSERT has more expressions than target columns
LINE 1: INSERT INTO vendas  VALUES ('i','d','_','v','e','n','d','a')
                                                        ^
; 16939)
[2022-10-24T20:15:30.998+0000] {local_task_job.py:164} INFO - Task exited with return code 1
[2022-10-24T20:15:31.053+0000] {local_task_job.py:273} INFO - 0 downstream tasks scheduled from follow-on schedule check
