[2022-10-24T22:58:09.279+0000] {taskinstance.py:1165} INFO - Dependencies all met for <TaskInstance: sales_datawarehouse.insert_categorias manual__2022-10-24T22:55:28.720046+00:00 [queued]>
[2022-10-24T22:58:09.291+0000] {taskinstance.py:1165} INFO - Dependencies all met for <TaskInstance: sales_datawarehouse.insert_categorias manual__2022-10-24T22:55:28.720046+00:00 [queued]>
[2022-10-24T22:58:09.292+0000] {taskinstance.py:1362} INFO - 
--------------------------------------------------------------------------------
[2022-10-24T22:58:09.293+0000] {taskinstance.py:1363} INFO - Starting attempt 2 of 2
[2022-10-24T22:58:09.293+0000] {taskinstance.py:1364} INFO - 
--------------------------------------------------------------------------------
[2022-10-24T22:58:09.308+0000] {taskinstance.py:1383} INFO - Executing <Task(PythonOperator): insert_categorias> on 2022-10-24 22:55:28.720046+00:00
[2022-10-24T22:58:09.313+0000] {standard_task_runner.py:54} INFO - Started process 27223 to run task
[2022-10-24T22:58:09.316+0000] {standard_task_runner.py:82} INFO - Running: ['***', 'tasks', 'run', 'sales_datawarehouse', 'insert_categorias', 'manual__2022-10-24T22:55:28.720046+00:00', '--job-id', '552', '--raw', '--subdir', 'DAGS_FOLDER/sales_dw.py', '--cfg-path', '/tmp/tmpupq6z8g6']
[2022-10-24T22:58:09.318+0000] {standard_task_runner.py:83} INFO - Job 552: Subtask insert_categorias
[2022-10-24T22:58:09.319+0000] {dagbag.py:525} INFO - Filling up the DagBag from /opt/***/dags/sales_dw.py
[2022-10-24T22:58:09.832+0000] {task_command.py:384} INFO - Running <TaskInstance: sales_datawarehouse.insert_categorias manual__2022-10-24T22:55:28.720046+00:00 [running]> on host 83cd0ab98720
[2022-10-24T22:58:09.906+0000] {taskinstance.py:1592} INFO - Exporting the following env vars:
AIRFLOW_CTX_DAG_OWNER=pedromenegat
AIRFLOW_CTX_DAG_ID=sales_datawarehouse
AIRFLOW_CTX_TASK_ID=insert_categorias
AIRFLOW_CTX_EXECUTION_DATE=2022-10-24T22:55:28.720046+00:00
AIRFLOW_CTX_TRY_NUMBER=2
AIRFLOW_CTX_DAG_RUN_ID=manual__2022-10-24T22:55:28.720046+00:00
[2022-10-24T22:58:10.033+0000] {taskinstance.py:1851} ERROR - Task failed with exception
Traceback (most recent call last):
  File "/home/airflow/.local/lib/python3.7/site-packages/sqlalchemy/engine/base.py", line 1783, in _execute_context
    cursor, statement, parameters, context
  File "/home/airflow/.local/lib/python3.7/site-packages/sqlalchemy/dialects/postgresql/psycopg2.py", line 957, in do_executemany
    **kwargs
  File "/home/airflow/.local/lib/python3.7/site-packages/psycopg2/extras.py", line 1270, in execute_values
    cur.execute(b''.join(parts))
psycopg2.errors.UniqueViolation: duplicate key value violates unique constraint "categorias_pkey"
DETAIL:  Key (id)=(1) already exists.


The above exception was the direct cause of the following exception:

Traceback (most recent call last):
  File "/home/airflow/.local/lib/python3.7/site-packages/airflow/operators/python.py", line 175, in execute
    return_value = self.execute_callable()
  File "/home/airflow/.local/lib/python3.7/site-packages/airflow/operators/python.py", line 193, in execute_callable
    return self.python_callable(*self.op_args, **self.op_kwargs)
  File "/opt/airflow/dags/sales_dw.py", line 65, in insert_categorias
    categorias_df.to_sql('categorias', engine, if_exists='append', index=False)
  File "/home/airflow/.local/lib/python3.7/site-packages/pandas/core/generic.py", line 2882, in to_sql
    method=method,
  File "/home/airflow/.local/lib/python3.7/site-packages/pandas/io/sql.py", line 728, in to_sql
    **engine_kwargs,
  File "/home/airflow/.local/lib/python3.7/site-packages/pandas/io/sql.py", line 1770, in to_sql
    **engine_kwargs,
  File "/home/airflow/.local/lib/python3.7/site-packages/pandas/io/sql.py", line 1350, in insert_records
    raise err
  File "/home/airflow/.local/lib/python3.7/site-packages/pandas/io/sql.py", line 1340, in insert_records
    table.insert(chunksize=chunksize, method=method)
  File "/home/airflow/.local/lib/python3.7/site-packages/pandas/io/sql.py", line 967, in insert
    exec_insert(conn, keys, chunk_iter)
  File "/home/airflow/.local/lib/python3.7/site-packages/pandas/io/sql.py", line 882, in _execute_insert
    conn.execute(self.table.insert(), data)
  File "/home/airflow/.local/lib/python3.7/site-packages/sqlalchemy/engine/base.py", line 1289, in execute
    return meth(self, multiparams, params, _EMPTY_EXECUTION_OPTS)
  File "/home/airflow/.local/lib/python3.7/site-packages/sqlalchemy/sql/elements.py", line 326, in _execute_on_connection
    self, multiparams, params, execution_options
  File "/home/airflow/.local/lib/python3.7/site-packages/sqlalchemy/engine/base.py", line 1491, in _execute_clauseelement
    cache_hit=cache_hit,
  File "/home/airflow/.local/lib/python3.7/site-packages/sqlalchemy/engine/base.py", line 1846, in _execute_context
    e, statement, parameters, cursor, context
  File "/home/airflow/.local/lib/python3.7/site-packages/sqlalchemy/engine/base.py", line 2027, in _handle_dbapi_exception
    sqlalchemy_exception, with_traceback=exc_info[2], from_=e
  File "/home/airflow/.local/lib/python3.7/site-packages/sqlalchemy/util/compat.py", line 207, in raise_
    raise exception
  File "/home/airflow/.local/lib/python3.7/site-packages/sqlalchemy/engine/base.py", line 1783, in _execute_context
    cursor, statement, parameters, context
  File "/home/airflow/.local/lib/python3.7/site-packages/sqlalchemy/dialects/postgresql/psycopg2.py", line 957, in do_executemany
    **kwargs
  File "/home/airflow/.local/lib/python3.7/site-packages/psycopg2/extras.py", line 1270, in execute_values
    cur.execute(b''.join(parts))
sqlalchemy.exc.IntegrityError: (psycopg2.errors.UniqueViolation) duplicate key value violates unique constraint "categorias_pkey"
DETAIL:  Key (id)=(1) already exists.

[SQL: INSERT INTO categorias (id, nome_categoria) VALUES (%(id)s, %(nome_categoria)s)]
[parameters: ({'id': 1, 'nome_categoria': 'Babywear'}, {'id': 2, 'nome_categoria': 'Womens wear'}, {'id': 3, 'nome_categoria': 'Womens Footwear'}, {'id': 4, 'nome_categoria': 'Sportwear'}, {'id': 5, 'nome_categoria': 'Mens Clothes'}, {'id': 6, 'nome_categoria': 'Bath Clothes'}, {'id': 7, 'nome_categoria': 'Mens Footwear'}, {'id': 8, 'nome_categoria': 'Childrens wear'})]
(Background on this error at: https://sqlalche.me/e/14/gkpj)
[2022-10-24T22:58:10.049+0000] {taskinstance.py:1406} INFO - Marking task as FAILED. dag_id=sales_datawarehouse, task_id=insert_categorias, execution_date=20221024T225528, start_date=20221024T225809, end_date=20221024T225810
[2022-10-24T22:58:10.062+0000] {standard_task_runner.py:107} ERROR - Failed to execute job 552 for task insert_categorias ((psycopg2.errors.UniqueViolation) duplicate key value violates unique constraint "categorias_pkey"
DETAIL:  Key (id)=(1) already exists.

[SQL: INSERT INTO categorias (id, nome_categoria) VALUES (%(id)s, %(nome_categoria)s)]
[parameters: ({'id': 1, 'nome_categoria': 'Babywear'}, {'id': 2, 'nome_categoria': 'Womens wear'}, {'id': 3, 'nome_categoria': 'Womens Footwear'}, {'id': 4, 'nome_categoria': 'Sportwear'}, {'id': 5, 'nome_categoria': 'Mens Clothes'}, {'id': 6, 'nome_categoria': 'Bath Clothes'}, {'id': 7, 'nome_categoria': 'Mens Footwear'}, {'id': 8, 'nome_categoria': 'Childrens wear'})]
(Background on this error at: https://sqlalche.me/e/14/gkpj); 27223)
[2022-10-24T22:58:10.091+0000] {local_task_job.py:164} INFO - Task exited with return code 1
[2022-10-24T22:58:10.122+0000] {local_task_job.py:273} INFO - 0 downstream tasks scheduled from follow-on schedule check
