[2022-10-23T00:57:56.155+0000] {taskinstance.py:1165} INFO - Dependencies all met for <TaskInstance: sales_datawarehouse.create_tables scheduled__2022-10-22T00:00:00+00:00 [queued]>
[2022-10-23T00:57:56.198+0000] {taskinstance.py:1165} INFO - Dependencies all met for <TaskInstance: sales_datawarehouse.create_tables scheduled__2022-10-22T00:00:00+00:00 [queued]>
[2022-10-23T00:57:56.199+0000] {taskinstance.py:1362} INFO - 
--------------------------------------------------------------------------------
[2022-10-23T00:57:56.200+0000] {taskinstance.py:1363} INFO - Starting attempt 1 of 6
[2022-10-23T00:57:56.200+0000] {taskinstance.py:1364} INFO - 
--------------------------------------------------------------------------------
[2022-10-23T00:57:56.239+0000] {taskinstance.py:1383} INFO - Executing <Task(PostgresOperator): create_tables> on 2022-10-22 00:00:00+00:00
[2022-10-23T00:57:56.251+0000] {standard_task_runner.py:54} INFO - Started process 15760 to run task
[2022-10-23T00:57:56.255+0000] {standard_task_runner.py:82} INFO - Running: ['***', 'tasks', 'run', 'sales_datawarehouse', 'create_tables', 'scheduled__2022-10-22T00:00:00+00:00', '--job-id', '5', '--raw', '--subdir', 'DAGS_FOLDER/sales_dw.py', '--cfg-path', '/tmp/tmppv6azl_5']
[2022-10-23T00:57:56.257+0000] {standard_task_runner.py:83} INFO - Job 5: Subtask create_tables
[2022-10-23T00:57:56.260+0000] {dagbag.py:525} INFO - Filling up the DagBag from /opt/***/dags/sales_dw.py
[2022-10-23T00:57:59.234+0000] {task_command.py:384} INFO - Running <TaskInstance: sales_datawarehouse.create_tables scheduled__2022-10-22T00:00:00+00:00 [running]> on host a592b4e2aefa
[2022-10-23T00:57:59.397+0000] {taskinstance.py:1592} INFO - Exporting the following env vars:
AIRFLOW_CTX_DAG_OWNER=pedromenegat
AIRFLOW_CTX_DAG_ID=sales_datawarehouse
AIRFLOW_CTX_TASK_ID=create_tables
AIRFLOW_CTX_EXECUTION_DATE=2022-10-22T00:00:00+00:00
AIRFLOW_CTX_TRY_NUMBER=1
AIRFLOW_CTX_DAG_RUN_ID=scheduled__2022-10-22T00:00:00+00:00
[2022-10-23T00:57:59.412+0000] {base.py:71} INFO - Using connection ID '***_localhost' for task execution.
[2022-10-23T00:57:59.692+0000] {sql.py:315} INFO - Running statement: 
        CREATE TABLE IF NOT EXISTS funcionarios(		
            id_funcionario INTEGER PRIMARY KEY NOT NULL,
            nome_funcionario VARCHAR(30) NOT NULL
	    );
        CREATE TABLE IF NOT EXISTS categorias(		
            id_categoria INTEGER PRIMARY KEY NOT NULL,
            nome_categoria VARCHAR(30) NOT NULL
		);
        CREATE TABLE IF NOT EXISTS vendas(
            id_venda INTEGER PRIMARY KEY NOT NULL,
            id_funcionario INTEGER NOT NULL,
            id_categoria INTEGER NOT NULL,
            data_venda DATE NOT NULL,
            venda NUMERIC(20,5) NOT NULL,
            FOREIGN KEY (id_funcionario) 
                REFERENCES funcionarios (id_funcionario)
                ON UPDATE CASCADE ON DELETE CASCADE,
            FOREIGN KEY (id_categoria) 
                REFERENCES categorias (id_categoria)
                ON UPDATE CASCADE ON DELETE CASCADE
		);
        , parameters: None
[2022-10-23T00:57:59.800+0000] {taskinstance.py:1406} INFO - Marking task as SUCCESS. dag_id=sales_datawarehouse, task_id=create_tables, execution_date=20221022T000000, start_date=20221023T005756, end_date=20221023T005759
[2022-10-23T00:57:59.896+0000] {local_task_job.py:164} INFO - Task exited with return code 0
[2022-10-23T00:57:59.963+0000] {local_task_job.py:273} INFO - 0 downstream tasks scheduled from follow-on schedule check
