[2022-10-24T16:41:50.900+0000] {taskinstance.py:1165} INFO - Dependencies all met for <TaskInstance: sales_datawarehouse.get_categorias manual__2022-10-23T22:02:59.941333+00:00 [queued]>
[2022-10-24T16:41:50.939+0000] {taskinstance.py:1165} INFO - Dependencies all met for <TaskInstance: sales_datawarehouse.get_categorias manual__2022-10-23T22:02:59.941333+00:00 [queued]>
[2022-10-24T16:41:50.940+0000] {taskinstance.py:1362} INFO - 
--------------------------------------------------------------------------------
[2022-10-24T16:41:50.941+0000] {taskinstance.py:1363} INFO - Starting attempt 2 of 3
[2022-10-24T16:41:50.941+0000] {taskinstance.py:1364} INFO - 
--------------------------------------------------------------------------------
[2022-10-24T16:41:51.030+0000] {taskinstance.py:1383} INFO - Executing <Task(PythonOperator): get_categorias> on 2022-10-23 22:02:59.941333+00:00
[2022-10-24T16:41:51.050+0000] {standard_task_runner.py:54} INFO - Started process 4633 to run task
[2022-10-24T16:41:51.057+0000] {standard_task_runner.py:82} INFO - Running: ['***', 'tasks', 'run', 'sales_datawarehouse', 'get_categorias', 'manual__2022-10-23T22:02:59.941333+00:00', '--job-id', '217', '--raw', '--subdir', 'DAGS_FOLDER/sales_dw.py', '--cfg-path', '/tmp/tmpziprrdju']
[2022-10-24T16:41:51.063+0000] {standard_task_runner.py:83} INFO - Job 217: Subtask get_categorias
[2022-10-24T16:41:51.071+0000] {dagbag.py:525} INFO - Filling up the DagBag from /opt/***/dags/sales_dw.py
[2022-10-24T16:42:07.033+0000] {task_command.py:384} INFO - Running <TaskInstance: sales_datawarehouse.get_categorias manual__2022-10-23T22:02:59.941333+00:00 [running]> on host 83cd0ab98720
[2022-10-24T16:42:07.924+0000] {taskinstance.py:1592} INFO - Exporting the following env vars:
AIRFLOW_CTX_DAG_OWNER=pedromenegat
AIRFLOW_CTX_DAG_ID=sales_datawarehouse
AIRFLOW_CTX_TASK_ID=get_categorias
AIRFLOW_CTX_EXECUTION_DATE=2022-10-23T22:02:59.941333+00:00
AIRFLOW_CTX_TRY_NUMBER=2
AIRFLOW_CTX_DAG_RUN_ID=manual__2022-10-23T22:02:59.941333+00:00
[2022-10-24T16:42:08.823+0000] {logging_mixin.py:117} INFO -    id   nome_categoria
0   1         Babywear
1   2      Womens wear
2   3  Womens Footwear
3   4        Sportwear
4   5     Mens Clothes
5   6     Bath Clothes
6   7    Mens Footwear
7   8   Childrens wear
[2022-10-24T16:42:08.824+0000] {logging_mixin.py:117} INFO - <class 'pandas.core.frame.DataFrame'>
[2022-10-24T16:42:08.825+0000] {python.py:177} INFO - Done. Returned value was: None
[2022-10-24T16:42:08.887+0000] {taskinstance.py:1406} INFO - Marking task as SUCCESS. dag_id=sales_datawarehouse, task_id=get_categorias, execution_date=20221023T220259, start_date=20221024T164150, end_date=20221024T164208
[2022-10-24T16:42:08.979+0000] {local_task_job.py:164} INFO - Task exited with return code 0
[2022-10-24T16:42:09.321+0000] {local_task_job.py:273} INFO - 0 downstream tasks scheduled from follow-on schedule check
