[2022-10-25T00:33:59.099+0000] {processor.py:156} INFO - Started process (PID=28402) to work on /opt/airflow/dags/sales_dw.py
[2022-10-25T00:33:59.148+0000] {processor.py:758} INFO - Processing file /opt/airflow/dags/sales_dw.py for tasks to queue
[2022-10-25T00:33:59.154+0000] {logging_mixin.py:117} INFO - [2022-10-25T00:33:59.153+0000] {dagbag.py:525} INFO - Filling up the DagBag from /opt/airflow/dags/sales_dw.py
[2022-10-25T00:34:05.733+0000] {processor.py:768} INFO - DAG(s) dict_keys(['sales_datawarehouse']) retrieved from /opt/airflow/dags/sales_dw.py
[2022-10-25T00:34:05.895+0000] {logging_mixin.py:117} INFO - [2022-10-25T00:34:05.894+0000] {dag.py:2573} INFO - Sync 1 DAGs
[2022-10-25T00:34:06.017+0000] {logging_mixin.py:117} INFO - [2022-10-25T00:34:06.017+0000] {dag.py:3328} INFO - Setting next_dagrun for sales_datawarehouse to 2022-10-25T00:00:00+00:00, run_after=2022-10-26T00:00:00+00:00
[2022-10-25T00:34:06.097+0000] {processor.py:178} INFO - Processing /opt/airflow/dags/sales_dw.py took 7.066 seconds
[2022-10-25T00:34:36.426+0000] {processor.py:156} INFO - Started process (PID=28444) to work on /opt/airflow/dags/sales_dw.py
[2022-10-25T00:34:36.427+0000] {processor.py:758} INFO - Processing file /opt/airflow/dags/sales_dw.py for tasks to queue
[2022-10-25T00:34:36.428+0000] {logging_mixin.py:117} INFO - [2022-10-25T00:34:36.428+0000] {dagbag.py:525} INFO - Filling up the DagBag from /opt/airflow/dags/sales_dw.py
[2022-10-25T00:34:36.929+0000] {processor.py:768} INFO - DAG(s) dict_keys(['sales_datawarehouse']) retrieved from /opt/airflow/dags/sales_dw.py
[2022-10-25T00:34:36.971+0000] {logging_mixin.py:117} INFO - [2022-10-25T00:34:36.971+0000] {dag.py:2573} INFO - Sync 1 DAGs
[2022-10-25T00:34:37.010+0000] {logging_mixin.py:117} INFO - [2022-10-25T00:34:37.010+0000] {dag.py:3328} INFO - Setting next_dagrun for sales_datawarehouse to 2022-10-25T00:00:00+00:00, run_after=2022-10-26T00:00:00+00:00
[2022-10-25T00:34:37.040+0000] {processor.py:178} INFO - Processing /opt/airflow/dags/sales_dw.py took 0.617 seconds
[2022-10-25T00:35:07.280+0000] {processor.py:156} INFO - Started process (PID=28489) to work on /opt/airflow/dags/sales_dw.py
[2022-10-25T00:35:07.281+0000] {processor.py:758} INFO - Processing file /opt/airflow/dags/sales_dw.py for tasks to queue
[2022-10-25T00:35:07.282+0000] {logging_mixin.py:117} INFO - [2022-10-25T00:35:07.282+0000] {dagbag.py:525} INFO - Filling up the DagBag from /opt/airflow/dags/sales_dw.py
[2022-10-25T00:35:08.018+0000] {processor.py:768} INFO - DAG(s) dict_keys(['sales_datawarehouse']) retrieved from /opt/airflow/dags/sales_dw.py
[2022-10-25T00:35:08.066+0000] {logging_mixin.py:117} INFO - [2022-10-25T00:35:08.065+0000] {dag.py:2573} INFO - Sync 1 DAGs
[2022-10-25T00:35:08.108+0000] {logging_mixin.py:117} INFO - [2022-10-25T00:35:08.108+0000] {dag.py:3328} INFO - Setting next_dagrun for sales_datawarehouse to 2022-10-25T00:00:00+00:00, run_after=2022-10-26T00:00:00+00:00
[2022-10-25T00:35:08.137+0000] {processor.py:178} INFO - Processing /opt/airflow/dags/sales_dw.py took 0.863 seconds
[2022-10-25T00:35:38.337+0000] {processor.py:156} INFO - Started process (PID=28513) to work on /opt/airflow/dags/sales_dw.py
[2022-10-25T00:35:38.338+0000] {processor.py:758} INFO - Processing file /opt/airflow/dags/sales_dw.py for tasks to queue
[2022-10-25T00:35:38.339+0000] {logging_mixin.py:117} INFO - [2022-10-25T00:35:38.339+0000] {dagbag.py:525} INFO - Filling up the DagBag from /opt/airflow/dags/sales_dw.py
[2022-10-25T00:35:38.787+0000] {processor.py:768} INFO - DAG(s) dict_keys(['sales_datawarehouse']) retrieved from /opt/airflow/dags/sales_dw.py
[2022-10-25T00:35:38.823+0000] {logging_mixin.py:117} INFO - [2022-10-25T00:35:38.822+0000] {dag.py:2573} INFO - Sync 1 DAGs
[2022-10-25T00:35:38.848+0000] {logging_mixin.py:117} INFO - [2022-10-25T00:35:38.848+0000] {dag.py:3328} INFO - Setting next_dagrun for sales_datawarehouse to 2022-10-25T00:00:00+00:00, run_after=2022-10-26T00:00:00+00:00
[2022-10-25T00:35:38.875+0000] {processor.py:178} INFO - Processing /opt/airflow/dags/sales_dw.py took 0.543 seconds
[2022-10-25T00:36:08.930+0000] {processor.py:156} INFO - Started process (PID=28546) to work on /opt/airflow/dags/sales_dw.py
[2022-10-25T00:36:08.931+0000] {processor.py:758} INFO - Processing file /opt/airflow/dags/sales_dw.py for tasks to queue
[2022-10-25T00:36:08.932+0000] {logging_mixin.py:117} INFO - [2022-10-25T00:36:08.932+0000] {dagbag.py:525} INFO - Filling up the DagBag from /opt/airflow/dags/sales_dw.py
[2022-10-25T00:36:09.377+0000] {processor.py:768} INFO - DAG(s) dict_keys(['sales_datawarehouse']) retrieved from /opt/airflow/dags/sales_dw.py
[2022-10-25T00:36:09.473+0000] {logging_mixin.py:117} INFO - [2022-10-25T00:36:09.473+0000] {dag.py:2573} INFO - Sync 1 DAGs
[2022-10-25T00:36:09.509+0000] {logging_mixin.py:117} INFO - [2022-10-25T00:36:09.506+0000] {dag.py:3328} INFO - Setting next_dagrun for sales_datawarehouse to 2022-10-25T00:00:00+00:00, run_after=2022-10-26T00:00:00+00:00
[2022-10-25T00:36:09.538+0000] {processor.py:178} INFO - Processing /opt/airflow/dags/sales_dw.py took 0.612 seconds
