[2022-10-24T22:50:23.672+0000] {taskinstance.py:1165} INFO - Dependencies all met for <TaskInstance: sales_datawarehouse.insert_categorias manual__2022-10-24T22:44:48.298392+00:00 [queued]>
[2022-10-24T22:50:23.691+0000] {taskinstance.py:1165} INFO - Dependencies all met for <TaskInstance: sales_datawarehouse.insert_categorias manual__2022-10-24T22:44:48.298392+00:00 [queued]>
[2022-10-24T22:50:23.692+0000] {taskinstance.py:1362} INFO - 
--------------------------------------------------------------------------------
[2022-10-24T22:50:23.693+0000] {taskinstance.py:1363} INFO - Starting attempt 2 of 3
[2022-10-24T22:50:23.693+0000] {taskinstance.py:1364} INFO - 
--------------------------------------------------------------------------------
[2022-10-24T22:50:23.721+0000] {taskinstance.py:1383} INFO - Executing <Task(PythonOperator): insert_categorias> on 2022-10-24 22:44:48.298392+00:00
[2022-10-24T22:50:23.727+0000] {standard_task_runner.py:54} INFO - Started process 26710 to run task
[2022-10-24T22:50:23.732+0000] {standard_task_runner.py:82} INFO - Running: ['***', 'tasks', 'run', 'sales_datawarehouse', 'insert_categorias', 'manual__2022-10-24T22:44:48.298392+00:00', '--job-id', '529', '--raw', '--subdir', 'DAGS_FOLDER/sales_dw.py', '--cfg-path', '/tmp/tmpg57irg9o']
[2022-10-24T22:50:23.736+0000] {standard_task_runner.py:83} INFO - Job 529: Subtask insert_categorias
[2022-10-24T22:50:23.737+0000] {dagbag.py:525} INFO - Filling up the DagBag from /opt/***/dags/sales_dw.py
[2022-10-24T22:50:24.551+0000] {task_command.py:384} INFO - Running <TaskInstance: sales_datawarehouse.insert_categorias manual__2022-10-24T22:44:48.298392+00:00 [running]> on host 83cd0ab98720
[2022-10-24T22:50:24.652+0000] {taskinstance.py:1592} INFO - Exporting the following env vars:
AIRFLOW_CTX_DAG_OWNER=pedromenegat
AIRFLOW_CTX_DAG_ID=sales_datawarehouse
AIRFLOW_CTX_TASK_ID=insert_categorias
AIRFLOW_CTX_EXECUTION_DATE=2022-10-24T22:44:48.298392+00:00
AIRFLOW_CTX_TRY_NUMBER=2
AIRFLOW_CTX_DAG_RUN_ID=manual__2022-10-24T22:44:48.298392+00:00
[2022-10-24T22:50:24.785+0000] {python.py:177} INFO - Done. Returned value was: None
[2022-10-24T22:50:24.804+0000] {taskinstance.py:1406} INFO - Marking task as SUCCESS. dag_id=sales_datawarehouse, task_id=insert_categorias, execution_date=20221024T224448, start_date=20221024T225023, end_date=20221024T225024
[2022-10-24T22:50:24.870+0000] {local_task_job.py:164} INFO - Task exited with return code 0
[2022-10-24T22:50:24.901+0000] {local_task_job.py:273} INFO - 1 downstream tasks scheduled from follow-on schedule check
