[2022-10-24T22:23:00.790+0000] {taskinstance.py:1165} INFO - Dependencies all met for <TaskInstance: sales_datawarehouse.insert_funcionarios manual__2022-10-24T22:20:23.894558+00:00 [queued]>
[2022-10-24T22:23:00.814+0000] {taskinstance.py:1165} INFO - Dependencies all met for <TaskInstance: sales_datawarehouse.insert_funcionarios manual__2022-10-24T22:20:23.894558+00:00 [queued]>
[2022-10-24T22:23:00.815+0000] {taskinstance.py:1362} INFO - 
--------------------------------------------------------------------------------
[2022-10-24T22:23:00.815+0000] {taskinstance.py:1363} INFO - Starting attempt 1 of 2
[2022-10-24T22:23:00.816+0000] {taskinstance.py:1364} INFO - 
--------------------------------------------------------------------------------
[2022-10-24T22:23:00.837+0000] {taskinstance.py:1383} INFO - Executing <Task(PythonOperator): insert_funcionarios> on 2022-10-24 22:20:23.894558+00:00
[2022-10-24T22:23:00.842+0000] {standard_task_runner.py:54} INFO - Started process 24903 to run task
[2022-10-24T22:23:00.847+0000] {standard_task_runner.py:82} INFO - Running: ['***', 'tasks', 'run', 'sales_datawarehouse', 'insert_funcionarios', 'manual__2022-10-24T22:20:23.894558+00:00', '--job-id', '462', '--raw', '--subdir', 'DAGS_FOLDER/sales_dw.py', '--cfg-path', '/tmp/tmpgx3mdo8d']
[2022-10-24T22:23:00.850+0000] {standard_task_runner.py:83} INFO - Job 462: Subtask insert_funcionarios
[2022-10-24T22:23:00.852+0000] {dagbag.py:525} INFO - Filling up the DagBag from /opt/***/dags/sales_dw.py
[2022-10-24T22:23:01.496+0000] {task_command.py:384} INFO - Running <TaskInstance: sales_datawarehouse.insert_funcionarios manual__2022-10-24T22:20:23.894558+00:00 [running]> on host 83cd0ab98720
[2022-10-24T22:23:01.579+0000] {taskinstance.py:1592} INFO - Exporting the following env vars:
AIRFLOW_CTX_DAG_OWNER=pedromenegat
AIRFLOW_CTX_DAG_ID=sales_datawarehouse
AIRFLOW_CTX_TASK_ID=insert_funcionarios
AIRFLOW_CTX_EXECUTION_DATE=2022-10-24T22:20:23.894558+00:00
AIRFLOW_CTX_TRY_NUMBER=1
AIRFLOW_CTX_DAG_RUN_ID=manual__2022-10-24T22:20:23.894558+00:00
[2022-10-24T22:23:01.718+0000] {python.py:177} INFO - Done. Returned value was: None
[2022-10-24T22:23:01.732+0000] {taskinstance.py:1406} INFO - Marking task as SUCCESS. dag_id=sales_datawarehouse, task_id=insert_funcionarios, execution_date=20221024T222023, start_date=20221024T222300, end_date=20221024T222301
[2022-10-24T22:23:01.782+0000] {local_task_job.py:164} INFO - Task exited with return code 0
[2022-10-24T22:23:01.820+0000] {local_task_job.py:273} INFO - 1 downstream tasks scheduled from follow-on schedule check
