[2022-10-26T00:52:09.530+0000] {taskinstance.py:1165} INFO - Dependencies all met for <TaskInstance: sales_datawarehouse.insert_dim_categorias manual__2022-10-26T00:49:05.987248+00:00 [queued]>
[2022-10-26T00:52:09.545+0000] {taskinstance.py:1165} INFO - Dependencies all met for <TaskInstance: sales_datawarehouse.insert_dim_categorias manual__2022-10-26T00:49:05.987248+00:00 [queued]>
[2022-10-26T00:52:09.546+0000] {taskinstance.py:1362} INFO - 
--------------------------------------------------------------------------------
[2022-10-26T00:52:09.547+0000] {taskinstance.py:1363} INFO - Starting attempt 1 of 2
[2022-10-26T00:52:09.547+0000] {taskinstance.py:1364} INFO - 
--------------------------------------------------------------------------------
[2022-10-26T00:52:09.569+0000] {taskinstance.py:1383} INFO - Executing <Task(PythonOperator): insert_dim_categorias> on 2022-10-26 00:49:05.987248+00:00
[2022-10-26T00:52:09.576+0000] {standard_task_runner.py:54} INFO - Started process 4594 to run task
[2022-10-26T00:52:09.580+0000] {standard_task_runner.py:82} INFO - Running: ['***', 'tasks', 'run', 'sales_datawarehouse', 'insert_dim_categorias', 'manual__2022-10-26T00:49:05.987248+00:00', '--job-id', '676', '--raw', '--subdir', 'DAGS_FOLDER/sales_dw.py', '--cfg-path', '/tmp/tmpb3s28eui']
[2022-10-26T00:52:09.582+0000] {standard_task_runner.py:83} INFO - Job 676: Subtask insert_dim_categorias
[2022-10-26T00:52:09.584+0000] {dagbag.py:525} INFO - Filling up the DagBag from /opt/***/dags/sales_dw.py
[2022-10-26T00:52:10.483+0000] {task_command.py:384} INFO - Running <TaskInstance: sales_datawarehouse.insert_dim_categorias manual__2022-10-26T00:49:05.987248+00:00 [running]> on host 83cd0ab98720
[2022-10-26T00:52:10.664+0000] {taskinstance.py:1592} INFO - Exporting the following env vars:
AIRFLOW_CTX_DAG_OWNER=pedromenegat
AIRFLOW_CTX_DAG_ID=sales_datawarehouse
AIRFLOW_CTX_TASK_ID=insert_dim_categorias
AIRFLOW_CTX_EXECUTION_DATE=2022-10-26T00:49:05.987248+00:00
AIRFLOW_CTX_TRY_NUMBER=1
AIRFLOW_CTX_DAG_RUN_ID=manual__2022-10-26T00:49:05.987248+00:00
[2022-10-26T00:52:10.839+0000] {python.py:177} INFO - Done. Returned value was: None
[2022-10-26T00:52:10.866+0000] {taskinstance.py:1406} INFO - Marking task as SUCCESS. dag_id=sales_datawarehouse, task_id=insert_dim_categorias, execution_date=20221026T004905, start_date=20221026T005209, end_date=20221026T005210
[2022-10-26T00:52:10.930+0000] {local_task_job.py:164} INFO - Task exited with return code 0
[2022-10-26T00:52:10.984+0000] {local_task_job.py:273} INFO - 1 downstream tasks scheduled from follow-on schedule check
