[2022-10-24T22:50:30.270+0000] {taskinstance.py:1165} INFO - Dependencies all met for <TaskInstance: sales_datawarehouse.insert_categorias manual__2022-10-24T22:49:48.115372+00:00 [queued]>
[2022-10-24T22:50:30.284+0000] {taskinstance.py:1165} INFO - Dependencies all met for <TaskInstance: sales_datawarehouse.insert_categorias manual__2022-10-24T22:49:48.115372+00:00 [queued]>
[2022-10-24T22:50:30.285+0000] {taskinstance.py:1362} INFO - 
--------------------------------------------------------------------------------
[2022-10-24T22:50:30.286+0000] {taskinstance.py:1363} INFO - Starting attempt 1 of 2
[2022-10-24T22:50:30.286+0000] {taskinstance.py:1364} INFO - 
--------------------------------------------------------------------------------
[2022-10-24T22:50:30.303+0000] {taskinstance.py:1383} INFO - Executing <Task(PythonOperator): insert_categorias> on 2022-10-24 22:49:48.115372+00:00
[2022-10-24T22:50:30.308+0000] {standard_task_runner.py:54} INFO - Started process 26722 to run task
[2022-10-24T22:50:30.312+0000] {standard_task_runner.py:82} INFO - Running: ['***', 'tasks', 'run', 'sales_datawarehouse', 'insert_categorias', 'manual__2022-10-24T22:49:48.115372+00:00', '--job-id', '533', '--raw', '--subdir', 'DAGS_FOLDER/sales_dw.py', '--cfg-path', '/tmp/tmp4qm1rr5d']
[2022-10-24T22:50:30.314+0000] {standard_task_runner.py:83} INFO - Job 533: Subtask insert_categorias
[2022-10-24T22:50:30.315+0000] {dagbag.py:525} INFO - Filling up the DagBag from /opt/***/dags/sales_dw.py
[2022-10-24T22:50:30.943+0000] {task_command.py:384} INFO - Running <TaskInstance: sales_datawarehouse.insert_categorias manual__2022-10-24T22:49:48.115372+00:00 [running]> on host 83cd0ab98720
[2022-10-24T22:50:31.125+0000] {taskinstance.py:1592} INFO - Exporting the following env vars:
AIRFLOW_CTX_DAG_OWNER=pedromenegat
AIRFLOW_CTX_DAG_ID=sales_datawarehouse
AIRFLOW_CTX_TASK_ID=insert_categorias
AIRFLOW_CTX_EXECUTION_DATE=2022-10-24T22:49:48.115372+00:00
AIRFLOW_CTX_TRY_NUMBER=1
AIRFLOW_CTX_DAG_RUN_ID=manual__2022-10-24T22:49:48.115372+00:00
[2022-10-24T22:50:31.367+0000] {python.py:177} INFO - Done. Returned value was: None
[2022-10-24T22:50:31.381+0000] {taskinstance.py:1406} INFO - Marking task as SUCCESS. dag_id=sales_datawarehouse, task_id=insert_categorias, execution_date=20221024T224948, start_date=20221024T225030, end_date=20221024T225031
[2022-10-24T22:50:31.410+0000] {local_task_job.py:164} INFO - Task exited with return code 0
[2022-10-24T22:50:31.440+0000] {local_task_job.py:273} INFO - 1 downstream tasks scheduled from follow-on schedule check
