[2022-10-23T18:06:02.403+0000] {taskinstance.py:1165} INFO - Dependencies all met for <TaskInstance: sales_datawarehouse.get_vendas manual__2022-10-23T17:47:28.250179+00:00 [queued]>
[2022-10-23T18:06:02.425+0000] {taskinstance.py:1165} INFO - Dependencies all met for <TaskInstance: sales_datawarehouse.get_vendas manual__2022-10-23T17:47:28.250179+00:00 [queued]>
[2022-10-23T18:06:02.426+0000] {taskinstance.py:1362} INFO - 
--------------------------------------------------------------------------------
[2022-10-23T18:06:02.427+0000] {taskinstance.py:1363} INFO - Starting attempt 3 of 4
[2022-10-23T18:06:02.427+0000] {taskinstance.py:1364} INFO - 
--------------------------------------------------------------------------------
[2022-10-23T18:06:02.455+0000] {taskinstance.py:1383} INFO - Executing <Task(PythonOperator): get_vendas> on 2022-10-23 17:47:28.250179+00:00
[2022-10-23T18:06:02.466+0000] {standard_task_runner.py:54} INFO - Started process 7021 to run task
[2022-10-23T18:06:02.470+0000] {standard_task_runner.py:82} INFO - Running: ['***', 'tasks', 'run', 'sales_datawarehouse', 'get_vendas', 'manual__2022-10-23T17:47:28.250179+00:00', '--job-id', '62', '--raw', '--subdir', 'DAGS_FOLDER/sales_dw.py', '--cfg-path', '/tmp/tmp8fxp83pb']
[2022-10-23T18:06:02.471+0000] {standard_task_runner.py:83} INFO - Job 62: Subtask get_vendas
[2022-10-23T18:06:02.473+0000] {dagbag.py:525} INFO - Filling up the DagBag from /opt/***/dags/sales_dw.py
[2022-10-23T18:06:04.787+0000] {task_command.py:384} INFO - Running <TaskInstance: sales_datawarehouse.get_vendas manual__2022-10-23T17:47:28.250179+00:00 [running]> on host 499050b57294
[2022-10-23T18:06:04.902+0000] {taskinstance.py:1592} INFO - Exporting the following env vars:
AIRFLOW_CTX_DAG_OWNER=pedromenegat
AIRFLOW_CTX_DAG_ID=sales_datawarehouse
AIRFLOW_CTX_TASK_ID=get_vendas
AIRFLOW_CTX_EXECUTION_DATE=2022-10-23T17:47:28.250179+00:00
AIRFLOW_CTX_TRY_NUMBER=3
AIRFLOW_CTX_DAG_RUN_ID=manual__2022-10-23T17:47:28.250179+00:00
[2022-10-23T18:06:04.919+0000] {base.py:71} INFO - Using connection ID 'banco_vendas' for task execution.
[2022-10-23T18:06:07.011+0000] {taskinstance.py:1851} ERROR - Task failed with exception
Traceback (most recent call last):
  File "/home/airflow/.local/lib/python3.7/site-packages/airflow/operators/python.py", line 175, in execute
    return_value = self.execute_callable()
  File "/home/airflow/.local/lib/python3.7/site-packages/airflow/operators/python.py", line 193, in execute_callable
    return self.python_callable(*self.op_args, **self.op_kwargs)
  File "/opt/airflow/dags/sales_dw.py", line 23, in get_vendas
    ids_funcionarios = json.dumps(df_vendas.id_funcionario.unique())
  File "/usr/local/lib/python3.7/json/__init__.py", line 231, in dumps
    return _default_encoder.encode(obj)
  File "/usr/local/lib/python3.7/json/encoder.py", line 199, in encode
    chunks = self.iterencode(o, _one_shot=True)
  File "/usr/local/lib/python3.7/json/encoder.py", line 257, in iterencode
    return _iterencode(o, 0)
  File "/usr/local/lib/python3.7/json/encoder.py", line 179, in default
    raise TypeError(f'Object of type {o.__class__.__name__} '
TypeError: Object of type ndarray is not JSON serializable
[2022-10-23T18:06:07.031+0000] {taskinstance.py:1406} INFO - Marking task as UP_FOR_RETRY. dag_id=sales_datawarehouse, task_id=get_vendas, execution_date=20221023T174728, start_date=20221023T180602, end_date=20221023T180607
[2022-10-23T18:06:07.054+0000] {standard_task_runner.py:107} ERROR - Failed to execute job 62 for task get_vendas (Object of type ndarray is not JSON serializable; 7021)
[2022-10-23T18:06:07.104+0000] {local_task_job.py:164} INFO - Task exited with return code 1
[2022-10-23T18:06:07.144+0000] {local_task_job.py:273} INFO - 0 downstream tasks scheduled from follow-on schedule check
