[2022-10-24T20:38:51.662+0000] {taskinstance.py:1165} INFO - Dependencies all met for <TaskInstance: sales_datawarehouse.get_vendas manual__2022-10-24T20:30:44.189595+00:00 [queued]>
[2022-10-24T20:38:51.677+0000] {taskinstance.py:1165} INFO - Dependencies all met for <TaskInstance: sales_datawarehouse.get_vendas manual__2022-10-24T20:30:44.189595+00:00 [queued]>
[2022-10-24T20:38:51.678+0000] {taskinstance.py:1362} INFO - 
--------------------------------------------------------------------------------
[2022-10-24T20:38:51.679+0000] {taskinstance.py:1363} INFO - Starting attempt 2 of 3
[2022-10-24T20:38:51.679+0000] {taskinstance.py:1364} INFO - 
--------------------------------------------------------------------------------
[2022-10-24T20:38:51.702+0000] {taskinstance.py:1383} INFO - Executing <Task(PythonOperator): get_vendas> on 2022-10-24 20:30:44.189595+00:00
[2022-10-24T20:38:51.713+0000] {standard_task_runner.py:54} INFO - Started process 18373 to run task
[2022-10-24T20:38:51.717+0000] {standard_task_runner.py:82} INFO - Running: ['***', 'tasks', 'run', 'sales_datawarehouse', 'get_vendas', 'manual__2022-10-24T20:30:44.189595+00:00', '--job-id', '312', '--raw', '--subdir', 'DAGS_FOLDER/sales_dw.py', '--cfg-path', '/tmp/tmpg9a0e1vs']
[2022-10-24T20:38:51.719+0000] {standard_task_runner.py:83} INFO - Job 312: Subtask get_vendas
[2022-10-24T20:38:51.720+0000] {dagbag.py:525} INFO - Filling up the DagBag from /opt/***/dags/sales_dw.py
[2022-10-24T20:38:52.550+0000] {task_command.py:384} INFO - Running <TaskInstance: sales_datawarehouse.get_vendas manual__2022-10-24T20:30:44.189595+00:00 [running]> on host 83cd0ab98720
[2022-10-24T20:38:52.670+0000] {taskinstance.py:1592} INFO - Exporting the following env vars:
AIRFLOW_CTX_DAG_OWNER=pedromenegat
AIRFLOW_CTX_DAG_ID=sales_datawarehouse
AIRFLOW_CTX_TASK_ID=get_vendas
AIRFLOW_CTX_EXECUTION_DATE=2022-10-24T20:30:44.189595+00:00
AIRFLOW_CTX_TRY_NUMBER=2
AIRFLOW_CTX_DAG_RUN_ID=manual__2022-10-24T20:30:44.189595+00:00
[2022-10-24T20:38:52.684+0000] {base.py:71} INFO - Using connection ID 'banco_vendas' for task execution.
[2022-10-24T20:38:54.743+0000] {python.py:177} INFO - Done. Returned value was: None
[2022-10-24T20:38:54.761+0000] {taskinstance.py:1406} INFO - Marking task as SUCCESS. dag_id=sales_datawarehouse, task_id=get_vendas, execution_date=20221024T203044, start_date=20221024T203851, end_date=20221024T203854
[2022-10-24T20:38:54.821+0000] {local_task_job.py:164} INFO - Task exited with return code 0
[2022-10-24T20:38:54.864+0000] {local_task_job.py:273} INFO - 2 downstream tasks scheduled from follow-on schedule check
