[2022-10-23T18:34:46.658+0000] {taskinstance.py:1165} INFO - Dependencies all met for <TaskInstance: sales_datawarehouse.get_funcionarios manual__2022-10-23T18:34:39.831039+00:00 [queued]>
[2022-10-23T18:34:46.673+0000] {taskinstance.py:1165} INFO - Dependencies all met for <TaskInstance: sales_datawarehouse.get_funcionarios manual__2022-10-23T18:34:39.831039+00:00 [queued]>
[2022-10-23T18:34:46.674+0000] {taskinstance.py:1362} INFO - 
--------------------------------------------------------------------------------
[2022-10-23T18:34:46.674+0000] {taskinstance.py:1363} INFO - Starting attempt 1 of 2
[2022-10-23T18:34:46.675+0000] {taskinstance.py:1364} INFO - 
--------------------------------------------------------------------------------
[2022-10-23T18:34:46.695+0000] {taskinstance.py:1383} INFO - Executing <Task(PythonOperator): get_funcionarios> on 2022-10-23 18:34:39.831039+00:00
[2022-10-23T18:34:46.699+0000] {standard_task_runner.py:54} INFO - Started process 8811 to run task
[2022-10-23T18:34:46.702+0000] {standard_task_runner.py:82} INFO - Running: ['***', 'tasks', 'run', 'sales_datawarehouse', 'get_funcionarios', 'manual__2022-10-23T18:34:39.831039+00:00', '--job-id', '98', '--raw', '--subdir', 'DAGS_FOLDER/sales_dw.py', '--cfg-path', '/tmp/tmpmgaoa66i']
[2022-10-23T18:34:46.704+0000] {standard_task_runner.py:83} INFO - Job 98: Subtask get_funcionarios
[2022-10-23T18:34:46.705+0000] {dagbag.py:525} INFO - Filling up the DagBag from /opt/***/dags/sales_dw.py
[2022-10-23T18:34:47.249+0000] {task_command.py:384} INFO - Running <TaskInstance: sales_datawarehouse.get_funcionarios manual__2022-10-23T18:34:39.831039+00:00 [running]> on host 499050b57294
[2022-10-23T18:34:47.331+0000] {taskinstance.py:1592} INFO - Exporting the following env vars:
AIRFLOW_CTX_DAG_OWNER=pedromenegat
AIRFLOW_CTX_DAG_ID=sales_datawarehouse
AIRFLOW_CTX_TASK_ID=get_funcionarios
AIRFLOW_CTX_EXECUTION_DATE=2022-10-23T18:34:39.831039+00:00
AIRFLOW_CTX_TRY_NUMBER=1
AIRFLOW_CTX_DAG_RUN_ID=manual__2022-10-23T18:34:39.831039+00:00
[2022-10-23T18:34:47.343+0000] {logging_mixin.py:117} INFO - [
[2022-10-23T18:34:47.344+0000] {logging_mixin.py:117} INFO - [1, 5, 8, 4, 3, 2, 7, 6, 9]
[2022-10-23T18:34:47.344+0000] {logging_mixin.py:117} INFO - 1
[2022-10-23T18:34:47.345+0000] {logging_mixin.py:117} INFO - [1, 5, 8, 4, 3, 2, 7, 6, 9]
[2022-10-23T18:34:47.345+0000] {logging_mixin.py:117} INFO - ,
[2022-10-23T18:34:47.346+0000] {logging_mixin.py:117} INFO - [1, 5, 8, 4, 3, 2, 7, 6, 9]
[2022-10-23T18:34:47.346+0000] {logging_mixin.py:117} INFO -  
[2022-10-23T18:34:47.347+0000] {logging_mixin.py:117} INFO - [1, 5, 8, 4, 3, 2, 7, 6, 9]
[2022-10-23T18:34:47.347+0000] {logging_mixin.py:117} INFO - 5
[2022-10-23T18:34:47.348+0000] {logging_mixin.py:117} INFO - [1, 5, 8, 4, 3, 2, 7, 6, 9]
[2022-10-23T18:34:47.348+0000] {logging_mixin.py:117} INFO - ,
[2022-10-23T18:34:47.349+0000] {logging_mixin.py:117} INFO - [1, 5, 8, 4, 3, 2, 7, 6, 9]
[2022-10-23T18:34:47.349+0000] {logging_mixin.py:117} INFO -  
[2022-10-23T18:34:47.350+0000] {logging_mixin.py:117} INFO - [1, 5, 8, 4, 3, 2, 7, 6, 9]
[2022-10-23T18:34:47.350+0000] {logging_mixin.py:117} INFO - 8
[2022-10-23T18:34:47.350+0000] {logging_mixin.py:117} INFO - [1, 5, 8, 4, 3, 2, 7, 6, 9]
[2022-10-23T18:34:47.351+0000] {logging_mixin.py:117} INFO - ,
[2022-10-23T18:34:47.351+0000] {logging_mixin.py:117} INFO - [1, 5, 8, 4, 3, 2, 7, 6, 9]
[2022-10-23T18:34:47.352+0000] {logging_mixin.py:117} INFO -  
[2022-10-23T18:34:47.352+0000] {logging_mixin.py:117} INFO - [1, 5, 8, 4, 3, 2, 7, 6, 9]
[2022-10-23T18:34:47.353+0000] {logging_mixin.py:117} INFO - 4
[2022-10-23T18:34:47.353+0000] {logging_mixin.py:117} INFO - [1, 5, 8, 4, 3, 2, 7, 6, 9]
[2022-10-23T18:34:47.353+0000] {logging_mixin.py:117} INFO - ,
[2022-10-23T18:34:47.354+0000] {logging_mixin.py:117} INFO - [1, 5, 8, 4, 3, 2, 7, 6, 9]
[2022-10-23T18:34:47.354+0000] {logging_mixin.py:117} INFO -  
[2022-10-23T18:34:47.355+0000] {logging_mixin.py:117} INFO - [1, 5, 8, 4, 3, 2, 7, 6, 9]
[2022-10-23T18:34:47.355+0000] {logging_mixin.py:117} INFO - 3
[2022-10-23T18:34:47.355+0000] {logging_mixin.py:117} INFO - [1, 5, 8, 4, 3, 2, 7, 6, 9]
[2022-10-23T18:34:47.356+0000] {logging_mixin.py:117} INFO - ,
[2022-10-23T18:34:47.356+0000] {logging_mixin.py:117} INFO - [1, 5, 8, 4, 3, 2, 7, 6, 9]
[2022-10-23T18:34:47.356+0000] {logging_mixin.py:117} INFO -  
[2022-10-23T18:34:47.356+0000] {logging_mixin.py:117} INFO - [1, 5, 8, 4, 3, 2, 7, 6, 9]
[2022-10-23T18:34:47.357+0000] {logging_mixin.py:117} INFO - 2
[2022-10-23T18:34:47.357+0000] {logging_mixin.py:117} INFO - [1, 5, 8, 4, 3, 2, 7, 6, 9]
[2022-10-23T18:34:47.357+0000] {logging_mixin.py:117} INFO - ,
[2022-10-23T18:34:47.358+0000] {logging_mixin.py:117} INFO - [1, 5, 8, 4, 3, 2, 7, 6, 9]
[2022-10-23T18:34:47.358+0000] {logging_mixin.py:117} INFO -  
[2022-10-23T18:34:47.359+0000] {logging_mixin.py:117} INFO - [1, 5, 8, 4, 3, 2, 7, 6, 9]
[2022-10-23T18:34:47.359+0000] {logging_mixin.py:117} INFO - 7
[2022-10-23T18:34:47.360+0000] {logging_mixin.py:117} INFO - [1, 5, 8, 4, 3, 2, 7, 6, 9]
[2022-10-23T18:34:47.360+0000] {logging_mixin.py:117} INFO - ,
[2022-10-23T18:34:47.361+0000] {logging_mixin.py:117} INFO - [1, 5, 8, 4, 3, 2, 7, 6, 9]
[2022-10-23T18:34:47.361+0000] {logging_mixin.py:117} INFO -  
[2022-10-23T18:34:47.361+0000] {logging_mixin.py:117} INFO - [1, 5, 8, 4, 3, 2, 7, 6, 9]
[2022-10-23T18:34:47.362+0000] {logging_mixin.py:117} INFO - 6
[2022-10-23T18:34:47.362+0000] {logging_mixin.py:117} INFO - [1, 5, 8, 4, 3, 2, 7, 6, 9]
[2022-10-23T18:34:47.362+0000] {logging_mixin.py:117} INFO - ,
[2022-10-23T18:34:47.363+0000] {logging_mixin.py:117} INFO - [1, 5, 8, 4, 3, 2, 7, 6, 9]
[2022-10-23T18:34:47.363+0000] {logging_mixin.py:117} INFO -  
[2022-10-23T18:34:47.363+0000] {logging_mixin.py:117} INFO - [1, 5, 8, 4, 3, 2, 7, 6, 9]
[2022-10-23T18:34:47.364+0000] {logging_mixin.py:117} INFO - 9
[2022-10-23T18:34:47.364+0000] {logging_mixin.py:117} INFO - [1, 5, 8, 4, 3, 2, 7, 6, 9]
[2022-10-23T18:34:47.364+0000] {logging_mixin.py:117} INFO - ]
[2022-10-23T18:34:47.365+0000] {logging_mixin.py:117} INFO - [1, 5, 8, 4, 3, 2, 7, 6, 9]
[2022-10-23T18:34:47.365+0000] {python.py:177} INFO - Done. Returned value was: None
[2022-10-23T18:34:47.375+0000] {taskinstance.py:1406} INFO - Marking task as SUCCESS. dag_id=sales_datawarehouse, task_id=get_funcionarios, execution_date=20221023T183439, start_date=20221023T183446, end_date=20221023T183447
[2022-10-23T18:34:47.397+0000] {local_task_job.py:164} INFO - Task exited with return code 0
[2022-10-23T18:34:47.417+0000] {local_task_job.py:273} INFO - 0 downstream tasks scheduled from follow-on schedule check
