[2022-10-23T22:03:06.940+0000] {taskinstance.py:1165} INFO - Dependencies all met for <TaskInstance: sales_datawarehouse.get_categorias manual__2022-10-23T21:26:22.901909+00:00 [queued]>
[2022-10-23T22:03:06.981+0000] {taskinstance.py:1165} INFO - Dependencies all met for <TaskInstance: sales_datawarehouse.get_categorias manual__2022-10-23T21:26:22.901909+00:00 [queued]>
[2022-10-23T22:03:06.988+0000] {taskinstance.py:1362} INFO - 
--------------------------------------------------------------------------------
[2022-10-23T22:03:06.989+0000] {taskinstance.py:1363} INFO - Starting attempt 7 of 8
[2022-10-23T22:03:06.990+0000] {taskinstance.py:1364} INFO - 
--------------------------------------------------------------------------------
[2022-10-23T22:03:07.065+0000] {taskinstance.py:1383} INFO - Executing <Task(PythonOperator): get_categorias> on 2022-10-23 21:26:22.901909+00:00
[2022-10-23T22:03:07.081+0000] {standard_task_runner.py:54} INFO - Started process 3532 to run task
[2022-10-23T22:03:07.089+0000] {standard_task_runner.py:82} INFO - Running: ['***', 'tasks', 'run', 'sales_datawarehouse', 'get_categorias', 'manual__2022-10-23T21:26:22.901909+00:00', '--job-id', '205', '--raw', '--subdir', 'DAGS_FOLDER/sales_dw.py', '--cfg-path', '/tmp/tmptdqkcz9c']
[2022-10-23T22:03:07.095+0000] {standard_task_runner.py:83} INFO - Job 205: Subtask get_categorias
[2022-10-23T22:03:07.102+0000] {dagbag.py:525} INFO - Filling up the DagBag from /opt/***/dags/sales_dw.py
[2022-10-23T22:03:08.634+0000] {task_command.py:384} INFO - Running <TaskInstance: sales_datawarehouse.get_categorias manual__2022-10-23T21:26:22.901909+00:00 [running]> on host 83cd0ab98720
[2022-10-23T22:03:08.846+0000] {taskinstance.py:1592} INFO - Exporting the following env vars:
AIRFLOW_CTX_DAG_OWNER=pedromenegat
AIRFLOW_CTX_DAG_ID=sales_datawarehouse
AIRFLOW_CTX_TASK_ID=get_categorias
AIRFLOW_CTX_EXECUTION_DATE=2022-10-23T21:26:22.901909+00:00
AIRFLOW_CTX_TRY_NUMBER=7
AIRFLOW_CTX_DAG_RUN_ID=manual__2022-10-23T21:26:22.901909+00:00
[2022-10-23T22:03:09.577+0000] {logging_mixin.py:117} INFO -    id   nome_categoria
0   1         Babywear
1   2      Womens wear
2   3  Womens Footwear
3   4        Sportwear
4   5     Mens Clothes
5   6     Bath Clothes
6   7    Mens Footwear
7   8   Childrens wear
[2022-10-23T22:03:09.585+0000] {logging_mixin.py:117} INFO - <class 'pandas.core.frame.DataFrame'>
[2022-10-23T22:03:09.593+0000] {python.py:177} INFO - Done. Returned value was: None
[2022-10-23T22:03:09.641+0000] {taskinstance.py:1406} INFO - Marking task as SUCCESS. dag_id=sales_datawarehouse, task_id=get_categorias, execution_date=20221023T212622, start_date=20221023T220306, end_date=20221023T220309
[2022-10-23T22:03:09.812+0000] {local_task_job.py:164} INFO - Task exited with return code 0
[2022-10-23T22:03:09.898+0000] {local_task_job.py:273} INFO - 0 downstream tasks scheduled from follow-on schedule check
