[2022-10-23T21:13:41.193+0000] {taskinstance.py:1165} INFO - Dependencies all met for <TaskInstance: sales_datawarehouse.get_funcionarios manual__2022-10-23T21:13:29.385498+00:00 [queued]>
[2022-10-23T21:13:41.219+0000] {taskinstance.py:1165} INFO - Dependencies all met for <TaskInstance: sales_datawarehouse.get_funcionarios manual__2022-10-23T21:13:29.385498+00:00 [queued]>
[2022-10-23T21:13:41.219+0000] {taskinstance.py:1362} INFO - 
--------------------------------------------------------------------------------
[2022-10-23T21:13:41.220+0000] {taskinstance.py:1363} INFO - Starting attempt 1 of 2
[2022-10-23T21:13:41.221+0000] {taskinstance.py:1364} INFO - 
--------------------------------------------------------------------------------
[2022-10-23T21:13:41.252+0000] {taskinstance.py:1383} INFO - Executing <Task(PythonOperator): get_funcionarios> on 2022-10-23 21:13:29.385498+00:00
[2022-10-23T21:13:41.257+0000] {standard_task_runner.py:54} INFO - Started process 647 to run task
[2022-10-23T21:13:41.262+0000] {standard_task_runner.py:82} INFO - Running: ['***', 'tasks', 'run', 'sales_datawarehouse', 'get_funcionarios', 'manual__2022-10-23T21:13:29.385498+00:00', '--job-id', '142', '--raw', '--subdir', 'DAGS_FOLDER/sales_dw.py', '--cfg-path', '/tmp/tmp00r0ow02']
[2022-10-23T21:13:41.266+0000] {standard_task_runner.py:83} INFO - Job 142: Subtask get_funcionarios
[2022-10-23T21:13:41.268+0000] {dagbag.py:525} INFO - Filling up the DagBag from /opt/***/dags/sales_dw.py
[2022-10-23T21:13:42.222+0000] {task_command.py:384} INFO - Running <TaskInstance: sales_datawarehouse.get_funcionarios manual__2022-10-23T21:13:29.385498+00:00 [running]> on host 83cd0ab98720
[2022-10-23T21:13:42.409+0000] {taskinstance.py:1592} INFO - Exporting the following env vars:
AIRFLOW_CTX_DAG_OWNER=pedromenegat
AIRFLOW_CTX_DAG_ID=sales_datawarehouse
AIRFLOW_CTX_TASK_ID=get_funcionarios
AIRFLOW_CTX_EXECUTION_DATE=2022-10-23T21:13:29.385498+00:00
AIRFLOW_CTX_TRY_NUMBER=1
AIRFLOW_CTX_DAG_RUN_ID=manual__2022-10-23T21:13:29.385498+00:00
[2022-10-23T21:14:04.810+0000] {python.py:177} INFO - Done. Returned value was: None
[2022-10-23T21:14:04.847+0000] {taskinstance.py:1406} INFO - Marking task as SUCCESS. dag_id=sales_datawarehouse, task_id=get_funcionarios, execution_date=20221023T211329, start_date=20221023T211341, end_date=20221023T211404
[2022-10-23T21:14:04.979+0000] {local_task_job.py:164} INFO - Task exited with return code 0
[2022-10-23T21:14:05.186+0000] {local_task_job.py:273} INFO - 0 downstream tasks scheduled from follow-on schedule check
