[2022-10-23T16:22:46.183+0000] {taskinstance.py:1165} INFO - Dependencies all met for <TaskInstance: sales_datawarehouse.query_vendas manual__2022-10-23T16:20:04.830422+00:00 [queued]>
[2022-10-23T16:22:46.196+0000] {taskinstance.py:1165} INFO - Dependencies all met for <TaskInstance: sales_datawarehouse.query_vendas manual__2022-10-23T16:20:04.830422+00:00 [queued]>
[2022-10-23T16:22:46.197+0000] {taskinstance.py:1362} INFO - 
--------------------------------------------------------------------------------
[2022-10-23T16:22:46.197+0000] {taskinstance.py:1363} INFO - Starting attempt 3 of 8
[2022-10-23T16:22:46.198+0000] {taskinstance.py:1364} INFO - 
--------------------------------------------------------------------------------
[2022-10-23T16:22:46.219+0000] {taskinstance.py:1383} INFO - Executing <Task(PostgresOperator): query_vendas> on 2022-10-23 16:20:04.830422+00:00
[2022-10-23T16:22:46.226+0000] {standard_task_runner.py:54} INFO - Started process 1012 to run task
[2022-10-23T16:22:46.231+0000] {standard_task_runner.py:82} INFO - Running: ['***', 'tasks', 'run', 'sales_datawarehouse', 'query_vendas', 'manual__2022-10-23T16:20:04.830422+00:00', '--job-id', '24', '--raw', '--subdir', 'DAGS_FOLDER/sales_dw.py', '--cfg-path', '/tmp/tmp9pgkknu7']
[2022-10-23T16:22:46.233+0000] {standard_task_runner.py:83} INFO - Job 24: Subtask query_vendas
[2022-10-23T16:22:46.234+0000] {dagbag.py:525} INFO - Filling up the DagBag from /opt/***/dags/sales_dw.py
[2022-10-23T16:22:46.809+0000] {task_command.py:384} INFO - Running <TaskInstance: sales_datawarehouse.query_vendas manual__2022-10-23T16:20:04.830422+00:00 [running]> on host 499050b57294
[2022-10-23T16:22:46.964+0000] {taskinstance.py:1592} INFO - Exporting the following env vars:
AIRFLOW_CTX_DAG_OWNER=pedromenegat
AIRFLOW_CTX_DAG_ID=sales_datawarehouse
AIRFLOW_CTX_TASK_ID=query_vendas
AIRFLOW_CTX_EXECUTION_DATE=2022-10-23T16:20:04.830422+00:00
AIRFLOW_CTX_TRY_NUMBER=3
AIRFLOW_CTX_DAG_RUN_ID=manual__2022-10-23T16:20:04.830422+00:00
[2022-10-23T16:22:46.980+0000] {base.py:71} INFO - Using connection ID 'banco_vendas' for task execution.
[2022-10-23T16:22:48.498+0000] {sql.py:315} INFO - Running statement: 
            SELECT * FROM venda LIMIT 10;
        , parameters: None
[2022-10-23T16:22:48.906+0000] {sql.py:324} INFO - Rows affected: 10
[2022-10-23T16:22:49.125+0000] {taskinstance.py:1406} INFO - Marking task as SUCCESS. dag_id=sales_datawarehouse, task_id=query_vendas, execution_date=20221023T162004, start_date=20221023T162246, end_date=20221023T162249
[2022-10-23T16:22:49.179+0000] {local_task_job.py:164} INFO - Task exited with return code 0
[2022-10-23T16:22:49.207+0000] {local_task_job.py:273} INFO - 0 downstream tasks scheduled from follow-on schedule check
