[2022-10-23T16:21:46.852+0000] {taskinstance.py:1165} INFO - Dependencies all met for <TaskInstance: sales_datawarehouse.query_vendas manual__2022-10-23T16:20:04.830422+00:00 [queued]>
[2022-10-23T16:21:46.865+0000] {taskinstance.py:1165} INFO - Dependencies all met for <TaskInstance: sales_datawarehouse.query_vendas manual__2022-10-23T16:20:04.830422+00:00 [queued]>
[2022-10-23T16:21:46.865+0000] {taskinstance.py:1362} INFO - 
--------------------------------------------------------------------------------
[2022-10-23T16:21:46.866+0000] {taskinstance.py:1363} INFO - Starting attempt 2 of 7
[2022-10-23T16:21:46.867+0000] {taskinstance.py:1364} INFO - 
--------------------------------------------------------------------------------
[2022-10-23T16:21:46.895+0000] {taskinstance.py:1383} INFO - Executing <Task(PostgresOperator): query_vendas> on 2022-10-23 16:20:04.830422+00:00
[2022-10-23T16:21:46.899+0000] {standard_task_runner.py:54} INFO - Started process 947 to run task
[2022-10-23T16:21:46.909+0000] {standard_task_runner.py:82} INFO - Running: ['***', 'tasks', 'run', 'sales_datawarehouse', 'query_vendas', 'manual__2022-10-23T16:20:04.830422+00:00', '--job-id', '19', '--raw', '--subdir', 'DAGS_FOLDER/sales_dw.py', '--cfg-path', '/tmp/tmp0o0r4h3a']
[2022-10-23T16:21:46.911+0000] {standard_task_runner.py:83} INFO - Job 19: Subtask query_vendas
[2022-10-23T16:21:46.912+0000] {dagbag.py:525} INFO - Filling up the DagBag from /opt/***/dags/sales_dw.py
[2022-10-23T16:21:47.304+0000] {task_command.py:384} INFO - Running <TaskInstance: sales_datawarehouse.query_vendas manual__2022-10-23T16:20:04.830422+00:00 [running]> on host 499050b57294
[2022-10-23T16:21:47.672+0000] {taskinstance.py:1592} INFO - Exporting the following env vars:
AIRFLOW_CTX_DAG_OWNER=pedromenegat
AIRFLOW_CTX_DAG_ID=sales_datawarehouse
AIRFLOW_CTX_TASK_ID=query_vendas
AIRFLOW_CTX_EXECUTION_DATE=2022-10-23T16:20:04.830422+00:00
AIRFLOW_CTX_TRY_NUMBER=2
AIRFLOW_CTX_DAG_RUN_ID=manual__2022-10-23T16:20:04.830422+00:00
[2022-10-23T16:21:47.707+0000] {base.py:71} INFO - Using connection ID 'banco_vendas' for task execution.
[2022-10-23T16:21:49.206+0000] {sql.py:315} INFO - Running statement: 
            SELECT * FROM venda LIMIT 10;
        , parameters: None
[2022-10-23T16:21:49.634+0000] {sql.py:324} INFO - Rows affected: 10
[2022-10-23T16:21:49.934+0000] {taskinstance.py:1406} INFO - Marking task as SUCCESS. dag_id=sales_datawarehouse, task_id=query_vendas, execution_date=20221023T162004, start_date=20221023T162146, end_date=20221023T162149
[2022-10-23T16:21:50.061+0000] {local_task_job.py:164} INFO - Task exited with return code 0
[2022-10-23T16:21:50.113+0000] {local_task_job.py:273} INFO - 0 downstream tasks scheduled from follow-on schedule check
