[2022-10-24T16:41:44.789+0000] {taskinstance.py:1165} INFO - Dependencies all met for <TaskInstance: sales_datawarehouse.create_tables manual__2022-10-24T16:41:40.584519+00:00 [queued]>
[2022-10-24T16:41:44.859+0000] {taskinstance.py:1165} INFO - Dependencies all met for <TaskInstance: sales_datawarehouse.create_tables manual__2022-10-24T16:41:40.584519+00:00 [queued]>
[2022-10-24T16:41:44.860+0000] {taskinstance.py:1362} INFO - 
--------------------------------------------------------------------------------
[2022-10-24T16:41:44.863+0000] {taskinstance.py:1363} INFO - Starting attempt 1 of 2
[2022-10-24T16:41:44.864+0000] {taskinstance.py:1364} INFO - 
--------------------------------------------------------------------------------
[2022-10-24T16:41:44.927+0000] {taskinstance.py:1383} INFO - Executing <Task(PostgresOperator): create_tables> on 2022-10-24 16:41:40.584519+00:00
[2022-10-24T16:41:44.943+0000] {standard_task_runner.py:54} INFO - Started process 4624 to run task
[2022-10-24T16:41:44.956+0000] {standard_task_runner.py:82} INFO - Running: ['***', 'tasks', 'run', 'sales_datawarehouse', 'create_tables', 'manual__2022-10-24T16:41:40.584519+00:00', '--job-id', '216', '--raw', '--subdir', 'DAGS_FOLDER/sales_dw.py', '--cfg-path', '/tmp/tmp5j33gt_d']
[2022-10-24T16:41:44.961+0000] {standard_task_runner.py:83} INFO - Job 216: Subtask create_tables
[2022-10-24T16:41:44.965+0000] {dagbag.py:525} INFO - Filling up the DagBag from /opt/***/dags/sales_dw.py
[2022-10-24T16:41:49.007+0000] {task_command.py:384} INFO - Running <TaskInstance: sales_datawarehouse.create_tables manual__2022-10-24T16:41:40.584519+00:00 [running]> on host 83cd0ab98720
[2022-10-24T16:41:49.180+0000] {taskinstance.py:1592} INFO - Exporting the following env vars:
AIRFLOW_CTX_DAG_OWNER=pedromenegat
AIRFLOW_CTX_DAG_ID=sales_datawarehouse
AIRFLOW_CTX_TASK_ID=create_tables
AIRFLOW_CTX_EXECUTION_DATE=2022-10-24T16:41:40.584519+00:00
AIRFLOW_CTX_TRY_NUMBER=1
AIRFLOW_CTX_DAG_RUN_ID=manual__2022-10-24T16:41:40.584519+00:00
[2022-10-24T16:41:49.194+0000] {base.py:71} INFO - Using connection ID '***_localhost' for task execution.
[2022-10-24T16:41:49.372+0000] {sql.py:315} INFO - Running statement: 
        CREATE TABLE IF NOT EXISTS vendas(
            id_venda INTEGER PRIMARY KEY NOT NULL,
            id_funcionario INTEGER NOT NULL,
            id_categoria INTEGER NOT NULL,
            data_venda DATE NOT NULL,
            venda NUMERIC(20,5) NOT NULL,
            FOREIGN KEY (id_funcionario) 
                REFERENCES funcionarios (id_funcionario)
                ON UPDATE CASCADE ON DELETE CASCADE,
            FOREIGN KEY (id_categoria) 
                REFERENCES categorias (id_categoria)
                ON UPDATE CASCADE ON DELETE CASCADE
		);
        CREATE TABLE IF NOT EXISTS funcionarios(		
            id_funcionario INTEGER PRIMARY KEY NOT NULL,
            nome_funcionario VARCHAR(30) NOT NULL
	    );
        CREATE TABLE IF NOT EXISTS categorias(		
            id_categoria INTEGER PRIMARY KEY NOT NULL,
            nome_categoria VARCHAR(30) NOT NULL
		);		
        , parameters: None
[2022-10-24T16:41:49.402+0000] {postgres.py:96} INFO - NOTICE:  relation "vendas" already exists, skipping

[2022-10-24T16:41:49.403+0000] {postgres.py:96} INFO - NOTICE:  relation "funcionarios" already exists, skipping

[2022-10-24T16:41:49.404+0000] {postgres.py:96} INFO - NOTICE:  relation "categorias" already exists, skipping

[2022-10-24T16:41:49.421+0000] {taskinstance.py:1406} INFO - Marking task as SUCCESS. dag_id=sales_datawarehouse, task_id=create_tables, execution_date=20221024T164140, start_date=20221024T164144, end_date=20221024T164149
[2022-10-24T16:41:49.472+0000] {local_task_job.py:164} INFO - Task exited with return code 0
[2022-10-24T16:41:49.510+0000] {local_task_job.py:273} INFO - 3 downstream tasks scheduled from follow-on schedule check
