[2022-10-26T00:31:23.333+0000] {taskinstance.py:1165} INFO - Dependencies all met for <TaskInstance: sales_datawarehouse.get_funcionarios manual__2022-10-24T22:44:48.298392+00:00 [queued]>
[2022-10-26T00:31:23.414+0000] {taskinstance.py:1165} INFO - Dependencies all met for <TaskInstance: sales_datawarehouse.get_funcionarios manual__2022-10-24T22:44:48.298392+00:00 [queued]>
[2022-10-26T00:31:23.415+0000] {taskinstance.py:1362} INFO - 
--------------------------------------------------------------------------------
[2022-10-26T00:31:23.416+0000] {taskinstance.py:1363} INFO - Starting attempt 4 of 5
[2022-10-26T00:31:23.418+0000] {taskinstance.py:1364} INFO - 
--------------------------------------------------------------------------------
[2022-10-26T00:31:23.467+0000] {taskinstance.py:1383} INFO - Executing <Task(PythonOperator): get_funcionarios> on 2022-10-24 22:44:48.298392+00:00
[2022-10-26T00:31:23.502+0000] {standard_task_runner.py:54} INFO - Started process 3127 to run task
[2022-10-26T00:31:23.520+0000] {standard_task_runner.py:82} INFO - Running: ['***', 'tasks', 'run', 'sales_datawarehouse', 'get_funcionarios', 'manual__2022-10-24T22:44:48.298392+00:00', '--job-id', '572', '--raw', '--subdir', 'DAGS_FOLDER/sales_dw.py', '--cfg-path', '/tmp/tmpqhy1r_zm']
[2022-10-26T00:31:23.523+0000] {standard_task_runner.py:83} INFO - Job 572: Subtask get_funcionarios
[2022-10-26T00:31:23.528+0000] {dagbag.py:525} INFO - Filling up the DagBag from /opt/***/dags/sales_dw.py
[2022-10-26T00:31:24.611+0000] {task_command.py:384} INFO - Running <TaskInstance: sales_datawarehouse.get_funcionarios manual__2022-10-24T22:44:48.298392+00:00 [running]> on host 83cd0ab98720
[2022-10-26T00:31:24.779+0000] {taskinstance.py:1592} INFO - Exporting the following env vars:
AIRFLOW_CTX_DAG_OWNER=pedromenegat
AIRFLOW_CTX_DAG_ID=sales_datawarehouse
AIRFLOW_CTX_TASK_ID=get_funcionarios
AIRFLOW_CTX_EXECUTION_DATE=2022-10-24T22:44:48.298392+00:00
AIRFLOW_CTX_TRY_NUMBER=4
AIRFLOW_CTX_DAG_RUN_ID=manual__2022-10-24T22:44:48.298392+00:00
[2022-10-26T00:31:49.989+0000] {python.py:177} INFO - Done. Returned value was: None
[2022-10-26T00:31:50.004+0000] {taskinstance.py:1406} INFO - Marking task as SUCCESS. dag_id=sales_datawarehouse, task_id=get_funcionarios, execution_date=20221024T224448, start_date=20221026T003123, end_date=20221026T003150
[2022-10-26T00:31:50.065+0000] {local_task_job.py:164} INFO - Task exited with return code 0
[2022-10-26T00:31:50.142+0000] {local_task_job.py:273} INFO - 1 downstream tasks scheduled from follow-on schedule check
