[2022-10-24T22:49:53.358+0000] {taskinstance.py:1165} INFO - Dependencies all met for <TaskInstance: sales_datawarehouse.get_funcionarios manual__2022-10-24T22:44:48.298392+00:00 [queued]>
[2022-10-24T22:49:53.383+0000] {taskinstance.py:1165} INFO - Dependencies all met for <TaskInstance: sales_datawarehouse.get_funcionarios manual__2022-10-24T22:44:48.298392+00:00 [queued]>
[2022-10-24T22:49:53.383+0000] {taskinstance.py:1362} INFO - 
--------------------------------------------------------------------------------
[2022-10-24T22:49:53.384+0000] {taskinstance.py:1363} INFO - Starting attempt 2 of 3
[2022-10-24T22:49:53.384+0000] {taskinstance.py:1364} INFO - 
--------------------------------------------------------------------------------
[2022-10-24T22:49:53.415+0000] {taskinstance.py:1383} INFO - Executing <Task(PythonOperator): get_funcionarios> on 2022-10-24 22:44:48.298392+00:00
[2022-10-24T22:49:53.428+0000] {standard_task_runner.py:54} INFO - Started process 26651 to run task
[2022-10-24T22:49:53.435+0000] {standard_task_runner.py:82} INFO - Running: ['***', 'tasks', 'run', 'sales_datawarehouse', 'get_funcionarios', 'manual__2022-10-24T22:44:48.298392+00:00', '--job-id', '523', '--raw', '--subdir', 'DAGS_FOLDER/sales_dw.py', '--cfg-path', '/tmp/tmpb1t9za_0']
[2022-10-24T22:49:53.439+0000] {standard_task_runner.py:83} INFO - Job 523: Subtask get_funcionarios
[2022-10-24T22:49:53.441+0000] {dagbag.py:525} INFO - Filling up the DagBag from /opt/***/dags/sales_dw.py
[2022-10-24T22:49:54.732+0000] {task_command.py:384} INFO - Running <TaskInstance: sales_datawarehouse.get_funcionarios manual__2022-10-24T22:44:48.298392+00:00 [running]> on host 83cd0ab98720
[2022-10-24T22:49:55.059+0000] {taskinstance.py:1592} INFO - Exporting the following env vars:
AIRFLOW_CTX_DAG_OWNER=pedromenegat
AIRFLOW_CTX_DAG_ID=sales_datawarehouse
AIRFLOW_CTX_TASK_ID=get_funcionarios
AIRFLOW_CTX_EXECUTION_DATE=2022-10-24T22:44:48.298392+00:00
AIRFLOW_CTX_TRY_NUMBER=2
AIRFLOW_CTX_DAG_RUN_ID=manual__2022-10-24T22:44:48.298392+00:00
[2022-10-24T22:50:17.987+0000] {python.py:177} INFO - Done. Returned value was: None
[2022-10-24T22:50:17.997+0000] {taskinstance.py:1406} INFO - Marking task as SUCCESS. dag_id=sales_datawarehouse, task_id=get_funcionarios, execution_date=20221024T224448, start_date=20221024T224953, end_date=20221024T225017
[2022-10-24T22:50:18.044+0000] {local_task_job.py:164} INFO - Task exited with return code 0
[2022-10-24T22:50:18.078+0000] {local_task_job.py:273} INFO - 1 downstream tasks scheduled from follow-on schedule check
