[2022-10-24T22:55:37.469+0000] {taskinstance.py:1165} INFO - Dependencies all met for <TaskInstance: sales_datawarehouse.get_categorias manual__2022-10-24T22:55:28.720046+00:00 [queued]>
[2022-10-24T22:55:37.513+0000] {taskinstance.py:1165} INFO - Dependencies all met for <TaskInstance: sales_datawarehouse.get_categorias manual__2022-10-24T22:55:28.720046+00:00 [queued]>
[2022-10-24T22:55:37.514+0000] {taskinstance.py:1362} INFO - 
--------------------------------------------------------------------------------
[2022-10-24T22:55:37.516+0000] {taskinstance.py:1363} INFO - Starting attempt 1 of 2
[2022-10-24T22:55:37.519+0000] {taskinstance.py:1364} INFO - 
--------------------------------------------------------------------------------
[2022-10-24T22:55:37.588+0000] {taskinstance.py:1383} INFO - Executing <Task(PythonOperator): get_categorias> on 2022-10-24 22:55:28.720046+00:00
[2022-10-24T22:55:37.614+0000] {standard_task_runner.py:54} INFO - Started process 27045 to run task
[2022-10-24T22:55:37.637+0000] {standard_task_runner.py:82} INFO - Running: ['***', 'tasks', 'run', 'sales_datawarehouse', 'get_categorias', 'manual__2022-10-24T22:55:28.720046+00:00', '--job-id', '543', '--raw', '--subdir', 'DAGS_FOLDER/sales_dw.py', '--cfg-path', '/tmp/tmp4592yakr']
[2022-10-24T22:55:37.653+0000] {standard_task_runner.py:83} INFO - Job 543: Subtask get_categorias
[2022-10-24T22:55:37.656+0000] {dagbag.py:525} INFO - Filling up the DagBag from /opt/***/dags/sales_dw.py
[2022-10-24T22:55:38.947+0000] {task_command.py:384} INFO - Running <TaskInstance: sales_datawarehouse.get_categorias manual__2022-10-24T22:55:28.720046+00:00 [running]> on host 83cd0ab98720
[2022-10-24T22:55:39.109+0000] {taskinstance.py:1592} INFO - Exporting the following env vars:
AIRFLOW_CTX_DAG_OWNER=pedromenegat
AIRFLOW_CTX_DAG_ID=sales_datawarehouse
AIRFLOW_CTX_TASK_ID=get_categorias
AIRFLOW_CTX_EXECUTION_DATE=2022-10-24T22:55:28.720046+00:00
AIRFLOW_CTX_TRY_NUMBER=1
AIRFLOW_CTX_DAG_RUN_ID=manual__2022-10-24T22:55:28.720046+00:00
[2022-10-24T22:55:39.396+0000] {python.py:177} INFO - Done. Returned value was: None
[2022-10-24T22:55:39.415+0000] {taskinstance.py:1406} INFO - Marking task as SUCCESS. dag_id=sales_datawarehouse, task_id=get_categorias, execution_date=20221024T225528, start_date=20221024T225537, end_date=20221024T225539
[2022-10-24T22:55:39.464+0000] {local_task_job.py:164} INFO - Task exited with return code 0
[2022-10-24T22:55:39.513+0000] {local_task_job.py:273} INFO - 0 downstream tasks scheduled from follow-on schedule check
