[2022-10-24T22:23:06.430+0000] {taskinstance.py:1165} INFO - Dependencies all met for <TaskInstance: sales_datawarehouse.insert_funcionarios manual__2022-10-24T22:22:32.961067+00:00 [queued]>
[2022-10-24T22:23:06.445+0000] {taskinstance.py:1165} INFO - Dependencies all met for <TaskInstance: sales_datawarehouse.insert_funcionarios manual__2022-10-24T22:22:32.961067+00:00 [queued]>
[2022-10-24T22:23:06.446+0000] {taskinstance.py:1362} INFO - 
--------------------------------------------------------------------------------
[2022-10-24T22:23:06.447+0000] {taskinstance.py:1363} INFO - Starting attempt 1 of 2
[2022-10-24T22:23:06.447+0000] {taskinstance.py:1364} INFO - 
--------------------------------------------------------------------------------
[2022-10-24T22:23:06.466+0000] {taskinstance.py:1383} INFO - Executing <Task(PythonOperator): insert_funcionarios> on 2022-10-24 22:22:32.961067+00:00
[2022-10-24T22:23:06.472+0000] {standard_task_runner.py:54} INFO - Started process 24912 to run task
[2022-10-24T22:23:06.476+0000] {standard_task_runner.py:82} INFO - Running: ['***', 'tasks', 'run', 'sales_datawarehouse', 'insert_funcionarios', 'manual__2022-10-24T22:22:32.961067+00:00', '--job-id', '465', '--raw', '--subdir', 'DAGS_FOLDER/sales_dw.py', '--cfg-path', '/tmp/tmpdqai7gel']
[2022-10-24T22:23:06.478+0000] {standard_task_runner.py:83} INFO - Job 465: Subtask insert_funcionarios
[2022-10-24T22:23:06.479+0000] {dagbag.py:525} INFO - Filling up the DagBag from /opt/***/dags/sales_dw.py
[2022-10-24T22:23:07.166+0000] {task_command.py:384} INFO - Running <TaskInstance: sales_datawarehouse.insert_funcionarios manual__2022-10-24T22:22:32.961067+00:00 [running]> on host 83cd0ab98720
[2022-10-24T22:23:07.319+0000] {taskinstance.py:1592} INFO - Exporting the following env vars:
AIRFLOW_CTX_DAG_OWNER=pedromenegat
AIRFLOW_CTX_DAG_ID=sales_datawarehouse
AIRFLOW_CTX_TASK_ID=insert_funcionarios
AIRFLOW_CTX_EXECUTION_DATE=2022-10-24T22:22:32.961067+00:00
AIRFLOW_CTX_TRY_NUMBER=1
AIRFLOW_CTX_DAG_RUN_ID=manual__2022-10-24T22:22:32.961067+00:00
[2022-10-24T22:23:07.478+0000] {python.py:177} INFO - Done. Returned value was: None
[2022-10-24T22:23:07.499+0000] {taskinstance.py:1406} INFO - Marking task as SUCCESS. dag_id=sales_datawarehouse, task_id=insert_funcionarios, execution_date=20221024T222232, start_date=20221024T222306, end_date=20221024T222307
[2022-10-24T22:23:07.572+0000] {local_task_job.py:164} INFO - Task exited with return code 0
[2022-10-24T22:23:07.626+0000] {local_task_job.py:273} INFO - 1 downstream tasks scheduled from follow-on schedule check
