[2022-10-24T16:41:50.935+0000] {taskinstance.py:1165} INFO - Dependencies all met for <TaskInstance: sales_datawarehouse.get_vendas manual__2022-10-23T22:02:59.941333+00:00 [queued]>
[2022-10-24T16:41:50.994+0000] {taskinstance.py:1165} INFO - Dependencies all met for <TaskInstance: sales_datawarehouse.get_vendas manual__2022-10-23T22:02:59.941333+00:00 [queued]>
[2022-10-24T16:41:50.999+0000] {taskinstance.py:1362} INFO - 
--------------------------------------------------------------------------------
[2022-10-24T16:41:51.001+0000] {taskinstance.py:1363} INFO - Starting attempt 2 of 3
[2022-10-24T16:41:51.003+0000] {taskinstance.py:1364} INFO - 
--------------------------------------------------------------------------------
[2022-10-24T16:41:51.076+0000] {taskinstance.py:1383} INFO - Executing <Task(PythonOperator): get_vendas> on 2022-10-23 22:02:59.941333+00:00
[2022-10-24T16:41:51.105+0000] {standard_task_runner.py:54} INFO - Started process 4635 to run task
[2022-10-24T16:41:51.122+0000] {standard_task_runner.py:82} INFO - Running: ['***', 'tasks', 'run', 'sales_datawarehouse', 'get_vendas', 'manual__2022-10-23T22:02:59.941333+00:00', '--job-id', '220', '--raw', '--subdir', 'DAGS_FOLDER/sales_dw.py', '--cfg-path', '/tmp/tmpl6zbr8jp']
[2022-10-24T16:41:51.132+0000] {standard_task_runner.py:83} INFO - Job 220: Subtask get_vendas
[2022-10-24T16:41:51.140+0000] {dagbag.py:525} INFO - Filling up the DagBag from /opt/***/dags/sales_dw.py
[2022-10-24T16:42:07.200+0000] {task_command.py:384} INFO - Running <TaskInstance: sales_datawarehouse.get_vendas manual__2022-10-23T22:02:59.941333+00:00 [running]> on host 83cd0ab98720
[2022-10-24T16:42:08.098+0000] {taskinstance.py:1592} INFO - Exporting the following env vars:
AIRFLOW_CTX_DAG_OWNER=pedromenegat
AIRFLOW_CTX_DAG_ID=sales_datawarehouse
AIRFLOW_CTX_TASK_ID=get_vendas
AIRFLOW_CTX_EXECUTION_DATE=2022-10-23T22:02:59.941333+00:00
AIRFLOW_CTX_TRY_NUMBER=2
AIRFLOW_CTX_DAG_RUN_ID=manual__2022-10-23T22:02:59.941333+00:00
[2022-10-24T16:42:08.163+0000] {base.py:71} INFO - Using connection ID 'banco_vendas' for task execution.
[2022-10-24T16:42:10.257+0000] {python.py:177} INFO - Done. Returned value was: None
[2022-10-24T16:42:10.310+0000] {taskinstance.py:1406} INFO - Marking task as SUCCESS. dag_id=sales_datawarehouse, task_id=get_vendas, execution_date=20221023T220259, start_date=20221024T164150, end_date=20221024T164210
[2022-10-24T16:42:10.412+0000] {local_task_job.py:164} INFO - Task exited with return code 0
[2022-10-24T16:42:10.594+0000] {local_task_job.py:273} INFO - 0 downstream tasks scheduled from follow-on schedule check
