[2022-10-26T00:34:13.381+0000] {taskinstance.py:1165} INFO - Dependencies all met for <TaskInstance: sales_datawarehouse.create_tables manual__2022-10-26T00:31:19.166146+00:00 [queued]>
[2022-10-26T00:34:13.469+0000] {taskinstance.py:1165} INFO - Dependencies all met for <TaskInstance: sales_datawarehouse.create_tables manual__2022-10-26T00:31:19.166146+00:00 [queued]>
[2022-10-26T00:34:13.471+0000] {taskinstance.py:1362} INFO - 
--------------------------------------------------------------------------------
[2022-10-26T00:34:13.473+0000] {taskinstance.py:1363} INFO - Starting attempt 2 of 3
[2022-10-26T00:34:13.474+0000] {taskinstance.py:1364} INFO - 
--------------------------------------------------------------------------------
[2022-10-26T00:34:13.544+0000] {taskinstance.py:1383} INFO - Executing <Task(PostgresOperator): create_tables> on 2022-10-26 00:31:19.166146+00:00
[2022-10-26T00:34:13.567+0000] {standard_task_runner.py:54} INFO - Started process 3333 to run task
[2022-10-26T00:34:13.576+0000] {standard_task_runner.py:82} INFO - Running: ['***', 'tasks', 'run', 'sales_datawarehouse', 'create_tables', 'manual__2022-10-26T00:31:19.166146+00:00', '--job-id', '586', '--raw', '--subdir', 'DAGS_FOLDER/sales_dw.py', '--cfg-path', '/tmp/tmp89qsceci']
[2022-10-26T00:34:13.585+0000] {standard_task_runner.py:83} INFO - Job 586: Subtask create_tables
[2022-10-26T00:34:13.588+0000] {dagbag.py:525} INFO - Filling up the DagBag from /opt/***/dags/sales_dw.py
[2022-10-26T00:34:15.091+0000] {task_command.py:384} INFO - Running <TaskInstance: sales_datawarehouse.create_tables manual__2022-10-26T00:31:19.166146+00:00 [running]> on host 83cd0ab98720
[2022-10-26T00:34:15.301+0000] {taskinstance.py:1592} INFO - Exporting the following env vars:
AIRFLOW_CTX_DAG_OWNER=pedromenegat
AIRFLOW_CTX_DAG_ID=sales_datawarehouse
AIRFLOW_CTX_TASK_ID=create_tables
AIRFLOW_CTX_EXECUTION_DATE=2022-10-26T00:31:19.166146+00:00
AIRFLOW_CTX_TRY_NUMBER=2
AIRFLOW_CTX_DAG_RUN_ID=manual__2022-10-26T00:31:19.166146+00:00
[2022-10-26T00:34:15.318+0000] {base.py:71} INFO - Using connection ID '***_localhost' for task execution.
[2022-10-26T00:34:15.536+0000] {sql.py:315} INFO - Running statement: 
        CREATE TABLE IF NOT EXISTS dimFuncionarios(		
            id_funcionario INTEGER PRIMARY KEY NOT NULL,
            nome_funcionario VARCHAR(30) NOT NULL
	    );
        CREATE TABLE IF NOT EXISTS dimCategorias(		
            id INTEGER PRIMARY KEY NOT NULL,
            nome_categoria VARCHAR(30) NOT NULL
		);		
		CREATE TABLE IF NOT EXISTS fatoVendas(
            id_venda INTEGER PRIMARY KEY NOT NULL,
            id_funcionario INTEGER NOT NULL,
            id_categoria INTEGER NOT NULL,
            data_venda DATE NOT NULL,
            venda NUMERIC(20,5) NOT NULL,
            FOREIGN KEY (id_funcionario) 
                REFERENCES funcionarios (id_funcionario)
                ON UPDATE CASCADE ON DELETE CASCADE,
            FOREIGN KEY (id_categoria) 
                REFERENCES categorias (id)
                ON UPDATE CASCADE ON DELETE CASCADE
		);
        , parameters: None
[2022-10-26T00:34:15.544+0000] {postgres.py:96} INFO - NOTICE:  relation "dimfuncionarios" already exists, skipping

[2022-10-26T00:34:15.545+0000] {postgres.py:96} INFO - NOTICE:  relation "dimcategorias" already exists, skipping

[2022-10-26T00:34:15.546+0000] {postgres.py:96} INFO - NOTICE:  relation "fatovendas" already exists, skipping

[2022-10-26T00:34:15.570+0000] {taskinstance.py:1406} INFO - Marking task as SUCCESS. dag_id=sales_datawarehouse, task_id=create_tables, execution_date=20221026T003119, start_date=20221026T003413, end_date=20221026T003415
[2022-10-26T00:34:15.644+0000] {local_task_job.py:164} INFO - Task exited with return code 0
[2022-10-26T00:34:15.722+0000] {local_task_job.py:273} INFO - 1 downstream tasks scheduled from follow-on schedule check
