[2022-10-23T21:16:46.594+0000] {taskinstance.py:1165} INFO - Dependencies all met for <TaskInstance: sales_datawarehouse.get_vendas manual__2022-10-23T21:16:42.551433+00:00 [queued]>
[2022-10-23T21:16:46.626+0000] {taskinstance.py:1165} INFO - Dependencies all met for <TaskInstance: sales_datawarehouse.get_vendas manual__2022-10-23T21:16:42.551433+00:00 [queued]>
[2022-10-23T21:16:46.627+0000] {taskinstance.py:1362} INFO - 
--------------------------------------------------------------------------------
[2022-10-23T21:16:46.633+0000] {taskinstance.py:1363} INFO - Starting attempt 1 of 2
[2022-10-23T21:16:46.634+0000] {taskinstance.py:1364} INFO - 
--------------------------------------------------------------------------------
[2022-10-23T21:16:46.689+0000] {taskinstance.py:1383} INFO - Executing <Task(PythonOperator): get_vendas> on 2022-10-23 21:16:42.551433+00:00
[2022-10-23T21:16:46.699+0000] {standard_task_runner.py:54} INFO - Started process 824 to run task
[2022-10-23T21:16:46.709+0000] {standard_task_runner.py:82} INFO - Running: ['***', 'tasks', 'run', 'sales_datawarehouse', 'get_vendas', 'manual__2022-10-23T21:16:42.551433+00:00', '--job-id', '147', '--raw', '--subdir', 'DAGS_FOLDER/sales_dw.py', '--cfg-path', '/tmp/tmp7ypls42m']
[2022-10-23T21:16:46.714+0000] {standard_task_runner.py:83} INFO - Job 147: Subtask get_vendas
[2022-10-23T21:16:46.716+0000] {dagbag.py:525} INFO - Filling up the DagBag from /opt/***/dags/sales_dw.py
[2022-10-23T21:16:47.576+0000] {task_command.py:384} INFO - Running <TaskInstance: sales_datawarehouse.get_vendas manual__2022-10-23T21:16:42.551433+00:00 [running]> on host 83cd0ab98720
[2022-10-23T21:16:47.709+0000] {taskinstance.py:1592} INFO - Exporting the following env vars:
AIRFLOW_CTX_DAG_OWNER=pedromenegat
AIRFLOW_CTX_DAG_ID=sales_datawarehouse
AIRFLOW_CTX_TASK_ID=get_vendas
AIRFLOW_CTX_EXECUTION_DATE=2022-10-23T21:16:42.551433+00:00
AIRFLOW_CTX_TRY_NUMBER=1
AIRFLOW_CTX_DAG_RUN_ID=manual__2022-10-23T21:16:42.551433+00:00
[2022-10-23T21:16:47.727+0000] {base.py:71} INFO - Using connection ID 'banco_vendas' for task execution.
[2022-10-23T21:16:50.319+0000] {python.py:177} INFO - Done. Returned value was: None
[2022-10-23T21:16:50.351+0000] {taskinstance.py:1406} INFO - Marking task as SUCCESS. dag_id=sales_datawarehouse, task_id=get_vendas, execution_date=20221023T211642, start_date=20221023T211646, end_date=20221023T211650
[2022-10-23T21:16:50.839+0000] {local_task_job.py:164} INFO - Task exited with return code 0
[2022-10-23T21:16:50.894+0000] {local_task_job.py:273} INFO - 2 downstream tasks scheduled from follow-on schedule check
