[2022-10-26T00:52:06.608+0000] {taskinstance.py:1165} INFO - Dependencies all met for <TaskInstance: sales_datawarehouse.insert_dim_funcionarios manual__2022-10-26T00:49:05.987248+00:00 [queued]>
[2022-10-26T00:52:06.634+0000] {taskinstance.py:1165} INFO - Dependencies all met for <TaskInstance: sales_datawarehouse.insert_dim_funcionarios manual__2022-10-26T00:49:05.987248+00:00 [queued]>
[2022-10-26T00:52:06.635+0000] {taskinstance.py:1362} INFO - 
--------------------------------------------------------------------------------
[2022-10-26T00:52:06.637+0000] {taskinstance.py:1363} INFO - Starting attempt 2 of 3
[2022-10-26T00:52:06.638+0000] {taskinstance.py:1364} INFO - 
--------------------------------------------------------------------------------
[2022-10-26T00:52:06.670+0000] {taskinstance.py:1383} INFO - Executing <Task(PythonOperator): insert_dim_funcionarios> on 2022-10-26 00:49:05.987248+00:00
[2022-10-26T00:52:06.678+0000] {standard_task_runner.py:54} INFO - Started process 4591 to run task
[2022-10-26T00:52:06.683+0000] {standard_task_runner.py:82} INFO - Running: ['***', 'tasks', 'run', 'sales_datawarehouse', 'insert_dim_funcionarios', 'manual__2022-10-26T00:49:05.987248+00:00', '--job-id', '675', '--raw', '--subdir', 'DAGS_FOLDER/sales_dw.py', '--cfg-path', '/tmp/tmpc2maeiu2']
[2022-10-26T00:52:06.687+0000] {standard_task_runner.py:83} INFO - Job 675: Subtask insert_dim_funcionarios
[2022-10-26T00:52:06.689+0000] {dagbag.py:525} INFO - Filling up the DagBag from /opt/***/dags/sales_dw.py
[2022-10-26T00:52:07.764+0000] {task_command.py:384} INFO - Running <TaskInstance: sales_datawarehouse.insert_dim_funcionarios manual__2022-10-26T00:49:05.987248+00:00 [running]> on host 83cd0ab98720
[2022-10-26T00:52:08.042+0000] {taskinstance.py:1592} INFO - Exporting the following env vars:
AIRFLOW_CTX_DAG_OWNER=pedromenegat
AIRFLOW_CTX_DAG_ID=sales_datawarehouse
AIRFLOW_CTX_TASK_ID=insert_dim_funcionarios
AIRFLOW_CTX_EXECUTION_DATE=2022-10-26T00:49:05.987248+00:00
AIRFLOW_CTX_TRY_NUMBER=2
AIRFLOW_CTX_DAG_RUN_ID=manual__2022-10-26T00:49:05.987248+00:00
[2022-10-26T00:52:08.238+0000] {python.py:177} INFO - Done. Returned value was: None
[2022-10-26T00:52:08.268+0000] {taskinstance.py:1406} INFO - Marking task as SUCCESS. dag_id=sales_datawarehouse, task_id=insert_dim_funcionarios, execution_date=20221026T004905, start_date=20221026T005206, end_date=20221026T005208
[2022-10-26T00:52:08.342+0000] {local_task_job.py:164} INFO - Task exited with return code 0
[2022-10-26T00:52:08.414+0000] {local_task_job.py:273} INFO - 1 downstream tasks scheduled from follow-on schedule check
