[2022-10-26T00:42:25.910+0000] {taskinstance.py:1165} INFO - Dependencies all met for <TaskInstance: sales_datawarehouse.get_funcionarios manual__2022-10-26T00:42:14.271877+00:00 [queued]>
[2022-10-26T00:42:25.961+0000] {taskinstance.py:1165} INFO - Dependencies all met for <TaskInstance: sales_datawarehouse.get_funcionarios manual__2022-10-26T00:42:14.271877+00:00 [queued]>
[2022-10-26T00:42:25.962+0000] {taskinstance.py:1362} INFO - 
--------------------------------------------------------------------------------
[2022-10-26T00:42:25.963+0000] {taskinstance.py:1363} INFO - Starting attempt 1 of 2
[2022-10-26T00:42:25.965+0000] {taskinstance.py:1364} INFO - 
--------------------------------------------------------------------------------
[2022-10-26T00:42:26.040+0000] {taskinstance.py:1383} INFO - Executing <Task(PythonOperator): get_funcionarios> on 2022-10-26 00:42:14.271877+00:00
[2022-10-26T00:42:26.053+0000] {standard_task_runner.py:54} INFO - Started process 3935 to run task
[2022-10-26T00:42:26.062+0000] {standard_task_runner.py:82} INFO - Running: ['***', 'tasks', 'run', 'sales_datawarehouse', 'get_funcionarios', 'manual__2022-10-26T00:42:14.271877+00:00', '--job-id', '637', '--raw', '--subdir', 'DAGS_FOLDER/sales_dw.py', '--cfg-path', '/tmp/tmpj2ch2qha']
[2022-10-26T00:42:26.067+0000] {standard_task_runner.py:83} INFO - Job 637: Subtask get_funcionarios
[2022-10-26T00:42:26.071+0000] {dagbag.py:525} INFO - Filling up the DagBag from /opt/***/dags/sales_dw.py
[2022-10-26T00:42:27.420+0000] {task_command.py:384} INFO - Running <TaskInstance: sales_datawarehouse.get_funcionarios manual__2022-10-26T00:42:14.271877+00:00 [running]> on host 83cd0ab98720
[2022-10-26T00:42:27.567+0000] {taskinstance.py:1592} INFO - Exporting the following env vars:
AIRFLOW_CTX_DAG_OWNER=pedromenegat
AIRFLOW_CTX_DAG_ID=sales_datawarehouse
AIRFLOW_CTX_TASK_ID=get_funcionarios
AIRFLOW_CTX_EXECUTION_DATE=2022-10-26T00:42:14.271877+00:00
AIRFLOW_CTX_TRY_NUMBER=1
AIRFLOW_CTX_DAG_RUN_ID=manual__2022-10-26T00:42:14.271877+00:00
[2022-10-26T00:42:50.848+0000] {python.py:177} INFO - Done. Returned value was: None
[2022-10-26T00:42:50.900+0000] {taskinstance.py:1406} INFO - Marking task as SUCCESS. dag_id=sales_datawarehouse, task_id=get_funcionarios, execution_date=20221026T004214, start_date=20221026T004225, end_date=20221026T004250
[2022-10-26T00:42:51.020+0000] {local_task_job.py:164} INFO - Task exited with return code 0
[2022-10-26T00:42:51.116+0000] {local_task_job.py:273} INFO - 1 downstream tasks scheduled from follow-on schedule check
