[2022-10-23T21:13:32.172+0000] {taskinstance.py:1165} INFO - Dependencies all met for <TaskInstance: sales_datawarehouse.get_vendas manual__2022-10-23T18:43:16.602467+00:00 [queued]>
[2022-10-23T21:13:32.185+0000] {taskinstance.py:1165} INFO - Dependencies all met for <TaskInstance: sales_datawarehouse.get_vendas manual__2022-10-23T18:43:16.602467+00:00 [queued]>
[2022-10-23T21:13:32.190+0000] {taskinstance.py:1362} INFO - 
--------------------------------------------------------------------------------
[2022-10-23T21:13:32.194+0000] {taskinstance.py:1363} INFO - Starting attempt 2 of 3
[2022-10-23T21:13:32.197+0000] {taskinstance.py:1364} INFO - 
--------------------------------------------------------------------------------
[2022-10-23T21:13:32.245+0000] {taskinstance.py:1383} INFO - Executing <Task(PythonOperator): get_vendas> on 2022-10-23 18:43:16.602467+00:00
[2022-10-23T21:13:32.260+0000] {standard_task_runner.py:54} INFO - Started process 622 to run task
[2022-10-23T21:13:32.267+0000] {standard_task_runner.py:82} INFO - Running: ['***', 'tasks', 'run', 'sales_datawarehouse', 'get_vendas', 'manual__2022-10-23T18:43:16.602467+00:00', '--job-id', '138', '--raw', '--subdir', 'DAGS_FOLDER/sales_dw.py', '--cfg-path', '/tmp/tmpn60zfrc8']
[2022-10-23T21:13:32.270+0000] {standard_task_runner.py:83} INFO - Job 138: Subtask get_vendas
[2022-10-23T21:13:32.272+0000] {dagbag.py:525} INFO - Filling up the DagBag from /opt/***/dags/sales_dw.py
[2022-10-23T21:13:33.691+0000] {task_command.py:384} INFO - Running <TaskInstance: sales_datawarehouse.get_vendas manual__2022-10-23T18:43:16.602467+00:00 [running]> on host 83cd0ab98720
[2022-10-23T21:13:33.812+0000] {taskinstance.py:1592} INFO - Exporting the following env vars:
AIRFLOW_CTX_DAG_OWNER=pedromenegat
AIRFLOW_CTX_DAG_ID=sales_datawarehouse
AIRFLOW_CTX_TASK_ID=get_vendas
AIRFLOW_CTX_EXECUTION_DATE=2022-10-23T18:43:16.602467+00:00
AIRFLOW_CTX_TRY_NUMBER=2
AIRFLOW_CTX_DAG_RUN_ID=manual__2022-10-23T18:43:16.602467+00:00
[2022-10-23T21:13:33.830+0000] {base.py:71} INFO - Using connection ID 'banco_vendas' for task execution.
[2022-10-23T21:13:36.959+0000] {python.py:177} INFO - Done. Returned value was: None
[2022-10-23T21:13:36.982+0000] {taskinstance.py:1406} INFO - Marking task as SUCCESS. dag_id=sales_datawarehouse, task_id=get_vendas, execution_date=20221023T184316, start_date=20221023T211332, end_date=20221023T211336
[2022-10-23T21:13:37.052+0000] {local_task_job.py:164} INFO - Task exited with return code 0
[2022-10-23T21:13:37.134+0000] {local_task_job.py:273} INFO - 2 downstream tasks scheduled from follow-on schedule check
