[2022-10-24T19:36:06.555+0000] {taskinstance.py:1165} INFO - Dependencies all met for <TaskInstance: sales_datawarehouse.get_funcionarios manual__2022-10-24T19:34:40.783086+00:00 [queued]>
[2022-10-24T19:36:06.619+0000] {taskinstance.py:1165} INFO - Dependencies all met for <TaskInstance: sales_datawarehouse.get_funcionarios manual__2022-10-24T19:34:40.783086+00:00 [queued]>
[2022-10-24T19:36:06.621+0000] {taskinstance.py:1362} INFO - 
--------------------------------------------------------------------------------
[2022-10-24T19:36:06.626+0000] {taskinstance.py:1363} INFO - Starting attempt 2 of 3
[2022-10-24T19:36:06.629+0000] {taskinstance.py:1364} INFO - 
--------------------------------------------------------------------------------
[2022-10-24T19:36:06.792+0000] {taskinstance.py:1383} INFO - Executing <Task(PythonOperator): get_funcionarios> on 2022-10-24 19:34:40.783086+00:00
[2022-10-24T19:36:06.815+0000] {standard_task_runner.py:54} INFO - Started process 14491 to run task
[2022-10-24T19:36:06.844+0000] {standard_task_runner.py:82} INFO - Running: ['***', 'tasks', 'run', 'sales_datawarehouse', 'get_funcionarios', 'manual__2022-10-24T19:34:40.783086+00:00', '--job-id', '256', '--raw', '--subdir', 'DAGS_FOLDER/sales_dw.py', '--cfg-path', '/tmp/tmp_p4gfwbf']
[2022-10-24T19:36:06.861+0000] {standard_task_runner.py:83} INFO - Job 256: Subtask get_funcionarios
[2022-10-24T19:36:06.873+0000] {dagbag.py:525} INFO - Filling up the DagBag from /opt/***/dags/sales_dw.py
[2022-10-24T19:36:08.554+0000] {task_command.py:384} INFO - Running <TaskInstance: sales_datawarehouse.get_funcionarios manual__2022-10-24T19:34:40.783086+00:00 [running]> on host 83cd0ab98720
[2022-10-24T19:36:08.784+0000] {taskinstance.py:1592} INFO - Exporting the following env vars:
AIRFLOW_CTX_DAG_OWNER=pedromenegat
AIRFLOW_CTX_DAG_ID=sales_datawarehouse
AIRFLOW_CTX_TASK_ID=get_funcionarios
AIRFLOW_CTX_EXECUTION_DATE=2022-10-24T19:34:40.783086+00:00
AIRFLOW_CTX_TRY_NUMBER=2
AIRFLOW_CTX_DAG_RUN_ID=manual__2022-10-24T19:34:40.783086+00:00
[2022-10-24T19:36:30.706+0000] {python.py:177} INFO - Done. Returned value was: None
[2022-10-24T19:36:30.728+0000] {taskinstance.py:1406} INFO - Marking task as SUCCESS. dag_id=sales_datawarehouse, task_id=get_funcionarios, execution_date=20221024T193440, start_date=20221024T193606, end_date=20221024T193630
[2022-10-24T19:36:30.797+0000] {local_task_job.py:164} INFO - Task exited with return code 0
[2022-10-24T19:36:30.847+0000] {local_task_job.py:273} INFO - 1 downstream tasks scheduled from follow-on schedule check
