[2022-10-26T00:39:23.379+0000] {taskinstance.py:1165} INFO - Dependencies all met for <TaskInstance: sales_datawarehouse.get_categorias manual__2022-10-26T00:37:43.588227+00:00 [queued]>
[2022-10-26T00:39:23.399+0000] {taskinstance.py:1165} INFO - Dependencies all met for <TaskInstance: sales_datawarehouse.get_categorias manual__2022-10-26T00:37:43.588227+00:00 [queued]>
[2022-10-26T00:39:23.399+0000] {taskinstance.py:1362} INFO - 
--------------------------------------------------------------------------------
[2022-10-26T00:39:23.400+0000] {taskinstance.py:1363} INFO - Starting attempt 1 of 2
[2022-10-26T00:39:23.401+0000] {taskinstance.py:1364} INFO - 
--------------------------------------------------------------------------------
[2022-10-26T00:39:23.425+0000] {taskinstance.py:1383} INFO - Executing <Task(PythonOperator): get_categorias> on 2022-10-26 00:37:43.588227+00:00
[2022-10-26T00:39:23.431+0000] {standard_task_runner.py:54} INFO - Started process 3693 to run task
[2022-10-26T00:39:23.438+0000] {standard_task_runner.py:82} INFO - Running: ['***', 'tasks', 'run', 'sales_datawarehouse', 'get_categorias', 'manual__2022-10-26T00:37:43.588227+00:00', '--job-id', '612', '--raw', '--subdir', 'DAGS_FOLDER/sales_dw.py', '--cfg-path', '/tmp/tmpu0qk5cmv']
[2022-10-26T00:39:23.441+0000] {standard_task_runner.py:83} INFO - Job 612: Subtask get_categorias
[2022-10-26T00:39:23.443+0000] {dagbag.py:525} INFO - Filling up the DagBag from /opt/***/dags/sales_dw.py
[2022-10-26T00:39:24.720+0000] {task_command.py:384} INFO - Running <TaskInstance: sales_datawarehouse.get_categorias manual__2022-10-26T00:37:43.588227+00:00 [running]> on host 83cd0ab98720
[2022-10-26T00:39:24.904+0000] {taskinstance.py:1592} INFO - Exporting the following env vars:
AIRFLOW_CTX_DAG_OWNER=pedromenegat
AIRFLOW_CTX_DAG_ID=sales_datawarehouse
AIRFLOW_CTX_TASK_ID=get_categorias
AIRFLOW_CTX_EXECUTION_DATE=2022-10-26T00:37:43.588227+00:00
AIRFLOW_CTX_TRY_NUMBER=1
AIRFLOW_CTX_DAG_RUN_ID=manual__2022-10-26T00:37:43.588227+00:00
[2022-10-26T00:39:25.458+0000] {python.py:177} INFO - Done. Returned value was: None
[2022-10-26T00:39:25.477+0000] {taskinstance.py:1406} INFO - Marking task as SUCCESS. dag_id=sales_datawarehouse, task_id=get_categorias, execution_date=20221026T003743, start_date=20221026T003923, end_date=20221026T003925
[2022-10-26T00:39:25.545+0000] {local_task_job.py:164} INFO - Task exited with return code 0
[2022-10-26T00:39:25.638+0000] {local_task_job.py:273} INFO - 0 downstream tasks scheduled from follow-on schedule check
