[2022-10-24T15:23:34.306+0000] {taskinstance.py:1165} INFO - Dependencies all met for <TaskInstance: sales_datawarehouse.get_funcionarios scheduled__2022-10-23T00:00:00+00:00 [queued]>
[2022-10-24T15:23:34.349+0000] {taskinstance.py:1165} INFO - Dependencies all met for <TaskInstance: sales_datawarehouse.get_funcionarios scheduled__2022-10-23T00:00:00+00:00 [queued]>
[2022-10-24T15:23:34.350+0000] {taskinstance.py:1362} INFO - 
--------------------------------------------------------------------------------
[2022-10-24T15:23:34.351+0000] {taskinstance.py:1363} INFO - Starting attempt 1 of 2
[2022-10-24T15:23:34.353+0000] {taskinstance.py:1364} INFO - 
--------------------------------------------------------------------------------
[2022-10-24T15:23:34.407+0000] {taskinstance.py:1383} INFO - Executing <Task(PythonOperator): get_funcionarios> on 2022-10-23 00:00:00+00:00
[2022-10-24T15:23:34.425+0000] {standard_task_runner.py:54} INFO - Started process 201 to run task
[2022-10-24T15:23:34.440+0000] {standard_task_runner.py:82} INFO - Running: ['***', 'tasks', 'run', 'sales_datawarehouse', 'get_funcionarios', 'scheduled__2022-10-23T00:00:00+00:00', '--job-id', '213', '--raw', '--subdir', 'DAGS_FOLDER/sales_dw.py', '--cfg-path', '/tmp/tmp30iokh3r']
[2022-10-24T15:23:34.446+0000] {standard_task_runner.py:83} INFO - Job 213: Subtask get_funcionarios
[2022-10-24T15:23:34.448+0000] {dagbag.py:525} INFO - Filling up the DagBag from /opt/***/dags/sales_dw.py
[2022-10-24T15:23:36.723+0000] {task_command.py:384} INFO - Running <TaskInstance: sales_datawarehouse.get_funcionarios scheduled__2022-10-23T00:00:00+00:00 [running]> on host 83cd0ab98720
[2022-10-24T15:23:37.044+0000] {taskinstance.py:1592} INFO - Exporting the following env vars:
AIRFLOW_CTX_DAG_OWNER=pedromenegat
AIRFLOW_CTX_DAG_ID=sales_datawarehouse
AIRFLOW_CTX_TASK_ID=get_funcionarios
AIRFLOW_CTX_EXECUTION_DATE=2022-10-23T00:00:00+00:00
AIRFLOW_CTX_TRY_NUMBER=1
AIRFLOW_CTX_DAG_RUN_ID=scheduled__2022-10-23T00:00:00+00:00
[2022-10-24T15:24:01.564+0000] {python.py:177} INFO - Done. Returned value was: None
[2022-10-24T15:24:01.615+0000] {taskinstance.py:1406} INFO - Marking task as SUCCESS. dag_id=sales_datawarehouse, task_id=get_funcionarios, execution_date=20221023T000000, start_date=20221024T152334, end_date=20221024T152401
[2022-10-24T15:24:01.829+0000] {local_task_job.py:164} INFO - Task exited with return code 0
[2022-10-24T15:24:01.889+0000] {local_task_job.py:273} INFO - 0 downstream tasks scheduled from follow-on schedule check
