[2022-10-24T21:40:28.936+0000] {taskinstance.py:1165} INFO - Dependencies all met for <TaskInstance: sales_datawarehouse.get_categorias manual__2022-10-24T21:40:20.116850+00:00 [queued]>
[2022-10-24T21:40:28.948+0000] {taskinstance.py:1165} INFO - Dependencies all met for <TaskInstance: sales_datawarehouse.get_categorias manual__2022-10-24T21:40:20.116850+00:00 [queued]>
[2022-10-24T21:40:28.949+0000] {taskinstance.py:1362} INFO - 
--------------------------------------------------------------------------------
[2022-10-24T21:40:28.950+0000] {taskinstance.py:1363} INFO - Starting attempt 1 of 2
[2022-10-24T21:40:28.951+0000] {taskinstance.py:1364} INFO - 
--------------------------------------------------------------------------------
[2022-10-24T21:40:28.970+0000] {taskinstance.py:1383} INFO - Executing <Task(PythonOperator): get_categorias> on 2022-10-24 21:40:20.116850+00:00
[2022-10-24T21:40:28.975+0000] {standard_task_runner.py:54} INFO - Started process 22287 to run task
[2022-10-24T21:40:28.979+0000] {standard_task_runner.py:82} INFO - Running: ['***', 'tasks', 'run', 'sales_datawarehouse', 'get_categorias', 'manual__2022-10-24T21:40:20.116850+00:00', '--job-id', '398', '--raw', '--subdir', 'DAGS_FOLDER/sales_dw.py', '--cfg-path', '/tmp/tmpw9xgt77t']
[2022-10-24T21:40:28.981+0000] {standard_task_runner.py:83} INFO - Job 398: Subtask get_categorias
[2022-10-24T21:40:28.983+0000] {dagbag.py:525} INFO - Filling up the DagBag from /opt/***/dags/sales_dw.py
[2022-10-24T21:40:29.759+0000] {task_command.py:384} INFO - Running <TaskInstance: sales_datawarehouse.get_categorias manual__2022-10-24T21:40:20.116850+00:00 [running]> on host 83cd0ab98720
[2022-10-24T21:40:29.881+0000] {taskinstance.py:1592} INFO - Exporting the following env vars:
AIRFLOW_CTX_DAG_OWNER=pedromenegat
AIRFLOW_CTX_DAG_ID=sales_datawarehouse
AIRFLOW_CTX_TASK_ID=get_categorias
AIRFLOW_CTX_EXECUTION_DATE=2022-10-24T21:40:20.116850+00:00
AIRFLOW_CTX_TRY_NUMBER=1
AIRFLOW_CTX_DAG_RUN_ID=manual__2022-10-24T21:40:20.116850+00:00
[2022-10-24T21:40:30.202+0000] {python.py:177} INFO - Done. Returned value was: None
[2022-10-24T21:40:30.229+0000] {taskinstance.py:1406} INFO - Marking task as SUCCESS. dag_id=sales_datawarehouse, task_id=get_categorias, execution_date=20221024T214020, start_date=20221024T214028, end_date=20221024T214030
[2022-10-24T21:40:30.318+0000] {local_task_job.py:164} INFO - Task exited with return code 0
[2022-10-24T21:40:30.401+0000] {local_task_job.py:273} INFO - 0 downstream tasks scheduled from follow-on schedule check
