[2022-10-24T16:41:50.919+0000] {taskinstance.py:1165} INFO - Dependencies all met for <TaskInstance: sales_datawarehouse.get_funcionarios manual__2022-10-23T22:02:59.941333+00:00 [queued]>
[2022-10-24T16:41:50.966+0000] {taskinstance.py:1165} INFO - Dependencies all met for <TaskInstance: sales_datawarehouse.get_funcionarios manual__2022-10-23T22:02:59.941333+00:00 [queued]>
[2022-10-24T16:41:50.967+0000] {taskinstance.py:1362} INFO - 
--------------------------------------------------------------------------------
[2022-10-24T16:41:50.968+0000] {taskinstance.py:1363} INFO - Starting attempt 2 of 3
[2022-10-24T16:41:50.969+0000] {taskinstance.py:1364} INFO - 
--------------------------------------------------------------------------------
[2022-10-24T16:41:51.051+0000] {taskinstance.py:1383} INFO - Executing <Task(PythonOperator): get_funcionarios> on 2022-10-23 22:02:59.941333+00:00
[2022-10-24T16:41:51.080+0000] {standard_task_runner.py:54} INFO - Started process 4634 to run task
[2022-10-24T16:41:51.094+0000] {standard_task_runner.py:82} INFO - Running: ['***', 'tasks', 'run', 'sales_datawarehouse', 'get_funcionarios', 'manual__2022-10-23T22:02:59.941333+00:00', '--job-id', '218', '--raw', '--subdir', 'DAGS_FOLDER/sales_dw.py', '--cfg-path', '/tmp/tmpr63a1xm8']
[2022-10-24T16:41:51.104+0000] {standard_task_runner.py:83} INFO - Job 218: Subtask get_funcionarios
[2022-10-24T16:41:51.107+0000] {dagbag.py:525} INFO - Filling up the DagBag from /opt/***/dags/sales_dw.py
[2022-10-24T16:42:07.031+0000] {task_command.py:384} INFO - Running <TaskInstance: sales_datawarehouse.get_funcionarios manual__2022-10-23T22:02:59.941333+00:00 [running]> on host 83cd0ab98720
[2022-10-24T16:42:08.042+0000] {taskinstance.py:1592} INFO - Exporting the following env vars:
AIRFLOW_CTX_DAG_OWNER=pedromenegat
AIRFLOW_CTX_DAG_ID=sales_datawarehouse
AIRFLOW_CTX_TASK_ID=get_funcionarios
AIRFLOW_CTX_EXECUTION_DATE=2022-10-23T22:02:59.941333+00:00
AIRFLOW_CTX_TRY_NUMBER=2
AIRFLOW_CTX_DAG_RUN_ID=manual__2022-10-23T22:02:59.941333+00:00
[2022-10-24T16:42:08.135+0000] {taskinstance.py:1851} ERROR - Task failed with exception
Traceback (most recent call last):
  File "/home/airflow/.local/lib/python3.7/site-packages/airflow/operators/python.py", line 175, in execute
    return_value = self.execute_callable()
  File "/home/airflow/.local/lib/python3.7/site-packages/airflow/operators/python.py", line 193, in execute_callable
    return self.python_callable(*self.op_args, **self.op_kwargs)
  File "/opt/airflow/dags/sales_dw.py", line 26, in get_funcionarios
    ids_funcionarios = json.loads(ti.xcom_pull(task_ids="get_vendas", key="ids_funcionarios"))
  File "/usr/local/lib/python3.7/json/__init__.py", line 341, in loads
    raise TypeError(f'the JSON object must be str, bytes or bytearray, '
TypeError: the JSON object must be str, bytes or bytearray, not NoneType
[2022-10-24T16:42:08.218+0000] {taskinstance.py:1406} INFO - Marking task as UP_FOR_RETRY. dag_id=sales_datawarehouse, task_id=get_funcionarios, execution_date=20221023T220259, start_date=20221024T164150, end_date=20221024T164208
[2022-10-24T16:42:08.262+0000] {standard_task_runner.py:107} ERROR - Failed to execute job 218 for task get_funcionarios (the JSON object must be str, bytes or bytearray, not NoneType; 4634)
[2022-10-24T16:42:08.353+0000] {local_task_job.py:164} INFO - Task exited with return code 1
[2022-10-24T16:42:08.562+0000] {local_task_job.py:273} INFO - 0 downstream tasks scheduled from follow-on schedule check
