[2022-10-24T16:44:10.081+0000] {taskinstance.py:1165} INFO - Dependencies all met for <TaskInstance: sales_datawarehouse.get_funcionarios manual__2022-10-23T22:02:59.941333+00:00 [queued]>
[2022-10-24T16:44:10.114+0000] {taskinstance.py:1165} INFO - Dependencies all met for <TaskInstance: sales_datawarehouse.get_funcionarios manual__2022-10-23T22:02:59.941333+00:00 [queued]>
[2022-10-24T16:44:10.114+0000] {taskinstance.py:1362} INFO - 
--------------------------------------------------------------------------------
[2022-10-24T16:44:10.115+0000] {taskinstance.py:1363} INFO - Starting attempt 3 of 3
[2022-10-24T16:44:10.116+0000] {taskinstance.py:1364} INFO - 
--------------------------------------------------------------------------------
[2022-10-24T16:44:10.149+0000] {taskinstance.py:1383} INFO - Executing <Task(PythonOperator): get_funcionarios> on 2022-10-23 22:02:59.941333+00:00
[2022-10-24T16:44:10.155+0000] {standard_task_runner.py:54} INFO - Started process 4770 to run task
[2022-10-24T16:44:10.160+0000] {standard_task_runner.py:82} INFO - Running: ['***', 'tasks', 'run', 'sales_datawarehouse', 'get_funcionarios', 'manual__2022-10-23T22:02:59.941333+00:00', '--job-id', '223', '--raw', '--subdir', 'DAGS_FOLDER/sales_dw.py', '--cfg-path', '/tmp/tmpabr90bsm']
[2022-10-24T16:44:10.162+0000] {standard_task_runner.py:83} INFO - Job 223: Subtask get_funcionarios
[2022-10-24T16:44:10.165+0000] {dagbag.py:525} INFO - Filling up the DagBag from /opt/***/dags/sales_dw.py
[2022-10-24T16:44:12.427+0000] {task_command.py:384} INFO - Running <TaskInstance: sales_datawarehouse.get_funcionarios manual__2022-10-23T22:02:59.941333+00:00 [running]> on host 83cd0ab98720
[2022-10-24T16:44:12.537+0000] {taskinstance.py:1592} INFO - Exporting the following env vars:
AIRFLOW_CTX_DAG_OWNER=pedromenegat
AIRFLOW_CTX_DAG_ID=sales_datawarehouse
AIRFLOW_CTX_TASK_ID=get_funcionarios
AIRFLOW_CTX_EXECUTION_DATE=2022-10-23T22:02:59.941333+00:00
AIRFLOW_CTX_TRY_NUMBER=3
AIRFLOW_CTX_DAG_RUN_ID=manual__2022-10-23T22:02:59.941333+00:00
[2022-10-24T16:44:37.738+0000] {python.py:177} INFO - Done. Returned value was: None
[2022-10-24T16:44:37.763+0000] {taskinstance.py:1406} INFO - Marking task as SUCCESS. dag_id=sales_datawarehouse, task_id=get_funcionarios, execution_date=20221023T220259, start_date=20221024T164410, end_date=20221024T164437
[2022-10-24T16:44:37.836+0000] {local_task_job.py:164} INFO - Task exited with return code 0
[2022-10-24T16:44:37.884+0000] {local_task_job.py:273} INFO - 0 downstream tasks scheduled from follow-on schedule check
