[2022-10-23T22:03:10.751+0000] {taskinstance.py:1165} INFO - Dependencies all met for <TaskInstance: sales_datawarehouse.get_funcionarios manual__2022-10-23T22:02:59.941333+00:00 [queued]>
[2022-10-23T22:03:10.792+0000] {taskinstance.py:1165} INFO - Dependencies all met for <TaskInstance: sales_datawarehouse.get_funcionarios manual__2022-10-23T22:02:59.941333+00:00 [queued]>
[2022-10-23T22:03:10.793+0000] {taskinstance.py:1362} INFO - 
--------------------------------------------------------------------------------
[2022-10-23T22:03:10.794+0000] {taskinstance.py:1363} INFO - Starting attempt 1 of 2
[2022-10-23T22:03:10.795+0000] {taskinstance.py:1364} INFO - 
--------------------------------------------------------------------------------
[2022-10-23T22:03:10.907+0000] {taskinstance.py:1383} INFO - Executing <Task(PythonOperator): get_funcionarios> on 2022-10-23 22:02:59.941333+00:00
[2022-10-23T22:03:10.920+0000] {standard_task_runner.py:54} INFO - Started process 3552 to run task
[2022-10-23T22:03:10.928+0000] {standard_task_runner.py:82} INFO - Running: ['***', 'tasks', 'run', 'sales_datawarehouse', 'get_funcionarios', 'manual__2022-10-23T22:02:59.941333+00:00', '--job-id', '208', '--raw', '--subdir', 'DAGS_FOLDER/sales_dw.py', '--cfg-path', '/tmp/tmpwbewv08h']
[2022-10-23T22:03:10.934+0000] {standard_task_runner.py:83} INFO - Job 208: Subtask get_funcionarios
[2022-10-23T22:03:10.938+0000] {dagbag.py:525} INFO - Filling up the DagBag from /opt/***/dags/sales_dw.py
[2022-10-23T22:03:12.352+0000] {task_command.py:384} INFO - Running <TaskInstance: sales_datawarehouse.get_funcionarios manual__2022-10-23T22:02:59.941333+00:00 [running]> on host 83cd0ab98720
[2022-10-23T22:03:12.505+0000] {taskinstance.py:1592} INFO - Exporting the following env vars:
AIRFLOW_CTX_DAG_OWNER=pedromenegat
AIRFLOW_CTX_DAG_ID=sales_datawarehouse
AIRFLOW_CTX_TASK_ID=get_funcionarios
AIRFLOW_CTX_EXECUTION_DATE=2022-10-23T22:02:59.941333+00:00
AIRFLOW_CTX_TRY_NUMBER=1
AIRFLOW_CTX_DAG_RUN_ID=manual__2022-10-23T22:02:59.941333+00:00
[2022-10-23T22:03:34.656+0000] {python.py:177} INFO - Done. Returned value was: None
[2022-10-23T22:03:34.669+0000] {taskinstance.py:1406} INFO - Marking task as SUCCESS. dag_id=sales_datawarehouse, task_id=get_funcionarios, execution_date=20221023T220259, start_date=20221023T220310, end_date=20221023T220334
[2022-10-23T22:03:34.713+0000] {local_task_job.py:164} INFO - Task exited with return code 0
[2022-10-23T22:03:34.739+0000] {local_task_job.py:273} INFO - 0 downstream tasks scheduled from follow-on schedule check
