[2022-10-26T00:40:18.116+0000] {taskinstance.py:1165} INFO - Dependencies all met for <TaskInstance: sales_datawarehouse.insert_dimFuncionarios manual__2022-10-26T00:35:08.956458+00:00 [queued]>
[2022-10-26T00:40:18.147+0000] {taskinstance.py:1165} INFO - Dependencies all met for <TaskInstance: sales_datawarehouse.insert_dimFuncionarios manual__2022-10-26T00:35:08.956458+00:00 [queued]>
[2022-10-26T00:40:18.148+0000] {taskinstance.py:1362} INFO - 
--------------------------------------------------------------------------------
[2022-10-26T00:40:18.149+0000] {taskinstance.py:1363} INFO - Starting attempt 2 of 3
[2022-10-26T00:40:18.149+0000] {taskinstance.py:1364} INFO - 
--------------------------------------------------------------------------------
[2022-10-26T00:40:18.230+0000] {taskinstance.py:1383} INFO - Executing <Task(PythonOperator): insert_dimFuncionarios> on 2022-10-26 00:35:08.956458+00:00
[2022-10-26T00:40:18.241+0000] {standard_task_runner.py:54} INFO - Started process 3811 to run task
[2022-10-26T00:40:18.260+0000] {standard_task_runner.py:82} INFO - Running: ['***', 'tasks', 'run', 'sales_datawarehouse', 'insert_dimFuncionarios', 'manual__2022-10-26T00:35:08.956458+00:00', '--job-id', '631', '--raw', '--subdir', 'DAGS_FOLDER/sales_dw.py', '--cfg-path', '/tmp/tmprk0mtj6d']
[2022-10-26T00:40:18.270+0000] {standard_task_runner.py:83} INFO - Job 631: Subtask insert_dimFuncionarios
[2022-10-26T00:40:18.275+0000] {dagbag.py:525} INFO - Filling up the DagBag from /opt/***/dags/sales_dw.py
[2022-10-26T00:40:19.380+0000] {task_command.py:384} INFO - Running <TaskInstance: sales_datawarehouse.insert_dimFuncionarios manual__2022-10-26T00:35:08.956458+00:00 [running]> on host 83cd0ab98720
[2022-10-26T00:40:19.528+0000] {taskinstance.py:1592} INFO - Exporting the following env vars:
AIRFLOW_CTX_DAG_OWNER=pedromenegat
AIRFLOW_CTX_DAG_ID=sales_datawarehouse
AIRFLOW_CTX_TASK_ID=insert_dimFuncionarios
AIRFLOW_CTX_EXECUTION_DATE=2022-10-26T00:35:08.956458+00:00
AIRFLOW_CTX_TRY_NUMBER=2
AIRFLOW_CTX_DAG_RUN_ID=manual__2022-10-26T00:35:08.956458+00:00
[2022-10-26T00:40:19.677+0000] {python.py:177} INFO - Done. Returned value was: None
[2022-10-26T00:40:19.695+0000] {taskinstance.py:1406} INFO - Marking task as SUCCESS. dag_id=sales_datawarehouse, task_id=insert_dimFuncionarios, execution_date=20221026T003508, start_date=20221026T004018, end_date=20221026T004019
[2022-10-26T00:40:19.754+0000] {local_task_job.py:164} INFO - Task exited with return code 0
[2022-10-26T00:40:19.834+0000] {local_task_job.py:273} INFO - 1 downstream tasks scheduled from follow-on schedule check
