[2022-10-24T19:32:08.858+0000] {taskinstance.py:1165} INFO - Dependencies all met for <TaskInstance: sales_datawarehouse.get_funcionarios manual__2022-10-24T19:31:57.803060+00:00 [queued]>
[2022-10-24T19:32:08.885+0000] {taskinstance.py:1165} INFO - Dependencies all met for <TaskInstance: sales_datawarehouse.get_funcionarios manual__2022-10-24T19:31:57.803060+00:00 [queued]>
[2022-10-24T19:32:08.886+0000] {taskinstance.py:1362} INFO - 
--------------------------------------------------------------------------------
[2022-10-24T19:32:08.887+0000] {taskinstance.py:1363} INFO - Starting attempt 1 of 2
[2022-10-24T19:32:08.888+0000] {taskinstance.py:1364} INFO - 
--------------------------------------------------------------------------------
[2022-10-24T19:32:08.925+0000] {taskinstance.py:1383} INFO - Executing <Task(PythonOperator): get_funcionarios> on 2022-10-24 19:31:57.803060+00:00
[2022-10-24T19:32:08.936+0000] {standard_task_runner.py:54} INFO - Started process 14184 to run task
[2022-10-24T19:32:08.943+0000] {standard_task_runner.py:82} INFO - Running: ['***', 'tasks', 'run', 'sales_datawarehouse', 'get_funcionarios', 'manual__2022-10-24T19:31:57.803060+00:00', '--job-id', '236', '--raw', '--subdir', 'DAGS_FOLDER/sales_dw.py', '--cfg-path', '/tmp/tmpvcbz5tzv']
[2022-10-24T19:32:08.948+0000] {standard_task_runner.py:83} INFO - Job 236: Subtask get_funcionarios
[2022-10-24T19:32:08.951+0000] {dagbag.py:525} INFO - Filling up the DagBag from /opt/***/dags/sales_dw.py
[2022-10-24T19:32:10.645+0000] {task_command.py:384} INFO - Running <TaskInstance: sales_datawarehouse.get_funcionarios manual__2022-10-24T19:31:57.803060+00:00 [running]> on host 83cd0ab98720
[2022-10-24T19:32:10.881+0000] {taskinstance.py:1592} INFO - Exporting the following env vars:
AIRFLOW_CTX_DAG_OWNER=pedromenegat
AIRFLOW_CTX_DAG_ID=sales_datawarehouse
AIRFLOW_CTX_TASK_ID=get_funcionarios
AIRFLOW_CTX_EXECUTION_DATE=2022-10-24T19:31:57.803060+00:00
AIRFLOW_CTX_TRY_NUMBER=1
AIRFLOW_CTX_DAG_RUN_ID=manual__2022-10-24T19:31:57.803060+00:00
[2022-10-24T19:32:36.255+0000] {python.py:177} INFO - Done. Returned value was: None
[2022-10-24T19:32:36.276+0000] {taskinstance.py:1406} INFO - Marking task as SUCCESS. dag_id=sales_datawarehouse, task_id=get_funcionarios, execution_date=20221024T193157, start_date=20221024T193208, end_date=20221024T193236
[2022-10-24T19:32:36.317+0000] {local_task_job.py:164} INFO - Task exited with return code 0
[2022-10-24T19:32:36.346+0000] {local_task_job.py:273} INFO - 1 downstream tasks scheduled from follow-on schedule check
