[2022-10-24T22:10:05.381+0000] {taskinstance.py:1165} INFO - Dependencies all met for <TaskInstance: sales_datawarehouse.get_categorias manual__2022-10-24T22:09:55.034950+00:00 [queued]>
[2022-10-24T22:10:05.426+0000] {taskinstance.py:1165} INFO - Dependencies all met for <TaskInstance: sales_datawarehouse.get_categorias manual__2022-10-24T22:09:55.034950+00:00 [queued]>
[2022-10-24T22:10:05.432+0000] {taskinstance.py:1362} INFO - 
--------------------------------------------------------------------------------
[2022-10-24T22:10:05.434+0000] {taskinstance.py:1363} INFO - Starting attempt 1 of 2
[2022-10-24T22:10:05.435+0000] {taskinstance.py:1364} INFO - 
--------------------------------------------------------------------------------
[2022-10-24T22:10:05.502+0000] {taskinstance.py:1383} INFO - Executing <Task(PythonOperator): get_categorias> on 2022-10-24 22:09:55.034950+00:00
[2022-10-24T22:10:05.515+0000] {standard_task_runner.py:54} INFO - Started process 24034 to run task
[2022-10-24T22:10:05.533+0000] {standard_task_runner.py:82} INFO - Running: ['***', 'tasks', 'run', 'sales_datawarehouse', 'get_categorias', 'manual__2022-10-24T22:09:55.034950+00:00', '--job-id', '427', '--raw', '--subdir', 'DAGS_FOLDER/sales_dw.py', '--cfg-path', '/tmp/tmpl90pp5os']
[2022-10-24T22:10:05.536+0000] {standard_task_runner.py:83} INFO - Job 427: Subtask get_categorias
[2022-10-24T22:10:05.541+0000] {dagbag.py:525} INFO - Filling up the DagBag from /opt/***/dags/sales_dw.py
[2022-10-24T22:10:07.412+0000] {task_command.py:384} INFO - Running <TaskInstance: sales_datawarehouse.get_categorias manual__2022-10-24T22:09:55.034950+00:00 [running]> on host 83cd0ab98720
[2022-10-24T22:10:07.629+0000] {taskinstance.py:1592} INFO - Exporting the following env vars:
AIRFLOW_CTX_DAG_OWNER=pedromenegat
AIRFLOW_CTX_DAG_ID=sales_datawarehouse
AIRFLOW_CTX_TASK_ID=get_categorias
AIRFLOW_CTX_EXECUTION_DATE=2022-10-24T22:09:55.034950+00:00
AIRFLOW_CTX_TRY_NUMBER=1
AIRFLOW_CTX_DAG_RUN_ID=manual__2022-10-24T22:09:55.034950+00:00
[2022-10-24T22:10:08.423+0000] {python.py:177} INFO - Done. Returned value was: None
[2022-10-24T22:10:08.441+0000] {taskinstance.py:1406} INFO - Marking task as SUCCESS. dag_id=sales_datawarehouse, task_id=get_categorias, execution_date=20221024T220955, start_date=20221024T221005, end_date=20221024T221008
[2022-10-24T22:10:08.484+0000] {local_task_job.py:164} INFO - Task exited with return code 0
[2022-10-24T22:10:08.547+0000] {local_task_job.py:273} INFO - 0 downstream tasks scheduled from follow-on schedule check
