[2022-10-24T21:25:20.466+0000] {taskinstance.py:1165} INFO - Dependencies all met for <TaskInstance: sales_datawarehouse.insert_vendas manual__2022-10-24T21:15:42.491122+00:00 [queued]>
[2022-10-24T21:25:20.480+0000] {taskinstance.py:1165} INFO - Dependencies all met for <TaskInstance: sales_datawarehouse.insert_vendas manual__2022-10-24T21:15:42.491122+00:00 [queued]>
[2022-10-24T21:25:20.481+0000] {taskinstance.py:1362} INFO - 
--------------------------------------------------------------------------------
[2022-10-24T21:25:20.481+0000] {taskinstance.py:1363} INFO - Starting attempt 4 of 4
[2022-10-24T21:25:20.482+0000] {taskinstance.py:1364} INFO - 
--------------------------------------------------------------------------------
[2022-10-24T21:25:20.501+0000] {taskinstance.py:1383} INFO - Executing <Task(PythonOperator): insert_vendas> on 2022-10-24 21:15:42.491122+00:00
[2022-10-24T21:25:20.523+0000] {standard_task_runner.py:54} INFO - Started process 21244 to run task
[2022-10-24T21:25:20.537+0000] {standard_task_runner.py:82} INFO - Running: ['***', 'tasks', 'run', 'sales_datawarehouse', 'insert_vendas', 'manual__2022-10-24T21:15:42.491122+00:00', '--job-id', '352', '--raw', '--subdir', 'DAGS_FOLDER/sales_dw.py', '--cfg-path', '/tmp/tmpuzzlarlf']
[2022-10-24T21:25:20.540+0000] {standard_task_runner.py:83} INFO - Job 352: Subtask insert_vendas
[2022-10-24T21:25:20.543+0000] {dagbag.py:525} INFO - Filling up the DagBag from /opt/***/dags/sales_dw.py
[2022-10-24T21:25:21.701+0000] {task_command.py:384} INFO - Running <TaskInstance: sales_datawarehouse.insert_vendas manual__2022-10-24T21:15:42.491122+00:00 [running]> on host 83cd0ab98720
[2022-10-24T21:25:21.787+0000] {taskinstance.py:1592} INFO - Exporting the following env vars:
AIRFLOW_CTX_DAG_OWNER=pedromenegat
AIRFLOW_CTX_DAG_ID=sales_datawarehouse
AIRFLOW_CTX_TASK_ID=insert_vendas
AIRFLOW_CTX_EXECUTION_DATE=2022-10-24T21:15:42.491122+00:00
AIRFLOW_CTX_TRY_NUMBER=4
AIRFLOW_CTX_DAG_RUN_ID=manual__2022-10-24T21:15:42.491122+00:00
[2022-10-24T21:25:21.909+0000] {taskinstance.py:1851} ERROR - Task failed with exception
Traceback (most recent call last):
  File "/home/airflow/.local/lib/python3.7/site-packages/sqlalchemy/engine/base.py", line 1783, in _execute_context
    cursor, statement, parameters, context
  File "/home/airflow/.local/lib/python3.7/site-packages/sqlalchemy/dialects/postgresql/psycopg2.py", line 957, in do_executemany
    **kwargs
  File "/home/airflow/.local/lib/python3.7/site-packages/psycopg2/extras.py", line 1270, in execute_values
    cur.execute(b''.join(parts))
psycopg2.errors.UndefinedColumn: column "index" of relation "funcionarios" does not exist
LINE 1: INSERT INTO funcionarios (index, id, nome) VALUES ('0', 1, '...
                                  ^


The above exception was the direct cause of the following exception:

Traceback (most recent call last):
  File "/home/airflow/.local/lib/python3.7/site-packages/airflow/operators/python.py", line 175, in execute
    return_value = self.execute_callable()
  File "/home/airflow/.local/lib/python3.7/site-packages/airflow/operators/python.py", line 193, in execute_callable
    return self.python_callable(*self.op_args, **self.op_kwargs)
  File "/opt/airflow/dags/sales_dw.py", line 58, in teste_xcom
    funcionarios_df.to_sql('funcionarios', engine, if_exists='append')
  File "/home/airflow/.local/lib/python3.7/site-packages/pandas/core/generic.py", line 2882, in to_sql
    method=method,
  File "/home/airflow/.local/lib/python3.7/site-packages/pandas/io/sql.py", line 728, in to_sql
    **engine_kwargs,
  File "/home/airflow/.local/lib/python3.7/site-packages/pandas/io/sql.py", line 1770, in to_sql
    **engine_kwargs,
  File "/home/airflow/.local/lib/python3.7/site-packages/pandas/io/sql.py", line 1350, in insert_records
    raise err
  File "/home/airflow/.local/lib/python3.7/site-packages/pandas/io/sql.py", line 1340, in insert_records
    table.insert(chunksize=chunksize, method=method)
  File "/home/airflow/.local/lib/python3.7/site-packages/pandas/io/sql.py", line 967, in insert
    exec_insert(conn, keys, chunk_iter)
  File "/home/airflow/.local/lib/python3.7/site-packages/pandas/io/sql.py", line 882, in _execute_insert
    conn.execute(self.table.insert(), data)
  File "/home/airflow/.local/lib/python3.7/site-packages/sqlalchemy/engine/base.py", line 1289, in execute
    return meth(self, multiparams, params, _EMPTY_EXECUTION_OPTS)
  File "/home/airflow/.local/lib/python3.7/site-packages/sqlalchemy/sql/elements.py", line 326, in _execute_on_connection
    self, multiparams, params, execution_options
  File "/home/airflow/.local/lib/python3.7/site-packages/sqlalchemy/engine/base.py", line 1491, in _execute_clauseelement
    cache_hit=cache_hit,
  File "/home/airflow/.local/lib/python3.7/site-packages/sqlalchemy/engine/base.py", line 1846, in _execute_context
    e, statement, parameters, cursor, context
  File "/home/airflow/.local/lib/python3.7/site-packages/sqlalchemy/engine/base.py", line 2027, in _handle_dbapi_exception
    sqlalchemy_exception, with_traceback=exc_info[2], from_=e
  File "/home/airflow/.local/lib/python3.7/site-packages/sqlalchemy/util/compat.py", line 207, in raise_
    raise exception
  File "/home/airflow/.local/lib/python3.7/site-packages/sqlalchemy/engine/base.py", line 1783, in _execute_context
    cursor, statement, parameters, context
  File "/home/airflow/.local/lib/python3.7/site-packages/sqlalchemy/dialects/postgresql/psycopg2.py", line 957, in do_executemany
    **kwargs
  File "/home/airflow/.local/lib/python3.7/site-packages/psycopg2/extras.py", line 1270, in execute_values
    cur.execute(b''.join(parts))
sqlalchemy.exc.ProgrammingError: (psycopg2.errors.UndefinedColumn) column "index" of relation "funcionarios" does not exist
LINE 1: INSERT INTO funcionarios (index, id, nome) VALUES ('0', 1, '...
                                  ^

[SQL: INSERT INTO funcionarios (index, id, nome) VALUES (%(index)s, %(id)s, %(nome)s)]
[parameters: ({'index': '0', 'id': 1, 'nome': 'Rob Carsson'}, {'index': '1', 'id': 5, 'nome': 'Ingrid Hendrix'}, {'index': '2', 'id': 8, 'nome': 'Helen Brolin'}, {'index': '3', 'id': 4, 'nome': 'Leif Shine'}, {'index': '4', 'id': 3, 'nome': 'Tom Lindwall'}, {'index': '5', 'id': 2, 'nome': 'Eli Preston'}, {'index': '6', 'id': 7, 'nome': 'Rock Rollman'}, {'index': '7', 'id': 6, 'nome': 'Lennart Skoglund'}, {'index': '8', 'id': 9, 'nome': 'Joan Callins'})]
(Background on this error at: https://sqlalche.me/e/14/f405)
[2022-10-24T21:25:21.931+0000] {taskinstance.py:1406} INFO - Marking task as FAILED. dag_id=sales_datawarehouse, task_id=insert_vendas, execution_date=20221024T211542, start_date=20221024T212520, end_date=20221024T212521
[2022-10-24T21:25:21.947+0000] {standard_task_runner.py:107} ERROR - Failed to execute job 352 for task insert_vendas ((psycopg2.errors.UndefinedColumn) column "index" of relation "funcionarios" does not exist
LINE 1: INSERT INTO funcionarios (index, id, nome) VALUES ('0', 1, '...
                                  ^

[SQL: INSERT INTO funcionarios (index, id, nome) VALUES (%(index)s, %(id)s, %(nome)s)]
[parameters: ({'index': '0', 'id': 1, 'nome': 'Rob Carsson'}, {'index': '1', 'id': 5, 'nome': 'Ingrid Hendrix'}, {'index': '2', 'id': 8, 'nome': 'Helen Brolin'}, {'index': '3', 'id': 4, 'nome': 'Leif Shine'}, {'index': '4', 'id': 3, 'nome': 'Tom Lindwall'}, {'index': '5', 'id': 2, 'nome': 'Eli Preston'}, {'index': '6', 'id': 7, 'nome': 'Rock Rollman'}, {'index': '7', 'id': 6, 'nome': 'Lennart Skoglund'}, {'index': '8', 'id': 9, 'nome': 'Joan Callins'})]
(Background on this error at: https://sqlalche.me/e/14/f405); 21244)
[2022-10-24T21:25:21.991+0000] {local_task_job.py:164} INFO - Task exited with return code 1
[2022-10-24T21:25:22.059+0000] {local_task_job.py:273} INFO - 0 downstream tasks scheduled from follow-on schedule check
