[2022-10-26T00:36:45.437+0000] {taskinstance.py:1165} INFO - Dependencies all met for <TaskInstance: sales_datawarehouse.get_funcionarios manual__2022-10-26T00:31:19.166146+00:00 [queued]>
[2022-10-26T00:36:45.453+0000] {taskinstance.py:1165} INFO - Dependencies all met for <TaskInstance: sales_datawarehouse.get_funcionarios manual__2022-10-26T00:31:19.166146+00:00 [queued]>
[2022-10-26T00:36:45.454+0000] {taskinstance.py:1362} INFO - 
--------------------------------------------------------------------------------
[2022-10-26T00:36:45.454+0000] {taskinstance.py:1363} INFO - Starting attempt 3 of 3
[2022-10-26T00:36:45.454+0000] {taskinstance.py:1364} INFO - 
--------------------------------------------------------------------------------
[2022-10-26T00:36:45.475+0000] {taskinstance.py:1383} INFO - Executing <Task(PythonOperator): get_funcionarios> on 2022-10-26 00:31:19.166146+00:00
[2022-10-26T00:36:45.491+0000] {standard_task_runner.py:54} INFO - Started process 3528 to run task
[2022-10-26T00:36:45.500+0000] {standard_task_runner.py:82} INFO - Running: ['***', 'tasks', 'run', 'sales_datawarehouse', 'get_funcionarios', 'manual__2022-10-26T00:31:19.166146+00:00', '--job-id', '602', '--raw', '--subdir', 'DAGS_FOLDER/sales_dw.py', '--cfg-path', '/tmp/tmpb_7fr57g']
[2022-10-26T00:36:45.504+0000] {standard_task_runner.py:83} INFO - Job 602: Subtask get_funcionarios
[2022-10-26T00:36:45.506+0000] {dagbag.py:525} INFO - Filling up the DagBag from /opt/***/dags/sales_dw.py
[2022-10-26T00:36:46.704+0000] {task_command.py:384} INFO - Running <TaskInstance: sales_datawarehouse.get_funcionarios manual__2022-10-26T00:31:19.166146+00:00 [running]> on host 83cd0ab98720
[2022-10-26T00:36:46.872+0000] {taskinstance.py:1592} INFO - Exporting the following env vars:
AIRFLOW_CTX_DAG_OWNER=pedromenegat
AIRFLOW_CTX_DAG_ID=sales_datawarehouse
AIRFLOW_CTX_TASK_ID=get_funcionarios
AIRFLOW_CTX_EXECUTION_DATE=2022-10-26T00:31:19.166146+00:00
AIRFLOW_CTX_TRY_NUMBER=3
AIRFLOW_CTX_DAG_RUN_ID=manual__2022-10-26T00:31:19.166146+00:00
[2022-10-26T00:37:09.247+0000] {python.py:177} INFO - Done. Returned value was: None
[2022-10-26T00:37:09.259+0000] {taskinstance.py:1406} INFO - Marking task as SUCCESS. dag_id=sales_datawarehouse, task_id=get_funcionarios, execution_date=20221026T003119, start_date=20221026T003645, end_date=20221026T003709
[2022-10-26T00:37:09.297+0000] {local_task_job.py:164} INFO - Task exited with return code 0
[2022-10-26T00:37:09.379+0000] {local_task_job.py:273} INFO - 1 downstream tasks scheduled from follow-on schedule check
