[2022-10-23T21:22:23.010+0000] {taskinstance.py:1165} INFO - Dependencies all met for <TaskInstance: sales_datawarehouse.get_vendas manual__2022-10-23T21:22:18.837873+00:00 [queued]>
[2022-10-23T21:22:23.034+0000] {taskinstance.py:1165} INFO - Dependencies all met for <TaskInstance: sales_datawarehouse.get_vendas manual__2022-10-23T21:22:18.837873+00:00 [queued]>
[2022-10-23T21:22:23.035+0000] {taskinstance.py:1362} INFO - 
--------------------------------------------------------------------------------
[2022-10-23T21:22:23.036+0000] {taskinstance.py:1363} INFO - Starting attempt 1 of 2
[2022-10-23T21:22:23.037+0000] {taskinstance.py:1364} INFO - 
--------------------------------------------------------------------------------
[2022-10-23T21:22:23.071+0000] {taskinstance.py:1383} INFO - Executing <Task(PythonOperator): get_vendas> on 2022-10-23 21:22:18.837873+00:00
[2022-10-23T21:22:23.077+0000] {standard_task_runner.py:54} INFO - Started process 1184 to run task
[2022-10-23T21:22:23.082+0000] {standard_task_runner.py:82} INFO - Running: ['***', 'tasks', 'run', 'sales_datawarehouse', 'get_vendas', 'manual__2022-10-23T21:22:18.837873+00:00', '--job-id', '163', '--raw', '--subdir', 'DAGS_FOLDER/sales_dw.py', '--cfg-path', '/tmp/tmpn7ud6py8']
[2022-10-23T21:22:23.085+0000] {standard_task_runner.py:83} INFO - Job 163: Subtask get_vendas
[2022-10-23T21:22:23.087+0000] {dagbag.py:525} INFO - Filling up the DagBag from /opt/***/dags/sales_dw.py
[2022-10-23T21:22:24.221+0000] {task_command.py:384} INFO - Running <TaskInstance: sales_datawarehouse.get_vendas manual__2022-10-23T21:22:18.837873+00:00 [running]> on host 83cd0ab98720
[2022-10-23T21:22:24.387+0000] {taskinstance.py:1592} INFO - Exporting the following env vars:
AIRFLOW_CTX_DAG_OWNER=pedromenegat
AIRFLOW_CTX_DAG_ID=sales_datawarehouse
AIRFLOW_CTX_TASK_ID=get_vendas
AIRFLOW_CTX_EXECUTION_DATE=2022-10-23T21:22:18.837873+00:00
AIRFLOW_CTX_TRY_NUMBER=1
AIRFLOW_CTX_DAG_RUN_ID=manual__2022-10-23T21:22:18.837873+00:00
[2022-10-23T21:22:24.398+0000] {base.py:71} INFO - Using connection ID 'banco_vendas' for task execution.
[2022-10-23T21:22:27.314+0000] {python.py:177} INFO - Done. Returned value was: None
[2022-10-23T21:22:27.330+0000] {taskinstance.py:1406} INFO - Marking task as SUCCESS. dag_id=sales_datawarehouse, task_id=get_vendas, execution_date=20221023T212218, start_date=20221023T212223, end_date=20221023T212227
[2022-10-23T21:22:27.361+0000] {local_task_job.py:164} INFO - Task exited with return code 0
[2022-10-23T21:22:27.433+0000] {local_task_job.py:273} INFO - 2 downstream tasks scheduled from follow-on schedule check
