[2022-10-24T19:32:21.626+0000] {taskinstance.py:1165} INFO - Dependencies all met for <TaskInstance: sales_datawarehouse.get_vendas manual__2022-10-24T19:30:12.309687+00:00 [queued]>
[2022-10-24T19:32:21.651+0000] {taskinstance.py:1165} INFO - Dependencies all met for <TaskInstance: sales_datawarehouse.get_vendas manual__2022-10-24T19:30:12.309687+00:00 [queued]>
[2022-10-24T19:32:21.652+0000] {taskinstance.py:1362} INFO - 
--------------------------------------------------------------------------------
[2022-10-24T19:32:21.653+0000] {taskinstance.py:1363} INFO - Starting attempt 2 of 2
[2022-10-24T19:32:21.654+0000] {taskinstance.py:1364} INFO - 
--------------------------------------------------------------------------------
[2022-10-24T19:32:21.718+0000] {taskinstance.py:1383} INFO - Executing <Task(PythonOperator): get_vendas> on 2022-10-24 19:30:12.309687+00:00
[2022-10-24T19:32:21.733+0000] {standard_task_runner.py:54} INFO - Started process 14207 to run task
[2022-10-24T19:32:21.751+0000] {standard_task_runner.py:82} INFO - Running: ['***', 'tasks', 'run', 'sales_datawarehouse', 'get_vendas', 'manual__2022-10-24T19:30:12.309687+00:00', '--job-id', '237', '--raw', '--subdir', 'DAGS_FOLDER/sales_dw.py', '--cfg-path', '/tmp/tmp19yc8f_h']
[2022-10-24T19:32:21.755+0000] {standard_task_runner.py:83} INFO - Job 237: Subtask get_vendas
[2022-10-24T19:32:21.757+0000] {dagbag.py:525} INFO - Filling up the DagBag from /opt/***/dags/sales_dw.py
[2022-10-24T19:32:22.871+0000] {task_command.py:384} INFO - Running <TaskInstance: sales_datawarehouse.get_vendas manual__2022-10-24T19:30:12.309687+00:00 [running]> on host 83cd0ab98720
[2022-10-24T19:32:23.006+0000] {taskinstance.py:1592} INFO - Exporting the following env vars:
AIRFLOW_CTX_DAG_OWNER=pedromenegat
AIRFLOW_CTX_DAG_ID=sales_datawarehouse
AIRFLOW_CTX_TASK_ID=get_vendas
AIRFLOW_CTX_EXECUTION_DATE=2022-10-24T19:30:12.309687+00:00
AIRFLOW_CTX_TRY_NUMBER=2
AIRFLOW_CTX_DAG_RUN_ID=manual__2022-10-24T19:30:12.309687+00:00
[2022-10-24T19:32:23.023+0000] {base.py:71} INFO - Using connection ID 'banco_vendas' for task execution.
[2022-10-24T19:32:25.093+0000] {python.py:177} INFO - Done. Returned value was: None
[2022-10-24T19:32:25.109+0000] {taskinstance.py:1406} INFO - Marking task as SUCCESS. dag_id=sales_datawarehouse, task_id=get_vendas, execution_date=20221024T193012, start_date=20221024T193221, end_date=20221024T193225
[2022-10-24T19:32:25.174+0000] {local_task_job.py:164} INFO - Task exited with return code 0
[2022-10-24T19:32:25.247+0000] {local_task_job.py:273} INFO - 2 downstream tasks scheduled from follow-on schedule check
