[2022-10-24T22:56:04.203+0000] {taskinstance.py:1165} INFO - Dependencies all met for <TaskInstance: sales_datawarehouse.insert_vendas manual__2022-10-24T22:44:48.298392+00:00 [queued]>
[2022-10-24T22:56:04.229+0000] {taskinstance.py:1165} INFO - Dependencies all met for <TaskInstance: sales_datawarehouse.insert_vendas manual__2022-10-24T22:44:48.298392+00:00 [queued]>
[2022-10-24T22:56:04.230+0000] {taskinstance.py:1362} INFO - 
--------------------------------------------------------------------------------
[2022-10-24T22:56:04.231+0000] {taskinstance.py:1363} INFO - Starting attempt 5 of 6
[2022-10-24T22:56:04.232+0000] {taskinstance.py:1364} INFO - 
--------------------------------------------------------------------------------
[2022-10-24T22:56:04.264+0000] {taskinstance.py:1383} INFO - Executing <Task(PythonOperator): insert_vendas> on 2022-10-24 22:44:48.298392+00:00
[2022-10-24T22:56:04.270+0000] {standard_task_runner.py:54} INFO - Started process 27101 to run task
[2022-10-24T22:56:04.277+0000] {standard_task_runner.py:82} INFO - Running: ['***', 'tasks', 'run', 'sales_datawarehouse', 'insert_vendas', 'manual__2022-10-24T22:44:48.298392+00:00', '--job-id', '550', '--raw', '--subdir', 'DAGS_FOLDER/sales_dw.py', '--cfg-path', '/tmp/tmp65yd921w']
[2022-10-24T22:56:04.280+0000] {standard_task_runner.py:83} INFO - Job 550: Subtask insert_vendas
[2022-10-24T22:56:04.282+0000] {dagbag.py:525} INFO - Filling up the DagBag from /opt/***/dags/sales_dw.py
[2022-10-24T22:56:05.258+0000] {task_command.py:384} INFO - Running <TaskInstance: sales_datawarehouse.insert_vendas manual__2022-10-24T22:44:48.298392+00:00 [running]> on host 83cd0ab98720
[2022-10-24T22:56:05.419+0000] {taskinstance.py:1592} INFO - Exporting the following env vars:
AIRFLOW_CTX_DAG_OWNER=pedromenegat
AIRFLOW_CTX_DAG_ID=sales_datawarehouse
AIRFLOW_CTX_TASK_ID=insert_vendas
AIRFLOW_CTX_EXECUTION_DATE=2022-10-24T22:44:48.298392+00:00
AIRFLOW_CTX_TRY_NUMBER=5
AIRFLOW_CTX_DAG_RUN_ID=manual__2022-10-24T22:44:48.298392+00:00
[2022-10-24T22:56:05.707+0000] {python.py:177} INFO - Done. Returned value was: None
[2022-10-24T22:56:05.725+0000] {taskinstance.py:1406} INFO - Marking task as SUCCESS. dag_id=sales_datawarehouse, task_id=insert_vendas, execution_date=20221024T224448, start_date=20221024T225604, end_date=20221024T225605
[2022-10-24T22:56:05.774+0000] {local_task_job.py:164} INFO - Task exited with return code 0
[2022-10-24T22:56:05.813+0000] {local_task_job.py:273} INFO - 0 downstream tasks scheduled from follow-on schedule check
