[2022-10-24T21:16:17.271+0000] {taskinstance.py:1165} INFO - Dependencies all met for <TaskInstance: sales_datawarehouse.insert_vendas manual__2022-10-24T20:38:49.756550+00:00 [queued]>
[2022-10-24T21:16:17.285+0000] {taskinstance.py:1165} INFO - Dependencies all met for <TaskInstance: sales_datawarehouse.insert_vendas manual__2022-10-24T20:38:49.756550+00:00 [queued]>
[2022-10-24T21:16:17.285+0000] {taskinstance.py:1362} INFO - 
--------------------------------------------------------------------------------
[2022-10-24T21:16:17.286+0000] {taskinstance.py:1363} INFO - Starting attempt 3 of 4
[2022-10-24T21:16:17.286+0000] {taskinstance.py:1364} INFO - 
--------------------------------------------------------------------------------
[2022-10-24T21:16:17.307+0000] {taskinstance.py:1383} INFO - Executing <Task(PythonOperator): insert_vendas> on 2022-10-24 20:38:49.756550+00:00
[2022-10-24T21:16:17.314+0000] {standard_task_runner.py:54} INFO - Started process 20631 to run task
[2022-10-24T21:16:17.319+0000] {standard_task_runner.py:82} INFO - Running: ['***', 'tasks', 'run', 'sales_datawarehouse', 'insert_vendas', 'manual__2022-10-24T20:38:49.756550+00:00', '--job-id', '330', '--raw', '--subdir', 'DAGS_FOLDER/sales_dw.py', '--cfg-path', '/tmp/tmp2pydvzih']
[2022-10-24T21:16:17.320+0000] {standard_task_runner.py:83} INFO - Job 330: Subtask insert_vendas
[2022-10-24T21:16:17.322+0000] {dagbag.py:525} INFO - Filling up the DagBag from /opt/***/dags/sales_dw.py
[2022-10-24T21:16:18.145+0000] {task_command.py:384} INFO - Running <TaskInstance: sales_datawarehouse.insert_vendas manual__2022-10-24T20:38:49.756550+00:00 [running]> on host 83cd0ab98720
[2022-10-24T21:16:18.249+0000] {taskinstance.py:1592} INFO - Exporting the following env vars:
AIRFLOW_CTX_DAG_OWNER=pedromenegat
AIRFLOW_CTX_DAG_ID=sales_datawarehouse
AIRFLOW_CTX_TASK_ID=insert_vendas
AIRFLOW_CTX_EXECUTION_DATE=2022-10-24T20:38:49.756550+00:00
AIRFLOW_CTX_TRY_NUMBER=3
AIRFLOW_CTX_DAG_RUN_ID=manual__2022-10-24T20:38:49.756550+00:00
[2022-10-24T21:16:18.433+0000] {taskinstance.py:1851} ERROR - Task failed with exception
Traceback (most recent call last):
  File "/home/airflow/.local/lib/python3.7/site-packages/airflow/operators/python.py", line 175, in execute
    return_value = self.execute_callable()
  File "/home/airflow/.local/lib/python3.7/site-packages/airflow/operators/python.py", line 193, in execute_callable
    return self.python_callable(*self.op_args, **self.op_kwargs)
  File "/opt/airflow/dags/sales_dw.py", line 48, in teste_xcom
    vendas_df.to_sql('vendas', engine)
  File "/home/airflow/.local/lib/python3.7/site-packages/pandas/core/generic.py", line 2882, in to_sql
    method=method,
  File "/home/airflow/.local/lib/python3.7/site-packages/pandas/io/sql.py", line 728, in to_sql
    **engine_kwargs,
  File "/home/airflow/.local/lib/python3.7/site-packages/pandas/io/sql.py", line 1758, in to_sql
    dtype=dtype,
  File "/home/airflow/.local/lib/python3.7/site-packages/pandas/io/sql.py", line 1650, in prep_table
    table.create()
  File "/home/airflow/.local/lib/python3.7/site-packages/pandas/io/sql.py", line 858, in create
    raise ValueError(f"Table '{self.name}' already exists.")
ValueError: Table 'vendas' already exists.
[2022-10-24T21:16:18.464+0000] {taskinstance.py:1406} INFO - Marking task as UP_FOR_RETRY. dag_id=sales_datawarehouse, task_id=insert_vendas, execution_date=20221024T203849, start_date=20221024T211617, end_date=20221024T211618
[2022-10-24T21:16:18.489+0000] {standard_task_runner.py:107} ERROR - Failed to execute job 330 for task insert_vendas (Table 'vendas' already exists.; 20631)
[2022-10-24T21:16:18.537+0000] {local_task_job.py:164} INFO - Task exited with return code 1
[2022-10-24T21:16:18.562+0000] {local_task_job.py:273} INFO - 0 downstream tasks scheduled from follow-on schedule check
