[2022-10-24T20:38:58.577+0000] {taskinstance.py:1165} INFO - Dependencies all met for <TaskInstance: sales_datawarehouse.get_categorias manual__2022-10-24T20:38:49.756550+00:00 [queued]>
[2022-10-24T20:38:58.601+0000] {taskinstance.py:1165} INFO - Dependencies all met for <TaskInstance: sales_datawarehouse.get_categorias manual__2022-10-24T20:38:49.756550+00:00 [queued]>
[2022-10-24T20:38:58.602+0000] {taskinstance.py:1362} INFO - 
--------------------------------------------------------------------------------
[2022-10-24T20:38:58.604+0000] {taskinstance.py:1363} INFO - Starting attempt 1 of 2
[2022-10-24T20:38:58.604+0000] {taskinstance.py:1364} INFO - 
--------------------------------------------------------------------------------
[2022-10-24T20:38:58.645+0000] {taskinstance.py:1383} INFO - Executing <Task(PythonOperator): get_categorias> on 2022-10-24 20:38:49.756550+00:00
[2022-10-24T20:38:58.660+0000] {standard_task_runner.py:54} INFO - Started process 18388 to run task
[2022-10-24T20:38:58.674+0000] {standard_task_runner.py:82} INFO - Running: ['***', 'tasks', 'run', 'sales_datawarehouse', 'get_categorias', 'manual__2022-10-24T20:38:49.756550+00:00', '--job-id', '317', '--raw', '--subdir', 'DAGS_FOLDER/sales_dw.py', '--cfg-path', '/tmp/tmpmji1h45m']
[2022-10-24T20:38:58.679+0000] {standard_task_runner.py:83} INFO - Job 317: Subtask get_categorias
[2022-10-24T20:38:58.681+0000] {dagbag.py:525} INFO - Filling up the DagBag from /opt/***/dags/sales_dw.py
[2022-10-24T20:38:59.821+0000] {task_command.py:384} INFO - Running <TaskInstance: sales_datawarehouse.get_categorias manual__2022-10-24T20:38:49.756550+00:00 [running]> on host 83cd0ab98720
[2022-10-24T20:38:59.969+0000] {taskinstance.py:1592} INFO - Exporting the following env vars:
AIRFLOW_CTX_DAG_OWNER=pedromenegat
AIRFLOW_CTX_DAG_ID=sales_datawarehouse
AIRFLOW_CTX_TASK_ID=get_categorias
AIRFLOW_CTX_EXECUTION_DATE=2022-10-24T20:38:49.756550+00:00
AIRFLOW_CTX_TRY_NUMBER=1
AIRFLOW_CTX_DAG_RUN_ID=manual__2022-10-24T20:38:49.756550+00:00
[2022-10-24T20:39:00.207+0000] {python.py:177} INFO - Done. Returned value was: None
[2022-10-24T20:39:00.225+0000] {taskinstance.py:1406} INFO - Marking task as SUCCESS. dag_id=sales_datawarehouse, task_id=get_categorias, execution_date=20221024T203849, start_date=20221024T203858, end_date=20221024T203900
[2022-10-24T20:39:00.261+0000] {local_task_job.py:164} INFO - Task exited with return code 0
[2022-10-24T20:39:00.306+0000] {local_task_job.py:273} INFO - 0 downstream tasks scheduled from follow-on schedule check
