[2022-10-24T22:18:46.603+0000] {taskinstance.py:1165} INFO - Dependencies all met for <TaskInstance: sales_datawarehouse.get_funcionarios manual__2022-10-24T22:09:55.034950+00:00 [queued]>
[2022-10-24T22:18:46.635+0000] {taskinstance.py:1165} INFO - Dependencies all met for <TaskInstance: sales_datawarehouse.get_funcionarios manual__2022-10-24T22:09:55.034950+00:00 [queued]>
[2022-10-24T22:18:46.636+0000] {taskinstance.py:1362} INFO - 
--------------------------------------------------------------------------------
[2022-10-24T22:18:46.636+0000] {taskinstance.py:1363} INFO - Starting attempt 2 of 3
[2022-10-24T22:18:46.637+0000] {taskinstance.py:1364} INFO - 
--------------------------------------------------------------------------------
[2022-10-24T22:18:46.678+0000] {taskinstance.py:1383} INFO - Executing <Task(PythonOperator): get_funcionarios> on 2022-10-24 22:09:55.034950+00:00
[2022-10-24T22:18:46.693+0000] {standard_task_runner.py:54} INFO - Started process 24577 to run task
[2022-10-24T22:18:46.720+0000] {standard_task_runner.py:82} INFO - Running: ['***', 'tasks', 'run', 'sales_datawarehouse', 'get_funcionarios', 'manual__2022-10-24T22:09:55.034950+00:00', '--job-id', '441', '--raw', '--subdir', 'DAGS_FOLDER/sales_dw.py', '--cfg-path', '/tmp/tmp_5btlg27']
[2022-10-24T22:18:46.723+0000] {standard_task_runner.py:83} INFO - Job 441: Subtask get_funcionarios
[2022-10-24T22:18:46.736+0000] {dagbag.py:525} INFO - Filling up the DagBag from /opt/***/dags/sales_dw.py
[2022-10-24T22:18:47.578+0000] {task_command.py:384} INFO - Running <TaskInstance: sales_datawarehouse.get_funcionarios manual__2022-10-24T22:09:55.034950+00:00 [running]> on host 83cd0ab98720
[2022-10-24T22:18:47.693+0000] {taskinstance.py:1592} INFO - Exporting the following env vars:
AIRFLOW_CTX_DAG_OWNER=pedromenegat
AIRFLOW_CTX_DAG_ID=sales_datawarehouse
AIRFLOW_CTX_TASK_ID=get_funcionarios
AIRFLOW_CTX_EXECUTION_DATE=2022-10-24T22:09:55.034950+00:00
AIRFLOW_CTX_TRY_NUMBER=2
AIRFLOW_CTX_DAG_RUN_ID=manual__2022-10-24T22:09:55.034950+00:00
[2022-10-24T22:19:09.697+0000] {logging_mixin.py:117} INFO -    id_funcionario  nome_funcionario
0               1       Rob Carsson
1               5    Ingrid Hendrix
2               8      Helen Brolin
3               4        Leif Shine
4               3      Tom Lindwall
5               2       Eli Preston
6               7      Rock Rollman
7               6  Lennart Skoglund
8               9      Joan Callins
[2022-10-24T22:19:09.720+0000] {python.py:177} INFO - Done. Returned value was: None
[2022-10-24T22:19:09.735+0000] {taskinstance.py:1406} INFO - Marking task as SUCCESS. dag_id=sales_datawarehouse, task_id=get_funcionarios, execution_date=20221024T220955, start_date=20221024T221846, end_date=20221024T221909
[2022-10-24T22:19:09.782+0000] {local_task_job.py:164} INFO - Task exited with return code 0
[2022-10-24T22:19:09.825+0000] {local_task_job.py:273} INFO - 1 downstream tasks scheduled from follow-on schedule check
