[2022-10-23T16:22:11.298+0000] {taskinstance.py:1165} INFO - Dependencies all met for <TaskInstance: sales_datawarehouse.query_vendas manual__2022-10-23T00:57:58.155755+00:00 [queued]>
[2022-10-23T16:22:11.311+0000] {taskinstance.py:1165} INFO - Dependencies all met for <TaskInstance: sales_datawarehouse.query_vendas manual__2022-10-23T00:57:58.155755+00:00 [queued]>
[2022-10-23T16:22:11.312+0000] {taskinstance.py:1362} INFO - 
--------------------------------------------------------------------------------
[2022-10-23T16:22:11.313+0000] {taskinstance.py:1363} INFO - Starting attempt 3 of 6
[2022-10-23T16:22:11.313+0000] {taskinstance.py:1364} INFO - 
--------------------------------------------------------------------------------
[2022-10-23T16:22:11.333+0000] {taskinstance.py:1383} INFO - Executing <Task(PostgresOperator): query_vendas> on 2022-10-23 00:57:58.155755+00:00
[2022-10-23T16:22:11.338+0000] {standard_task_runner.py:54} INFO - Started process 975 to run task
[2022-10-23T16:22:11.342+0000] {standard_task_runner.py:82} INFO - Running: ['***', 'tasks', 'run', 'sales_datawarehouse', 'query_vendas', 'manual__2022-10-23T00:57:58.155755+00:00', '--job-id', '22', '--raw', '--subdir', 'DAGS_FOLDER/sales_dw.py', '--cfg-path', '/tmp/tmpn8lrldqk']
[2022-10-23T16:22:11.344+0000] {standard_task_runner.py:83} INFO - Job 22: Subtask query_vendas
[2022-10-23T16:22:11.346+0000] {dagbag.py:525} INFO - Filling up the DagBag from /opt/***/dags/sales_dw.py
[2022-10-23T16:22:11.711+0000] {task_command.py:384} INFO - Running <TaskInstance: sales_datawarehouse.query_vendas manual__2022-10-23T00:57:58.155755+00:00 [running]> on host 499050b57294
[2022-10-23T16:22:11.793+0000] {taskinstance.py:1592} INFO - Exporting the following env vars:
AIRFLOW_CTX_DAG_OWNER=pedromenegat
AIRFLOW_CTX_DAG_ID=sales_datawarehouse
AIRFLOW_CTX_TASK_ID=query_vendas
AIRFLOW_CTX_EXECUTION_DATE=2022-10-23T00:57:58.155755+00:00
AIRFLOW_CTX_TRY_NUMBER=3
AIRFLOW_CTX_DAG_RUN_ID=manual__2022-10-23T00:57:58.155755+00:00
[2022-10-23T16:22:11.803+0000] {base.py:71} INFO - Using connection ID 'banco_vendas' for task execution.
[2022-10-23T16:22:13.271+0000] {sql.py:315} INFO - Running statement: 
            SELECT * FROM venda LIMIT 10;
        , parameters: None
[2022-10-23T16:22:13.681+0000] {sql.py:324} INFO - Rows affected: 10
[2022-10-23T16:22:13.947+0000] {taskinstance.py:1406} INFO - Marking task as SUCCESS. dag_id=sales_datawarehouse, task_id=query_vendas, execution_date=20221023T005758, start_date=20221023T162211, end_date=20221023T162213
[2022-10-23T16:22:14.090+0000] {local_task_job.py:164} INFO - Task exited with return code 0
[2022-10-23T16:22:14.197+0000] {local_task_job.py:273} INFO - 0 downstream tasks scheduled from follow-on schedule check
