[2022-10-23T16:17:58.397+0000] {taskinstance.py:1165} INFO - Dependencies all met for <TaskInstance: sales_datawarehouse.query_vendas manual__2022-10-23T00:57:58.155755+00:00 [queued]>
[2022-10-23T16:17:58.418+0000] {taskinstance.py:1165} INFO - Dependencies all met for <TaskInstance: sales_datawarehouse.query_vendas manual__2022-10-23T00:57:58.155755+00:00 [queued]>
[2022-10-23T16:17:58.419+0000] {taskinstance.py:1362} INFO - 
--------------------------------------------------------------------------------
[2022-10-23T16:17:58.419+0000] {taskinstance.py:1363} INFO - Starting attempt 1 of 6
[2022-10-23T16:17:58.420+0000] {taskinstance.py:1364} INFO - 
--------------------------------------------------------------------------------
[2022-10-23T16:17:58.450+0000] {taskinstance.py:1383} INFO - Executing <Task(PostgresOperator): query_vendas> on 2022-10-23 00:57:58.155755+00:00
[2022-10-23T16:17:58.462+0000] {standard_task_runner.py:54} INFO - Started process 722 to run task
[2022-10-23T16:17:58.466+0000] {standard_task_runner.py:82} INFO - Running: ['***', 'tasks', 'run', 'sales_datawarehouse', 'query_vendas', 'manual__2022-10-23T00:57:58.155755+00:00', '--job-id', '9', '--raw', '--subdir', 'DAGS_FOLDER/sales_dw.py', '--cfg-path', '/tmp/tmpqkuxky4y']
[2022-10-23T16:17:58.468+0000] {standard_task_runner.py:83} INFO - Job 9: Subtask query_vendas
[2022-10-23T16:17:58.469+0000] {dagbag.py:525} INFO - Filling up the DagBag from /opt/***/dags/sales_dw.py
[2022-10-23T16:17:58.964+0000] {task_command.py:384} INFO - Running <TaskInstance: sales_datawarehouse.query_vendas manual__2022-10-23T00:57:58.155755+00:00 [running]> on host 499050b57294
[2022-10-23T16:17:59.104+0000] {taskinstance.py:1592} INFO - Exporting the following env vars:
AIRFLOW_CTX_DAG_OWNER=pedromenegat
AIRFLOW_CTX_DAG_ID=sales_datawarehouse
AIRFLOW_CTX_TASK_ID=query_vendas
AIRFLOW_CTX_EXECUTION_DATE=2022-10-23T00:57:58.155755+00:00
AIRFLOW_CTX_TRY_NUMBER=1
AIRFLOW_CTX_DAG_RUN_ID=manual__2022-10-23T00:57:58.155755+00:00
[2022-10-23T16:17:59.119+0000] {base.py:71} INFO - Using connection ID 'banco_vendas' for task execution.
[2022-10-23T16:18:00.751+0000] {sql.py:315} INFO - Running statement: 
            SELECT * FROM vendas;
        , parameters: None
[2022-10-23T16:18:01.265+0000] {taskinstance.py:1851} ERROR - Task failed with exception
Traceback (most recent call last):
  File "/home/airflow/.local/lib/python3.7/site-packages/airflow/providers/postgres/operators/postgres.py", line 94, in execute
    self.hook.run(self.sql, self.autocommit, parameters=self.parameters)
  File "/home/airflow/.local/lib/python3.7/site-packages/airflow/providers/common/sql/hooks/sql.py", line 295, in run
    self._run_command(cur, sql_statement, parameters)
  File "/home/airflow/.local/lib/python3.7/site-packages/airflow/providers/common/sql/hooks/sql.py", line 320, in _run_command
    cur.execute(sql_statement)
psycopg2.errors.UndefinedTable: relation "vendas" does not exist
LINE 2:             SELECT * FROM vendas;
                                  ^

[2022-10-23T16:18:01.287+0000] {taskinstance.py:1406} INFO - Marking task as UP_FOR_RETRY. dag_id=sales_datawarehouse, task_id=query_vendas, execution_date=20221023T005758, start_date=20221023T161758, end_date=20221023T161801
[2022-10-23T16:18:01.325+0000] {standard_task_runner.py:107} ERROR - Failed to execute job 9 for task query_vendas (relation "vendas" does not exist
LINE 2:             SELECT * FROM vendas;
                                  ^
; 722)
[2022-10-23T16:18:01.375+0000] {local_task_job.py:164} INFO - Task exited with return code 1
[2022-10-23T16:18:01.472+0000] {local_task_job.py:273} INFO - 0 downstream tasks scheduled from follow-on schedule check
