[2022-10-23T18:22:03.371+0000] {taskinstance.py:1165} INFO - Dependencies all met for <TaskInstance: sales_datawarehouse.get_funcionarios manual__2022-10-23T18:06:03.268576+00:00 [queued]>
[2022-10-23T18:22:03.385+0000] {taskinstance.py:1165} INFO - Dependencies all met for <TaskInstance: sales_datawarehouse.get_funcionarios manual__2022-10-23T18:06:03.268576+00:00 [queued]>
[2022-10-23T18:22:03.386+0000] {taskinstance.py:1362} INFO - 
--------------------------------------------------------------------------------
[2022-10-23T18:22:03.387+0000] {taskinstance.py:1363} INFO - Starting attempt 3 of 4
[2022-10-23T18:22:03.387+0000] {taskinstance.py:1364} INFO - 
--------------------------------------------------------------------------------
[2022-10-23T18:22:03.406+0000] {taskinstance.py:1383} INFO - Executing <Task(PythonOperator): get_funcionarios> on 2022-10-23 18:06:03.268576+00:00
[2022-10-23T18:22:03.410+0000] {standard_task_runner.py:54} INFO - Started process 8030 to run task
[2022-10-23T18:22:03.414+0000] {standard_task_runner.py:82} INFO - Running: ['***', 'tasks', 'run', 'sales_datawarehouse', 'get_funcionarios', 'manual__2022-10-23T18:06:03.268576+00:00', '--job-id', '83', '--raw', '--subdir', 'DAGS_FOLDER/sales_dw.py', '--cfg-path', '/tmp/tmp_31iq88y']
[2022-10-23T18:22:03.416+0000] {standard_task_runner.py:83} INFO - Job 83: Subtask get_funcionarios
[2022-10-23T18:22:03.417+0000] {dagbag.py:525} INFO - Filling up the DagBag from /opt/***/dags/sales_dw.py
[2022-10-23T18:22:03.992+0000] {task_command.py:384} INFO - Running <TaskInstance: sales_datawarehouse.get_funcionarios manual__2022-10-23T18:06:03.268576+00:00 [running]> on host 499050b57294
[2022-10-23T18:22:04.069+0000] {taskinstance.py:1592} INFO - Exporting the following env vars:
AIRFLOW_CTX_DAG_OWNER=pedromenegat
AIRFLOW_CTX_DAG_ID=sales_datawarehouse
AIRFLOW_CTX_TASK_ID=get_funcionarios
AIRFLOW_CTX_EXECUTION_DATE=2022-10-23T18:06:03.268576+00:00
AIRFLOW_CTX_TRY_NUMBER=3
AIRFLOW_CTX_DAG_RUN_ID=manual__2022-10-23T18:06:03.268576+00:00
[2022-10-23T18:22:49.230+0000] {logging_mixin.py:117} INFO -    id              nome
0   [  <Response [500]>
1   1  <Response [200]>
2   ,  <Response [500]>
3      <Response [500]>
4   5  <Response [200]>
5   ,  <Response [500]>
6      <Response [500]>
7   8  <Response [200]>
8   ,  <Response [500]>
9      <Response [500]>
10  4  <Response [200]>
11  ,  <Response [500]>
12     <Response [500]>
13  3  <Response [200]>
14  ,  <Response [500]>
15     <Response [500]>
16  2  <Response [200]>
17  ,  <Response [500]>
18     <Response [500]>
19  7  <Response [200]>
20  ,  <Response [500]>
21     <Response [500]>
22  6  <Response [200]>
23  ,  <Response [500]>
24     <Response [500]>
25  9  <Response [200]>
26  ]  <Response [500]>
[2022-10-23T18:22:49.231+0000] {python.py:177} INFO - Done. Returned value was: None
[2022-10-23T18:22:49.244+0000] {taskinstance.py:1406} INFO - Marking task as SUCCESS. dag_id=sales_datawarehouse, task_id=get_funcionarios, execution_date=20221023T180603, start_date=20221023T182203, end_date=20221023T182249
[2022-10-23T18:22:49.303+0000] {local_task_job.py:164} INFO - Task exited with return code 0
[2022-10-23T18:22:49.327+0000] {local_task_job.py:273} INFO - 0 downstream tasks scheduled from follow-on schedule check
