[2022-10-23T18:34:42.741+0000] {taskinstance.py:1165} INFO - Dependencies all met for <TaskInstance: sales_datawarehouse.get_funcionarios manual__2022-10-23T18:06:03.268576+00:00 [queued]>
[2022-10-23T18:34:42.755+0000] {taskinstance.py:1165} INFO - Dependencies all met for <TaskInstance: sales_datawarehouse.get_funcionarios manual__2022-10-23T18:06:03.268576+00:00 [queued]>
[2022-10-23T18:34:42.755+0000] {taskinstance.py:1362} INFO - 
--------------------------------------------------------------------------------
[2022-10-23T18:34:42.756+0000] {taskinstance.py:1363} INFO - Starting attempt 5 of 6
[2022-10-23T18:34:42.756+0000] {taskinstance.py:1364} INFO - 
--------------------------------------------------------------------------------
[2022-10-23T18:34:42.774+0000] {taskinstance.py:1383} INFO - Executing <Task(PythonOperator): get_funcionarios> on 2022-10-23 18:06:03.268576+00:00
[2022-10-23T18:34:42.778+0000] {standard_task_runner.py:54} INFO - Started process 8807 to run task
[2022-10-23T18:34:42.781+0000] {standard_task_runner.py:82} INFO - Running: ['***', 'tasks', 'run', 'sales_datawarehouse', 'get_funcionarios', 'manual__2022-10-23T18:06:03.268576+00:00', '--job-id', '97', '--raw', '--subdir', 'DAGS_FOLDER/sales_dw.py', '--cfg-path', '/tmp/tmp278gukp8']
[2022-10-23T18:34:42.783+0000] {standard_task_runner.py:83} INFO - Job 97: Subtask get_funcionarios
[2022-10-23T18:34:42.784+0000] {dagbag.py:525} INFO - Filling up the DagBag from /opt/***/dags/sales_dw.py
[2022-10-23T18:34:43.458+0000] {task_command.py:384} INFO - Running <TaskInstance: sales_datawarehouse.get_funcionarios manual__2022-10-23T18:06:03.268576+00:00 [running]> on host 499050b57294
[2022-10-23T18:34:43.552+0000] {taskinstance.py:1592} INFO - Exporting the following env vars:
AIRFLOW_CTX_DAG_OWNER=pedromenegat
AIRFLOW_CTX_DAG_ID=sales_datawarehouse
AIRFLOW_CTX_TASK_ID=get_funcionarios
AIRFLOW_CTX_EXECUTION_DATE=2022-10-23T18:06:03.268576+00:00
AIRFLOW_CTX_TRY_NUMBER=5
AIRFLOW_CTX_DAG_RUN_ID=manual__2022-10-23T18:06:03.268576+00:00
[2022-10-23T18:34:43.565+0000] {logging_mixin.py:117} INFO - [
[2022-10-23T18:34:43.565+0000] {logging_mixin.py:117} INFO - [1, 5, 8, 4, 3, 2, 7, 6, 9]
[2022-10-23T18:34:43.566+0000] {logging_mixin.py:117} INFO - 1
[2022-10-23T18:34:43.566+0000] {logging_mixin.py:117} INFO - [1, 5, 8, 4, 3, 2, 7, 6, 9]
[2022-10-23T18:34:43.566+0000] {logging_mixin.py:117} INFO - ,
[2022-10-23T18:34:43.566+0000] {logging_mixin.py:117} INFO - [1, 5, 8, 4, 3, 2, 7, 6, 9]
[2022-10-23T18:34:43.567+0000] {logging_mixin.py:117} INFO -  
[2022-10-23T18:34:43.567+0000] {logging_mixin.py:117} INFO - [1, 5, 8, 4, 3, 2, 7, 6, 9]
[2022-10-23T18:34:43.567+0000] {logging_mixin.py:117} INFO - 5
[2022-10-23T18:34:43.568+0000] {logging_mixin.py:117} INFO - [1, 5, 8, 4, 3, 2, 7, 6, 9]
[2022-10-23T18:34:43.568+0000] {logging_mixin.py:117} INFO - ,
[2022-10-23T18:34:43.568+0000] {logging_mixin.py:117} INFO - [1, 5, 8, 4, 3, 2, 7, 6, 9]
[2022-10-23T18:34:43.568+0000] {logging_mixin.py:117} INFO -  
[2022-10-23T18:34:43.568+0000] {logging_mixin.py:117} INFO - [1, 5, 8, 4, 3, 2, 7, 6, 9]
[2022-10-23T18:34:43.569+0000] {logging_mixin.py:117} INFO - 8
[2022-10-23T18:34:43.569+0000] {logging_mixin.py:117} INFO - [1, 5, 8, 4, 3, 2, 7, 6, 9]
[2022-10-23T18:34:43.569+0000] {logging_mixin.py:117} INFO - ,
[2022-10-23T18:34:43.569+0000] {logging_mixin.py:117} INFO - [1, 5, 8, 4, 3, 2, 7, 6, 9]
[2022-10-23T18:34:43.570+0000] {logging_mixin.py:117} INFO -  
[2022-10-23T18:34:43.570+0000] {logging_mixin.py:117} INFO - [1, 5, 8, 4, 3, 2, 7, 6, 9]
[2022-10-23T18:34:43.570+0000] {logging_mixin.py:117} INFO - 4
[2022-10-23T18:34:43.570+0000] {logging_mixin.py:117} INFO - [1, 5, 8, 4, 3, 2, 7, 6, 9]
[2022-10-23T18:34:43.571+0000] {logging_mixin.py:117} INFO - ,
[2022-10-23T18:34:43.571+0000] {logging_mixin.py:117} INFO - [1, 5, 8, 4, 3, 2, 7, 6, 9]
[2022-10-23T18:34:43.572+0000] {logging_mixin.py:117} INFO -  
[2022-10-23T18:34:43.572+0000] {logging_mixin.py:117} INFO - [1, 5, 8, 4, 3, 2, 7, 6, 9]
[2022-10-23T18:34:43.573+0000] {logging_mixin.py:117} INFO - 3
[2022-10-23T18:34:43.574+0000] {logging_mixin.py:117} INFO - [1, 5, 8, 4, 3, 2, 7, 6, 9]
[2022-10-23T18:34:43.574+0000] {logging_mixin.py:117} INFO - ,
[2022-10-23T18:34:43.574+0000] {logging_mixin.py:117} INFO - [1, 5, 8, 4, 3, 2, 7, 6, 9]
[2022-10-23T18:34:43.575+0000] {logging_mixin.py:117} INFO -  
[2022-10-23T18:34:43.575+0000] {logging_mixin.py:117} INFO - [1, 5, 8, 4, 3, 2, 7, 6, 9]
[2022-10-23T18:34:43.575+0000] {logging_mixin.py:117} INFO - 2
[2022-10-23T18:34:43.575+0000] {logging_mixin.py:117} INFO - [1, 5, 8, 4, 3, 2, 7, 6, 9]
[2022-10-23T18:34:43.576+0000] {logging_mixin.py:117} INFO - ,
[2022-10-23T18:34:43.576+0000] {logging_mixin.py:117} INFO - [1, 5, 8, 4, 3, 2, 7, 6, 9]
[2022-10-23T18:34:43.576+0000] {logging_mixin.py:117} INFO -  
[2022-10-23T18:34:43.576+0000] {logging_mixin.py:117} INFO - [1, 5, 8, 4, 3, 2, 7, 6, 9]
[2022-10-23T18:34:43.577+0000] {logging_mixin.py:117} INFO - 7
[2022-10-23T18:34:43.577+0000] {logging_mixin.py:117} INFO - [1, 5, 8, 4, 3, 2, 7, 6, 9]
[2022-10-23T18:34:43.577+0000] {logging_mixin.py:117} INFO - ,
[2022-10-23T18:34:43.577+0000] {logging_mixin.py:117} INFO - [1, 5, 8, 4, 3, 2, 7, 6, 9]
[2022-10-23T18:34:43.578+0000] {logging_mixin.py:117} INFO -  
[2022-10-23T18:34:43.578+0000] {logging_mixin.py:117} INFO - [1, 5, 8, 4, 3, 2, 7, 6, 9]
[2022-10-23T18:34:43.578+0000] {logging_mixin.py:117} INFO - 6
[2022-10-23T18:34:43.578+0000] {logging_mixin.py:117} INFO - [1, 5, 8, 4, 3, 2, 7, 6, 9]
[2022-10-23T18:34:43.579+0000] {logging_mixin.py:117} INFO - ,
[2022-10-23T18:34:43.579+0000] {logging_mixin.py:117} INFO - [1, 5, 8, 4, 3, 2, 7, 6, 9]
[2022-10-23T18:34:43.579+0000] {logging_mixin.py:117} INFO -  
[2022-10-23T18:34:43.579+0000] {logging_mixin.py:117} INFO - [1, 5, 8, 4, 3, 2, 7, 6, 9]
[2022-10-23T18:34:43.580+0000] {logging_mixin.py:117} INFO - 9
[2022-10-23T18:34:43.580+0000] {logging_mixin.py:117} INFO - [1, 5, 8, 4, 3, 2, 7, 6, 9]
[2022-10-23T18:34:43.580+0000] {logging_mixin.py:117} INFO - ]
[2022-10-23T18:34:43.581+0000] {logging_mixin.py:117} INFO - [1, 5, 8, 4, 3, 2, 7, 6, 9]
[2022-10-23T18:34:43.581+0000] {python.py:177} INFO - Done. Returned value was: None
[2022-10-23T18:34:43.595+0000] {taskinstance.py:1406} INFO - Marking task as SUCCESS. dag_id=sales_datawarehouse, task_id=get_funcionarios, execution_date=20221023T180603, start_date=20221023T183442, end_date=20221023T183443
[2022-10-23T18:34:43.637+0000] {local_task_job.py:164} INFO - Task exited with return code 0
[2022-10-23T18:34:43.731+0000] {local_task_job.py:273} INFO - 0 downstream tasks scheduled from follow-on schedule check
