[2022-10-23T18:37:07.447+0000] {taskinstance.py:1165} INFO - Dependencies all met for <TaskInstance: sales_datawarehouse.get_funcionarios manual__2022-10-23T18:06:03.268576+00:00 [queued]>
[2022-10-23T18:37:07.460+0000] {taskinstance.py:1165} INFO - Dependencies all met for <TaskInstance: sales_datawarehouse.get_funcionarios manual__2022-10-23T18:06:03.268576+00:00 [queued]>
[2022-10-23T18:37:07.460+0000] {taskinstance.py:1362} INFO - 
--------------------------------------------------------------------------------
[2022-10-23T18:37:07.461+0000] {taskinstance.py:1363} INFO - Starting attempt 7 of 8
[2022-10-23T18:37:07.461+0000] {taskinstance.py:1364} INFO - 
--------------------------------------------------------------------------------
[2022-10-23T18:37:07.478+0000] {taskinstance.py:1383} INFO - Executing <Task(PythonOperator): get_funcionarios> on 2022-10-23 18:06:03.268576+00:00
[2022-10-23T18:37:07.483+0000] {standard_task_runner.py:54} INFO - Started process 8985 to run task
[2022-10-23T18:37:07.486+0000] {standard_task_runner.py:82} INFO - Running: ['***', 'tasks', 'run', 'sales_datawarehouse', 'get_funcionarios', 'manual__2022-10-23T18:06:03.268576+00:00', '--job-id', '108', '--raw', '--subdir', 'DAGS_FOLDER/sales_dw.py', '--cfg-path', '/tmp/tmpxr8zblhs']
[2022-10-23T18:37:07.488+0000] {standard_task_runner.py:83} INFO - Job 108: Subtask get_funcionarios
[2022-10-23T18:37:07.489+0000] {dagbag.py:525} INFO - Filling up the DagBag from /opt/***/dags/sales_dw.py
[2022-10-23T18:37:08.104+0000] {task_command.py:384} INFO - Running <TaskInstance: sales_datawarehouse.get_funcionarios manual__2022-10-23T18:06:03.268576+00:00 [running]> on host 499050b57294
[2022-10-23T18:37:08.177+0000] {taskinstance.py:1592} INFO - Exporting the following env vars:
AIRFLOW_CTX_DAG_OWNER=pedromenegat
AIRFLOW_CTX_DAG_ID=sales_datawarehouse
AIRFLOW_CTX_TASK_ID=get_funcionarios
AIRFLOW_CTX_EXECUTION_DATE=2022-10-23T18:06:03.268576+00:00
AIRFLOW_CTX_TRY_NUMBER=7
AIRFLOW_CTX_DAG_RUN_ID=manual__2022-10-23T18:06:03.268576+00:00
[2022-10-23T18:37:08.189+0000] {logging_mixin.py:117} INFO - <class 'str'>
[2022-10-23T18:37:08.190+0000] {logging_mixin.py:117} INFO - <class 'str'>
[2022-10-23T18:37:08.190+0000] {logging_mixin.py:117} INFO - <class 'str'>
[2022-10-23T18:37:08.191+0000] {logging_mixin.py:117} INFO - <class 'str'>
[2022-10-23T18:37:08.192+0000] {logging_mixin.py:117} INFO - <class 'str'>
[2022-10-23T18:37:08.192+0000] {logging_mixin.py:117} INFO - <class 'str'>
[2022-10-23T18:37:08.193+0000] {logging_mixin.py:117} INFO - <class 'str'>
[2022-10-23T18:37:08.193+0000] {logging_mixin.py:117} INFO - <class 'str'>
[2022-10-23T18:37:08.194+0000] {logging_mixin.py:117} INFO - <class 'str'>
[2022-10-23T18:37:08.194+0000] {logging_mixin.py:117} INFO - <class 'str'>
[2022-10-23T18:37:08.194+0000] {logging_mixin.py:117} INFO - <class 'str'>
[2022-10-23T18:37:08.195+0000] {logging_mixin.py:117} INFO - <class 'str'>
[2022-10-23T18:37:08.195+0000] {logging_mixin.py:117} INFO - <class 'str'>
[2022-10-23T18:37:08.196+0000] {logging_mixin.py:117} INFO - <class 'str'>
[2022-10-23T18:37:08.196+0000] {logging_mixin.py:117} INFO - <class 'str'>
[2022-10-23T18:37:08.196+0000] {logging_mixin.py:117} INFO - <class 'str'>
[2022-10-23T18:37:08.197+0000] {logging_mixin.py:117} INFO - <class 'str'>
[2022-10-23T18:37:08.197+0000] {logging_mixin.py:117} INFO - <class 'str'>
[2022-10-23T18:37:08.198+0000] {logging_mixin.py:117} INFO - <class 'str'>
[2022-10-23T18:37:08.198+0000] {logging_mixin.py:117} INFO - <class 'str'>
[2022-10-23T18:37:08.198+0000] {logging_mixin.py:117} INFO - <class 'str'>
[2022-10-23T18:37:08.199+0000] {logging_mixin.py:117} INFO - <class 'str'>
[2022-10-23T18:37:08.199+0000] {logging_mixin.py:117} INFO - <class 'str'>
[2022-10-23T18:37:08.199+0000] {logging_mixin.py:117} INFO - <class 'str'>
[2022-10-23T18:37:08.200+0000] {logging_mixin.py:117} INFO - <class 'str'>
[2022-10-23T18:37:08.200+0000] {logging_mixin.py:117} INFO - <class 'str'>
[2022-10-23T18:37:08.200+0000] {logging_mixin.py:117} INFO - <class 'str'>
[2022-10-23T18:37:08.201+0000] {logging_mixin.py:117} INFO - <class 'str'>
[2022-10-23T18:37:08.201+0000] {logging_mixin.py:117} INFO - <class 'str'>
[2022-10-23T18:37:08.201+0000] {logging_mixin.py:117} INFO - <class 'str'>
[2022-10-23T18:37:08.202+0000] {logging_mixin.py:117} INFO - <class 'str'>
[2022-10-23T18:37:08.202+0000] {logging_mixin.py:117} INFO - <class 'str'>
[2022-10-23T18:37:08.202+0000] {logging_mixin.py:117} INFO - <class 'str'>
[2022-10-23T18:37:08.203+0000] {logging_mixin.py:117} INFO - <class 'str'>
[2022-10-23T18:37:08.203+0000] {logging_mixin.py:117} INFO - <class 'str'>
[2022-10-23T18:37:08.203+0000] {logging_mixin.py:117} INFO - <class 'str'>
[2022-10-23T18:37:08.204+0000] {logging_mixin.py:117} INFO - <class 'str'>
[2022-10-23T18:37:08.204+0000] {logging_mixin.py:117} INFO - <class 'str'>
[2022-10-23T18:37:08.204+0000] {logging_mixin.py:117} INFO - <class 'str'>
[2022-10-23T18:37:08.205+0000] {logging_mixin.py:117} INFO - <class 'str'>
[2022-10-23T18:37:08.205+0000] {logging_mixin.py:117} INFO - <class 'str'>
[2022-10-23T18:37:08.205+0000] {logging_mixin.py:117} INFO - <class 'str'>
[2022-10-23T18:37:08.206+0000] {logging_mixin.py:117} INFO - <class 'str'>
[2022-10-23T18:37:08.206+0000] {logging_mixin.py:117} INFO - <class 'str'>
[2022-10-23T18:37:08.207+0000] {logging_mixin.py:117} INFO - <class 'str'>
[2022-10-23T18:37:08.207+0000] {logging_mixin.py:117} INFO - <class 'str'>
[2022-10-23T18:37:08.207+0000] {logging_mixin.py:117} INFO - <class 'str'>
[2022-10-23T18:37:08.208+0000] {logging_mixin.py:117} INFO - <class 'str'>
[2022-10-23T18:37:08.208+0000] {logging_mixin.py:117} INFO - <class 'str'>
[2022-10-23T18:37:08.208+0000] {logging_mixin.py:117} INFO - <class 'str'>
[2022-10-23T18:37:08.209+0000] {logging_mixin.py:117} INFO - <class 'str'>
[2022-10-23T18:37:08.209+0000] {logging_mixin.py:117} INFO - <class 'str'>
[2022-10-23T18:37:08.209+0000] {logging_mixin.py:117} INFO - <class 'str'>
[2022-10-23T18:37:08.210+0000] {logging_mixin.py:117} INFO - <class 'str'>
[2022-10-23T18:37:08.210+0000] {python.py:177} INFO - Done. Returned value was: None
[2022-10-23T18:37:08.220+0000] {taskinstance.py:1406} INFO - Marking task as SUCCESS. dag_id=sales_datawarehouse, task_id=get_funcionarios, execution_date=20221023T180603, start_date=20221023T183707, end_date=20221023T183708
[2022-10-23T18:37:08.261+0000] {local_task_job.py:164} INFO - Task exited with return code 0
[2022-10-23T18:37:08.307+0000] {local_task_job.py:273} INFO - 0 downstream tasks scheduled from follow-on schedule check
