[2022-10-24T22:08:10.499+0000] {taskinstance.py:1165} INFO - Dependencies all met for <TaskInstance: sales_datawarehouse.truncate_database manual__2022-10-24T21:50:08.274500+00:00 [queued]>
[2022-10-24T22:08:10.521+0000] {taskinstance.py:1165} INFO - Dependencies all met for <TaskInstance: sales_datawarehouse.truncate_database manual__2022-10-24T21:50:08.274500+00:00 [queued]>
[2022-10-24T22:08:10.522+0000] {taskinstance.py:1362} INFO - 
--------------------------------------------------------------------------------
[2022-10-24T22:08:10.523+0000] {taskinstance.py:1363} INFO - Starting attempt 2 of 2
[2022-10-24T22:08:10.523+0000] {taskinstance.py:1364} INFO - 
--------------------------------------------------------------------------------
[2022-10-24T22:08:10.550+0000] {taskinstance.py:1383} INFO - Executing <Task(PostgresOperator): truncate_database> on 2022-10-24 21:50:08.274500+00:00
[2022-10-24T22:08:10.556+0000] {standard_task_runner.py:54} INFO - Started process 23915 to run task
[2022-10-24T22:08:10.561+0000] {standard_task_runner.py:82} INFO - Running: ['***', 'tasks', 'run', 'sales_datawarehouse', 'truncate_database', 'manual__2022-10-24T21:50:08.274500+00:00', '--job-id', '422', '--raw', '--subdir', 'DAGS_FOLDER/sales_dw.py', '--cfg-path', '/tmp/tmp0ail_l5f']
[2022-10-24T22:08:10.564+0000] {standard_task_runner.py:83} INFO - Job 422: Subtask truncate_database
[2022-10-24T22:08:10.566+0000] {dagbag.py:525} INFO - Filling up the DagBag from /opt/***/dags/sales_dw.py
[2022-10-24T22:08:11.559+0000] {task_command.py:384} INFO - Running <TaskInstance: sales_datawarehouse.truncate_database manual__2022-10-24T21:50:08.274500+00:00 [running]> on host 83cd0ab98720
[2022-10-24T22:08:11.656+0000] {taskinstance.py:1592} INFO - Exporting the following env vars:
AIRFLOW_CTX_DAG_OWNER=pedromenegat
AIRFLOW_CTX_DAG_ID=sales_datawarehouse
AIRFLOW_CTX_TASK_ID=truncate_database
AIRFLOW_CTX_EXECUTION_DATE=2022-10-24T21:50:08.274500+00:00
AIRFLOW_CTX_TRY_NUMBER=2
AIRFLOW_CTX_DAG_RUN_ID=manual__2022-10-24T21:50:08.274500+00:00
[2022-10-24T22:08:11.670+0000] {base.py:71} INFO - Using connection ID '***_localhost' for task execution.
[2022-10-24T22:08:11.841+0000] {sql.py:315} INFO - Running statement: 
            TRUNCATE TABLE funcionarios;
            TRUNCATE TABLE categorias;
            TRUNCATE TABLE vendas;
            , parameters: None
[2022-10-24T22:08:11.878+0000] {taskinstance.py:1851} ERROR - Task failed with exception
Traceback (most recent call last):
  File "/home/airflow/.local/lib/python3.7/site-packages/airflow/providers/postgres/operators/postgres.py", line 94, in execute
    self.hook.run(self.sql, self.autocommit, parameters=self.parameters)
  File "/home/airflow/.local/lib/python3.7/site-packages/airflow/providers/common/sql/hooks/sql.py", line 295, in run
    self._run_command(cur, sql_statement, parameters)
  File "/home/airflow/.local/lib/python3.7/site-packages/airflow/providers/common/sql/hooks/sql.py", line 320, in _run_command
    cur.execute(sql_statement)
psycopg2.errors.FeatureNotSupported: cannot truncate a table referenced in a foreign key constraint
DETAIL:  Table "vendas" references "funcionarios".
HINT:  Truncate table "vendas" at the same time, or use TRUNCATE ... CASCADE.

[2022-10-24T22:08:11.894+0000] {taskinstance.py:1406} INFO - Marking task as FAILED. dag_id=sales_datawarehouse, task_id=truncate_database, execution_date=20221024T215008, start_date=20221024T220810, end_date=20221024T220811
[2022-10-24T22:08:11.919+0000] {standard_task_runner.py:107} ERROR - Failed to execute job 422 for task truncate_database (cannot truncate a table referenced in a foreign key constraint
DETAIL:  Table "vendas" references "funcionarios".
HINT:  Truncate table "vendas" at the same time, or use TRUNCATE ... CASCADE.
; 23915)
[2022-10-24T22:08:11.940+0000] {local_task_job.py:164} INFO - Task exited with return code 1
[2022-10-24T22:08:11.989+0000] {local_task_job.py:273} INFO - 0 downstream tasks scheduled from follow-on schedule check
