[2022-10-26T00:40:02.829+0000] {taskinstance.py:1165} INFO - Dependencies all met for <TaskInstance: sales_datawarehouse.insert_dimCategorias manual__2022-10-26T00:39:12.695496+00:00 [queued]>
[2022-10-26T00:40:02.857+0000] {taskinstance.py:1165} INFO - Dependencies all met for <TaskInstance: sales_datawarehouse.insert_dimCategorias manual__2022-10-26T00:39:12.695496+00:00 [queued]>
[2022-10-26T00:40:02.858+0000] {taskinstance.py:1362} INFO - 
--------------------------------------------------------------------------------
[2022-10-26T00:40:02.859+0000] {taskinstance.py:1363} INFO - Starting attempt 1 of 2
[2022-10-26T00:40:02.860+0000] {taskinstance.py:1364} INFO - 
--------------------------------------------------------------------------------
[2022-10-26T00:40:02.894+0000] {taskinstance.py:1383} INFO - Executing <Task(PythonOperator): insert_dimCategorias> on 2022-10-26 00:39:12.695496+00:00
[2022-10-26T00:40:02.904+0000] {standard_task_runner.py:54} INFO - Started process 3787 to run task
[2022-10-26T00:40:02.912+0000] {standard_task_runner.py:82} INFO - Running: ['***', 'tasks', 'run', 'sales_datawarehouse', 'insert_dimCategorias', 'manual__2022-10-26T00:39:12.695496+00:00', '--job-id', '628', '--raw', '--subdir', 'DAGS_FOLDER/sales_dw.py', '--cfg-path', '/tmp/tmp27ba5xs0']
[2022-10-26T00:40:02.916+0000] {standard_task_runner.py:83} INFO - Job 628: Subtask insert_dimCategorias
[2022-10-26T00:40:02.918+0000] {dagbag.py:525} INFO - Filling up the DagBag from /opt/***/dags/sales_dw.py
[2022-10-26T00:40:04.403+0000] {task_command.py:384} INFO - Running <TaskInstance: sales_datawarehouse.insert_dimCategorias manual__2022-10-26T00:39:12.695496+00:00 [running]> on host 83cd0ab98720
[2022-10-26T00:40:04.592+0000] {taskinstance.py:1592} INFO - Exporting the following env vars:
AIRFLOW_CTX_DAG_OWNER=pedromenegat
AIRFLOW_CTX_DAG_ID=sales_datawarehouse
AIRFLOW_CTX_TASK_ID=insert_dimCategorias
AIRFLOW_CTX_EXECUTION_DATE=2022-10-26T00:39:12.695496+00:00
AIRFLOW_CTX_TRY_NUMBER=1
AIRFLOW_CTX_DAG_RUN_ID=manual__2022-10-26T00:39:12.695496+00:00
[2022-10-26T00:40:04.868+0000] {python.py:177} INFO - Done. Returned value was: None
[2022-10-26T00:40:04.900+0000] {taskinstance.py:1406} INFO - Marking task as SUCCESS. dag_id=sales_datawarehouse, task_id=insert_dimCategorias, execution_date=20221026T003912, start_date=20221026T004002, end_date=20221026T004004
[2022-10-26T00:40:04.981+0000] {local_task_job.py:164} INFO - Task exited with return code 0
[2022-10-26T00:40:05.013+0000] {local_task_job.py:273} INFO - 1 downstream tasks scheduled from follow-on schedule check
