[2022-10-24T21:26:57.520+0000] {taskinstance.py:1165} INFO - Dependencies all met for <TaskInstance: sales_datawarehouse.create_tables manual__2022-10-24T21:26:56.175466+00:00 [queued]>
[2022-10-24T21:26:57.533+0000] {taskinstance.py:1165} INFO - Dependencies all met for <TaskInstance: sales_datawarehouse.create_tables manual__2022-10-24T21:26:56.175466+00:00 [queued]>
[2022-10-24T21:26:57.534+0000] {taskinstance.py:1362} INFO - 
--------------------------------------------------------------------------------
[2022-10-24T21:26:57.534+0000] {taskinstance.py:1363} INFO - Starting attempt 1 of 2
[2022-10-24T21:26:57.535+0000] {taskinstance.py:1364} INFO - 
--------------------------------------------------------------------------------
[2022-10-24T21:26:57.553+0000] {taskinstance.py:1383} INFO - Executing <Task(PostgresOperator): create_tables> on 2022-10-24 21:26:56.175466+00:00
[2022-10-24T21:26:57.558+0000] {standard_task_runner.py:54} INFO - Started process 21349 to run task
[2022-10-24T21:26:57.564+0000] {standard_task_runner.py:82} INFO - Running: ['***', 'tasks', 'run', 'sales_datawarehouse', 'create_tables', 'manual__2022-10-24T21:26:56.175466+00:00', '--job-id', '357', '--raw', '--subdir', 'DAGS_FOLDER/sales_dw.py', '--cfg-path', '/tmp/tmp_l1e2hk0']
[2022-10-24T21:26:57.566+0000] {standard_task_runner.py:83} INFO - Job 357: Subtask create_tables
[2022-10-24T21:26:57.567+0000] {dagbag.py:525} INFO - Filling up the DagBag from /opt/***/dags/sales_dw.py
[2022-10-24T21:26:58.174+0000] {task_command.py:384} INFO - Running <TaskInstance: sales_datawarehouse.create_tables manual__2022-10-24T21:26:56.175466+00:00 [running]> on host 83cd0ab98720
[2022-10-24T21:26:58.255+0000] {taskinstance.py:1592} INFO - Exporting the following env vars:
AIRFLOW_CTX_DAG_OWNER=pedromenegat
AIRFLOW_CTX_DAG_ID=sales_datawarehouse
AIRFLOW_CTX_TASK_ID=create_tables
AIRFLOW_CTX_EXECUTION_DATE=2022-10-24T21:26:56.175466+00:00
AIRFLOW_CTX_TRY_NUMBER=1
AIRFLOW_CTX_DAG_RUN_ID=manual__2022-10-24T21:26:56.175466+00:00
[2022-10-24T21:26:58.266+0000] {base.py:71} INFO - Using connection ID '***_localhost' for task execution.
[2022-10-24T21:26:58.337+0000] {sql.py:315} INFO - Running statement: 
        CREATE TABLE IF NOT EXISTS vendas(
            id_venda INTEGER PRIMARY KEY NOT NULL,
            id_funcionario INTEGER NOT NULL,
            id_categoria INTEGER NOT NULL,
            data_venda DATE NOT NULL,
            venda NUMERIC(20,5) NOT NULL,
            FOREIGN KEY (id_funcionario) 
                REFERENCES funcionarios (id_funcionario)
                ON UPDATE CASCADE ON DELETE CASCADE,
            FOREIGN KEY (id_categoria) 
                REFERENCES categorias (id_categoria)
                ON UPDATE CASCADE ON DELETE CASCADE
		);
        CREATE TABLE IF NOT EXISTS funcionarios(		
            id_funcionario INTEGER PRIMARY KEY NOT NULL,
            nome_funcionario VARCHAR(30) NOT NULL
	    );
        CREATE TABLE IF NOT EXISTS categorias(		
            id_categoria INTEGER PRIMARY KEY NOT NULL,
            nome_categoria VARCHAR(30) NOT NULL
		);		
        , parameters: None
[2022-10-24T21:26:58.344+0000] {postgres.py:96} INFO - NOTICE:  relation "vendas" already exists, skipping

[2022-10-24T21:26:58.345+0000] {postgres.py:96} INFO - NOTICE:  relation "funcionarios" already exists, skipping

[2022-10-24T21:26:58.346+0000] {postgres.py:96} INFO - NOTICE:  relation "categorias" already exists, skipping

[2022-10-24T21:26:58.358+0000] {taskinstance.py:1406} INFO - Marking task as SUCCESS. dag_id=sales_datawarehouse, task_id=create_tables, execution_date=20221024T212656, start_date=20221024T212657, end_date=20221024T212658
[2022-10-24T21:26:58.417+0000] {local_task_job.py:164} INFO - Task exited with return code 0
[2022-10-24T21:26:58.501+0000] {local_task_job.py:273} INFO - 1 downstream tasks scheduled from follow-on schedule check
