[2022-10-26T00:00:44.214+0000] {taskinstance.py:1165} INFO - Dependencies all met for <TaskInstance: sales_datawarehouse.insert_funcionarios scheduled__2022-10-25T00:00:00+00:00 [queued]>
[2022-10-26T00:00:44.233+0000] {taskinstance.py:1165} INFO - Dependencies all met for <TaskInstance: sales_datawarehouse.insert_funcionarios scheduled__2022-10-25T00:00:00+00:00 [queued]>
[2022-10-26T00:00:44.234+0000] {taskinstance.py:1362} INFO - 
--------------------------------------------------------------------------------
[2022-10-26T00:00:44.235+0000] {taskinstance.py:1363} INFO - Starting attempt 1 of 2
[2022-10-26T00:00:44.236+0000] {taskinstance.py:1364} INFO - 
--------------------------------------------------------------------------------
[2022-10-26T00:00:44.253+0000] {taskinstance.py:1383} INFO - Executing <Task(PythonOperator): insert_funcionarios> on 2022-10-25 00:00:00+00:00
[2022-10-26T00:00:44.259+0000] {standard_task_runner.py:54} INFO - Started process 1378 to run task
[2022-10-26T00:00:44.262+0000] {standard_task_runner.py:82} INFO - Running: ['***', 'tasks', 'run', 'sales_datawarehouse', 'insert_funcionarios', 'scheduled__2022-10-25T00:00:00+00:00', '--job-id', '566', '--raw', '--subdir', 'DAGS_FOLDER/sales_dw.py', '--cfg-path', '/tmp/tmpwape4ctq']
[2022-10-26T00:00:44.263+0000] {standard_task_runner.py:83} INFO - Job 566: Subtask insert_funcionarios
[2022-10-26T00:00:44.265+0000] {dagbag.py:525} INFO - Filling up the DagBag from /opt/***/dags/sales_dw.py
[2022-10-26T00:00:44.920+0000] {task_command.py:384} INFO - Running <TaskInstance: sales_datawarehouse.insert_funcionarios scheduled__2022-10-25T00:00:00+00:00 [running]> on host 83cd0ab98720
[2022-10-26T00:00:45.058+0000] {taskinstance.py:1592} INFO - Exporting the following env vars:
AIRFLOW_CTX_DAG_OWNER=pedromenegat
AIRFLOW_CTX_DAG_ID=sales_datawarehouse
AIRFLOW_CTX_TASK_ID=insert_funcionarios
AIRFLOW_CTX_EXECUTION_DATE=2022-10-25T00:00:00+00:00
AIRFLOW_CTX_TRY_NUMBER=1
AIRFLOW_CTX_DAG_RUN_ID=scheduled__2022-10-25T00:00:00+00:00
[2022-10-26T00:00:45.269+0000] {python.py:177} INFO - Done. Returned value was: None
[2022-10-26T00:00:45.288+0000] {taskinstance.py:1406} INFO - Marking task as SUCCESS. dag_id=sales_datawarehouse, task_id=insert_funcionarios, execution_date=20221025T000000, start_date=20221026T000044, end_date=20221026T000045
[2022-10-26T00:00:45.319+0000] {local_task_job.py:164} INFO - Task exited with return code 0
[2022-10-26T00:00:45.408+0000] {local_task_job.py:273} INFO - 1 downstream tasks scheduled from follow-on schedule check
