[2022-10-26T01:15:36.838+0000] {taskinstance.py:1165} INFO - Dependencies all met for <TaskInstance: sales_datawarehouse.get_funcionarios manual__2022-10-26T00:49:05.987248+00:00 [queued]>
[2022-10-26T01:15:36.863+0000] {taskinstance.py:1165} INFO - Dependencies all met for <TaskInstance: sales_datawarehouse.get_funcionarios manual__2022-10-26T00:49:05.987248+00:00 [queued]>
[2022-10-26T01:15:36.864+0000] {taskinstance.py:1362} INFO - 
--------------------------------------------------------------------------------
[2022-10-26T01:15:36.865+0000] {taskinstance.py:1363} INFO - Starting attempt 3 of 4
[2022-10-26T01:15:36.866+0000] {taskinstance.py:1364} INFO - 
--------------------------------------------------------------------------------
[2022-10-26T01:15:36.913+0000] {taskinstance.py:1383} INFO - Executing <Task(PythonOperator): get_funcionarios> on 2022-10-26 00:49:05.987248+00:00
[2022-10-26T01:15:36.923+0000] {standard_task_runner.py:54} INFO - Started process 5909 to run task
[2022-10-26T01:15:36.935+0000] {standard_task_runner.py:82} INFO - Running: ['***', 'tasks', 'run', 'sales_datawarehouse', 'get_funcionarios', 'manual__2022-10-26T00:49:05.987248+00:00', '--job-id', '683', '--raw', '--subdir', 'DAGS_FOLDER/sales_dw.py', '--cfg-path', '/tmp/tmpw_fgjiin']
[2022-10-26T01:15:36.937+0000] {standard_task_runner.py:83} INFO - Job 683: Subtask get_funcionarios
[2022-10-26T01:15:36.939+0000] {dagbag.py:525} INFO - Filling up the DagBag from /opt/***/dags/sales_dw.py
[2022-10-26T01:15:45.870+0000] {task_command.py:384} INFO - Running <TaskInstance: sales_datawarehouse.get_funcionarios manual__2022-10-26T00:49:05.987248+00:00 [running]> on host 83cd0ab98720
[2022-10-26T01:15:46.835+0000] {taskinstance.py:1592} INFO - Exporting the following env vars:
AIRFLOW_CTX_DAG_OWNER=pedromenegat
AIRFLOW_CTX_DAG_ID=sales_datawarehouse
AIRFLOW_CTX_TASK_ID=get_funcionarios
AIRFLOW_CTX_EXECUTION_DATE=2022-10-26T00:49:05.987248+00:00
AIRFLOW_CTX_TRY_NUMBER=3
AIRFLOW_CTX_DAG_RUN_ID=manual__2022-10-26T00:49:05.987248+00:00
[2022-10-26T01:16:10.856+0000] {python.py:177} INFO - Done. Returned value was: None
[2022-10-26T01:16:10.877+0000] {taskinstance.py:1406} INFO - Marking task as SUCCESS. dag_id=sales_datawarehouse, task_id=get_funcionarios, execution_date=20221026T004905, start_date=20221026T011536, end_date=20221026T011610
[2022-10-26T01:16:10.968+0000] {local_task_job.py:164} INFO - Task exited with return code 0
[2022-10-26T01:16:11.042+0000] {local_task_job.py:273} INFO - 1 downstream tasks scheduled from follow-on schedule check
