[2022-10-25T00:34:18.175+0000] {taskinstance.py:1165} INFO - Dependencies all met for <TaskInstance: sales_datawarehouse.get_funcionarios scheduled__2022-10-24T00:00:00+00:00 [queued]>
[2022-10-25T00:34:18.211+0000] {taskinstance.py:1165} INFO - Dependencies all met for <TaskInstance: sales_datawarehouse.get_funcionarios scheduled__2022-10-24T00:00:00+00:00 [queued]>
[2022-10-25T00:34:18.213+0000] {taskinstance.py:1362} INFO - 
--------------------------------------------------------------------------------
[2022-10-25T00:34:18.214+0000] {taskinstance.py:1363} INFO - Starting attempt 1 of 2
[2022-10-25T00:34:18.214+0000] {taskinstance.py:1364} INFO - 
--------------------------------------------------------------------------------
[2022-10-25T00:34:18.255+0000] {taskinstance.py:1383} INFO - Executing <Task(PythonOperator): get_funcionarios> on 2022-10-24 00:00:00+00:00
[2022-10-25T00:34:18.264+0000] {standard_task_runner.py:54} INFO - Started process 28427 to run task
[2022-10-25T00:34:18.285+0000] {standard_task_runner.py:82} INFO - Running: ['***', 'tasks', 'run', 'sales_datawarehouse', 'get_funcionarios', 'scheduled__2022-10-24T00:00:00+00:00', '--job-id', '555', '--raw', '--subdir', 'DAGS_FOLDER/sales_dw.py', '--cfg-path', '/tmp/tmp2nujwu1j']
[2022-10-25T00:34:18.288+0000] {standard_task_runner.py:83} INFO - Job 555: Subtask get_funcionarios
[2022-10-25T00:34:18.290+0000] {dagbag.py:525} INFO - Filling up the DagBag from /opt/***/dags/sales_dw.py
[2022-10-25T00:34:19.615+0000] {task_command.py:384} INFO - Running <TaskInstance: sales_datawarehouse.get_funcionarios scheduled__2022-10-24T00:00:00+00:00 [running]> on host 83cd0ab98720
[2022-10-25T00:34:19.798+0000] {taskinstance.py:1592} INFO - Exporting the following env vars:
AIRFLOW_CTX_DAG_OWNER=pedromenegat
AIRFLOW_CTX_DAG_ID=sales_datawarehouse
AIRFLOW_CTX_TASK_ID=get_funcionarios
AIRFLOW_CTX_EXECUTION_DATE=2022-10-24T00:00:00+00:00
AIRFLOW_CTX_TRY_NUMBER=1
AIRFLOW_CTX_DAG_RUN_ID=scheduled__2022-10-24T00:00:00+00:00
[2022-10-25T00:34:44.676+0000] {python.py:177} INFO - Done. Returned value was: None
[2022-10-25T00:34:44.686+0000] {taskinstance.py:1406} INFO - Marking task as SUCCESS. dag_id=sales_datawarehouse, task_id=get_funcionarios, execution_date=20221024T000000, start_date=20221025T003418, end_date=20221025T003444
[2022-10-25T00:34:44.720+0000] {local_task_job.py:164} INFO - Task exited with return code 0
[2022-10-25T00:34:44.764+0000] {local_task_job.py:273} INFO - 1 downstream tasks scheduled from follow-on schedule check
