[2022-10-24T19:34:45.107+0000] {taskinstance.py:1165} INFO - Dependencies all met for <TaskInstance: sales_datawarehouse.get_funcionarios manual__2022-10-24T16:41:40.584519+00:00 [queued]>
[2022-10-24T19:34:45.132+0000] {taskinstance.py:1165} INFO - Dependencies all met for <TaskInstance: sales_datawarehouse.get_funcionarios manual__2022-10-24T16:41:40.584519+00:00 [queued]>
[2022-10-24T19:34:45.133+0000] {taskinstance.py:1362} INFO - 
--------------------------------------------------------------------------------
[2022-10-24T19:34:45.134+0000] {taskinstance.py:1363} INFO - Starting attempt 4 of 5
[2022-10-24T19:34:45.135+0000] {taskinstance.py:1364} INFO - 
--------------------------------------------------------------------------------
[2022-10-24T19:34:45.181+0000] {taskinstance.py:1383} INFO - Executing <Task(PythonOperator): get_funcionarios> on 2022-10-24 16:41:40.584519+00:00
[2022-10-24T19:34:45.197+0000] {standard_task_runner.py:54} INFO - Started process 14371 to run task
[2022-10-24T19:34:45.203+0000] {standard_task_runner.py:82} INFO - Running: ['***', 'tasks', 'run', 'sales_datawarehouse', 'get_funcionarios', 'manual__2022-10-24T16:41:40.584519+00:00', '--job-id', '248', '--raw', '--subdir', 'DAGS_FOLDER/sales_dw.py', '--cfg-path', '/tmp/tmpavfy3u7z']
[2022-10-24T19:34:45.209+0000] {standard_task_runner.py:83} INFO - Job 248: Subtask get_funcionarios
[2022-10-24T19:34:45.216+0000] {dagbag.py:525} INFO - Filling up the DagBag from /opt/***/dags/sales_dw.py
[2022-10-24T19:34:47.229+0000] {task_command.py:384} INFO - Running <TaskInstance: sales_datawarehouse.get_funcionarios manual__2022-10-24T16:41:40.584519+00:00 [running]> on host 83cd0ab98720
[2022-10-24T19:34:47.655+0000] {taskinstance.py:1592} INFO - Exporting the following env vars:
AIRFLOW_CTX_DAG_OWNER=pedromenegat
AIRFLOW_CTX_DAG_ID=sales_datawarehouse
AIRFLOW_CTX_TASK_ID=get_funcionarios
AIRFLOW_CTX_EXECUTION_DATE=2022-10-24T16:41:40.584519+00:00
AIRFLOW_CTX_TRY_NUMBER=4
AIRFLOW_CTX_DAG_RUN_ID=manual__2022-10-24T16:41:40.584519+00:00
[2022-10-24T19:35:10.039+0000] {python.py:177} INFO - Done. Returned value was: None
[2022-10-24T19:35:10.076+0000] {taskinstance.py:1406} INFO - Marking task as SUCCESS. dag_id=sales_datawarehouse, task_id=get_funcionarios, execution_date=20221024T164140, start_date=20221024T193445, end_date=20221024T193510
[2022-10-24T19:35:10.120+0000] {local_task_job.py:164} INFO - Task exited with return code 0
[2022-10-24T19:35:10.148+0000] {local_task_job.py:273} INFO - 1 downstream tasks scheduled from follow-on schedule check
