[2022-10-26T00:39:55.473+0000] {taskinstance.py:1165} INFO - Dependencies all met for <TaskInstance: sales_datawarehouse.insert_dimCategorias manual__2022-10-26T00:37:43.588227+00:00 [queued]>
[2022-10-26T00:39:55.488+0000] {taskinstance.py:1165} INFO - Dependencies all met for <TaskInstance: sales_datawarehouse.insert_dimCategorias manual__2022-10-26T00:37:43.588227+00:00 [queued]>
[2022-10-26T00:39:55.489+0000] {taskinstance.py:1362} INFO - 
--------------------------------------------------------------------------------
[2022-10-26T00:39:55.489+0000] {taskinstance.py:1363} INFO - Starting attempt 1 of 2
[2022-10-26T00:39:55.490+0000] {taskinstance.py:1364} INFO - 
--------------------------------------------------------------------------------
[2022-10-26T00:39:55.508+0000] {taskinstance.py:1383} INFO - Executing <Task(PythonOperator): insert_dimCategorias> on 2022-10-26 00:37:43.588227+00:00
[2022-10-26T00:39:55.513+0000] {standard_task_runner.py:54} INFO - Started process 3766 to run task
[2022-10-26T00:39:55.518+0000] {standard_task_runner.py:82} INFO - Running: ['***', 'tasks', 'run', 'sales_datawarehouse', 'insert_dimCategorias', 'manual__2022-10-26T00:37:43.588227+00:00', '--job-id', '624', '--raw', '--subdir', 'DAGS_FOLDER/sales_dw.py', '--cfg-path', '/tmp/tmpeuak7sx0']
[2022-10-26T00:39:55.520+0000] {standard_task_runner.py:83} INFO - Job 624: Subtask insert_dimCategorias
[2022-10-26T00:39:55.521+0000] {dagbag.py:525} INFO - Filling up the DagBag from /opt/***/dags/sales_dw.py
[2022-10-26T00:39:56.516+0000] {task_command.py:384} INFO - Running <TaskInstance: sales_datawarehouse.insert_dimCategorias manual__2022-10-26T00:37:43.588227+00:00 [running]> on host 83cd0ab98720
[2022-10-26T00:39:56.665+0000] {taskinstance.py:1592} INFO - Exporting the following env vars:
AIRFLOW_CTX_DAG_OWNER=pedromenegat
AIRFLOW_CTX_DAG_ID=sales_datawarehouse
AIRFLOW_CTX_TASK_ID=insert_dimCategorias
AIRFLOW_CTX_EXECUTION_DATE=2022-10-26T00:37:43.588227+00:00
AIRFLOW_CTX_TRY_NUMBER=1
AIRFLOW_CTX_DAG_RUN_ID=manual__2022-10-26T00:37:43.588227+00:00
[2022-10-26T00:39:56.876+0000] {python.py:177} INFO - Done. Returned value was: None
[2022-10-26T00:39:56.896+0000] {taskinstance.py:1406} INFO - Marking task as SUCCESS. dag_id=sales_datawarehouse, task_id=insert_dimCategorias, execution_date=20221026T003743, start_date=20221026T003955, end_date=20221026T003956
[2022-10-26T00:39:56.936+0000] {local_task_job.py:164} INFO - Task exited with return code 0
[2022-10-26T00:39:56.976+0000] {local_task_job.py:273} INFO - 1 downstream tasks scheduled from follow-on schedule check
