[2022-10-26T00:34:17.032+0000] {taskinstance.py:1165} INFO - Dependencies all met for <TaskInstance: sales_datawarehouse.insert_fatoVendas manual__2022-10-26T00:31:19.166146+00:00 [queued]>
[2022-10-26T00:34:17.057+0000] {taskinstance.py:1165} INFO - Dependencies all met for <TaskInstance: sales_datawarehouse.insert_fatoVendas manual__2022-10-26T00:31:19.166146+00:00 [queued]>
[2022-10-26T00:34:17.058+0000] {taskinstance.py:1362} INFO - 
--------------------------------------------------------------------------------
[2022-10-26T00:34:17.059+0000] {taskinstance.py:1363} INFO - Starting attempt 1 of 2
[2022-10-26T00:34:17.059+0000] {taskinstance.py:1364} INFO - 
--------------------------------------------------------------------------------
[2022-10-26T00:34:17.091+0000] {taskinstance.py:1383} INFO - Executing <Task(PythonOperator): insert_fatoVendas> on 2022-10-26 00:31:19.166146+00:00
[2022-10-26T00:34:17.097+0000] {standard_task_runner.py:54} INFO - Started process 3340 to run task
[2022-10-26T00:34:17.104+0000] {standard_task_runner.py:82} INFO - Running: ['***', 'tasks', 'run', 'sales_datawarehouse', 'insert_fatoVendas', 'manual__2022-10-26T00:31:19.166146+00:00', '--job-id', '587', '--raw', '--subdir', 'DAGS_FOLDER/sales_dw.py', '--cfg-path', '/tmp/tmpf36d1gdh']
[2022-10-26T00:34:17.106+0000] {standard_task_runner.py:83} INFO - Job 587: Subtask insert_fatoVendas
[2022-10-26T00:34:17.108+0000] {dagbag.py:525} INFO - Filling up the DagBag from /opt/***/dags/sales_dw.py
[2022-10-26T00:34:18.367+0000] {task_command.py:384} INFO - Running <TaskInstance: sales_datawarehouse.insert_fatoVendas manual__2022-10-26T00:31:19.166146+00:00 [running]> on host 83cd0ab98720
[2022-10-26T00:34:18.471+0000] {taskinstance.py:1592} INFO - Exporting the following env vars:
AIRFLOW_CTX_DAG_OWNER=pedromenegat
AIRFLOW_CTX_DAG_ID=sales_datawarehouse
AIRFLOW_CTX_TASK_ID=insert_fatoVendas
AIRFLOW_CTX_EXECUTION_DATE=2022-10-26T00:31:19.166146+00:00
AIRFLOW_CTX_TRY_NUMBER=1
AIRFLOW_CTX_DAG_RUN_ID=manual__2022-10-26T00:31:19.166146+00:00
[2022-10-26T00:34:18.493+0000] {taskinstance.py:1851} ERROR - Task failed with exception
Traceback (most recent call last):
  File "/home/airflow/.local/lib/python3.7/site-packages/airflow/operators/python.py", line 175, in execute
    return_value = self.execute_callable()
  File "/home/airflow/.local/lib/python3.7/site-packages/airflow/operators/python.py", line 193, in execute_callable
    return self.python_callable(*self.op_args, **self.op_kwargs)
  File "/opt/airflow/dags/sales_dw.py", line 69, in insert_vendas
    vendas = json.loads(ti.xcom_pull(task_ids="get_vendas", key="data_vendas"))
  File "/usr/local/lib/python3.7/json/__init__.py", line 341, in loads
    raise TypeError(f'the JSON object must be str, bytes or bytearray, '
TypeError: the JSON object must be str, bytes or bytearray, not NoneType
[2022-10-26T00:34:18.514+0000] {taskinstance.py:1406} INFO - Marking task as UP_FOR_RETRY. dag_id=sales_datawarehouse, task_id=insert_fatoVendas, execution_date=20221026T003119, start_date=20221026T003417, end_date=20221026T003418
[2022-10-26T00:34:18.538+0000] {standard_task_runner.py:107} ERROR - Failed to execute job 587 for task insert_fatoVendas (the JSON object must be str, bytes or bytearray, not NoneType; 3340)
[2022-10-26T00:34:18.571+0000] {local_task_job.py:164} INFO - Task exited with return code 1
[2022-10-26T00:34:18.625+0000] {local_task_job.py:273} INFO - 0 downstream tasks scheduled from follow-on schedule check
