[2022-10-24T19:31:59.440+0000] {taskinstance.py:1165} INFO - Dependencies all met for <TaskInstance: sales_datawarehouse.get_vendas manual__2022-10-24T16:41:40.584519+00:00 [queued]>
[2022-10-24T19:31:59.462+0000] {taskinstance.py:1165} INFO - Dependencies all met for <TaskInstance: sales_datawarehouse.get_vendas manual__2022-10-24T16:41:40.584519+00:00 [queued]>
[2022-10-24T19:31:59.463+0000] {taskinstance.py:1362} INFO - 
--------------------------------------------------------------------------------
[2022-10-24T19:31:59.464+0000] {taskinstance.py:1363} INFO - Starting attempt 3 of 4
[2022-10-24T19:31:59.465+0000] {taskinstance.py:1364} INFO - 
--------------------------------------------------------------------------------
[2022-10-24T19:31:59.495+0000] {taskinstance.py:1383} INFO - Executing <Task(PythonOperator): get_vendas> on 2022-10-24 16:41:40.584519+00:00
[2022-10-24T19:31:59.511+0000] {standard_task_runner.py:54} INFO - Started process 14155 to run task
[2022-10-24T19:31:59.517+0000] {standard_task_runner.py:82} INFO - Running: ['***', 'tasks', 'run', 'sales_datawarehouse', 'get_vendas', 'manual__2022-10-24T16:41:40.584519+00:00', '--job-id', '231', '--raw', '--subdir', 'DAGS_FOLDER/sales_dw.py', '--cfg-path', '/tmp/tmpdw97448d']
[2022-10-24T19:31:59.519+0000] {standard_task_runner.py:83} INFO - Job 231: Subtask get_vendas
[2022-10-24T19:31:59.521+0000] {dagbag.py:525} INFO - Filling up the DagBag from /opt/***/dags/sales_dw.py
[2022-10-24T19:32:00.852+0000] {task_command.py:384} INFO - Running <TaskInstance: sales_datawarehouse.get_vendas manual__2022-10-24T16:41:40.584519+00:00 [running]> on host 83cd0ab98720
[2022-10-24T19:32:01.087+0000] {taskinstance.py:1592} INFO - Exporting the following env vars:
AIRFLOW_CTX_DAG_OWNER=pedromenegat
AIRFLOW_CTX_DAG_ID=sales_datawarehouse
AIRFLOW_CTX_TASK_ID=get_vendas
AIRFLOW_CTX_EXECUTION_DATE=2022-10-24T16:41:40.584519+00:00
AIRFLOW_CTX_TRY_NUMBER=3
AIRFLOW_CTX_DAG_RUN_ID=manual__2022-10-24T16:41:40.584519+00:00
[2022-10-24T19:32:01.117+0000] {base.py:71} INFO - Using connection ID 'banco_vendas' for task execution.
[2022-10-24T19:32:03.189+0000] {python.py:177} INFO - Done. Returned value was: None
[2022-10-24T19:32:03.221+0000] {taskinstance.py:1406} INFO - Marking task as SUCCESS. dag_id=sales_datawarehouse, task_id=get_vendas, execution_date=20221024T164140, start_date=20221024T193159, end_date=20221024T193203
[2022-10-24T19:32:03.292+0000] {local_task_job.py:164} INFO - Task exited with return code 0
[2022-10-24T19:32:03.387+0000] {local_task_job.py:273} INFO - 2 downstream tasks scheduled from follow-on schedule check
