[2022-10-23T18:43:24.081+0000] {taskinstance.py:1165} INFO - Dependencies all met for <TaskInstance: sales_datawarehouse.get_funcionarios manual__2022-10-23T18:43:16.602467+00:00 [queued]>
[2022-10-23T18:43:24.099+0000] {taskinstance.py:1165} INFO - Dependencies all met for <TaskInstance: sales_datawarehouse.get_funcionarios manual__2022-10-23T18:43:16.602467+00:00 [queued]>
[2022-10-23T18:43:24.099+0000] {taskinstance.py:1362} INFO - 
--------------------------------------------------------------------------------
[2022-10-23T18:43:24.100+0000] {taskinstance.py:1363} INFO - Starting attempt 1 of 2
[2022-10-23T18:43:24.100+0000] {taskinstance.py:1364} INFO - 
--------------------------------------------------------------------------------
[2022-10-23T18:43:24.127+0000] {taskinstance.py:1383} INFO - Executing <Task(PythonOperator): get_funcionarios> on 2022-10-23 18:43:16.602467+00:00
[2022-10-23T18:43:24.133+0000] {standard_task_runner.py:54} INFO - Started process 9423 to run task
[2022-10-23T18:43:24.137+0000] {standard_task_runner.py:82} INFO - Running: ['***', 'tasks', 'run', 'sales_datawarehouse', 'get_funcionarios', 'manual__2022-10-23T18:43:16.602467+00:00', '--job-id', '129', '--raw', '--subdir', 'DAGS_FOLDER/sales_dw.py', '--cfg-path', '/tmp/tmpnh_gjq5f']
[2022-10-23T18:43:24.139+0000] {standard_task_runner.py:83} INFO - Job 129: Subtask get_funcionarios
[2022-10-23T18:43:24.141+0000] {dagbag.py:525} INFO - Filling up the DagBag from /opt/***/dags/sales_dw.py
[2022-10-23T18:43:24.694+0000] {task_command.py:384} INFO - Running <TaskInstance: sales_datawarehouse.get_funcionarios manual__2022-10-23T18:43:16.602467+00:00 [running]> on host 499050b57294
[2022-10-23T18:43:24.770+0000] {taskinstance.py:1592} INFO - Exporting the following env vars:
AIRFLOW_CTX_DAG_OWNER=pedromenegat
AIRFLOW_CTX_DAG_ID=sales_datawarehouse
AIRFLOW_CTX_TASK_ID=get_funcionarios
AIRFLOW_CTX_EXECUTION_DATE=2022-10-23T18:43:16.602467+00:00
AIRFLOW_CTX_TRY_NUMBER=1
AIRFLOW_CTX_DAG_RUN_ID=manual__2022-10-23T18:43:16.602467+00:00
[2022-10-23T18:43:46.438+0000] {logging_mixin.py:117} INFO -    id              nome
0   1       Rob Carsson
1   5    Ingrid Hendrix
2   8      Helen Brolin
3   4        Leif Shine
4   3      Tom Lindwall
5   2       Eli Preston
6   7      Rock Rollman
7   6  Lennart Skoglund
8   9      Joan Callins
[2022-10-23T18:43:46.438+0000] {python.py:177} INFO - Done. Returned value was: None
[2022-10-23T18:43:46.450+0000] {taskinstance.py:1406} INFO - Marking task as SUCCESS. dag_id=sales_datawarehouse, task_id=get_funcionarios, execution_date=20221023T184316, start_date=20221023T184324, end_date=20221023T184346
[2022-10-23T18:43:46.509+0000] {local_task_job.py:164} INFO - Task exited with return code 0
[2022-10-23T18:43:46.532+0000] {local_task_job.py:273} INFO - 0 downstream tasks scheduled from follow-on schedule check
