[2022-10-23T16:20:06.757+0000] {taskinstance.py:1165} INFO - Dependencies all met for <TaskInstance: sales_datawarehouse.query_vendas manual__2022-10-23T16:18:05.466304+00:00 [queued]>
[2022-10-23T16:20:06.776+0000] {taskinstance.py:1165} INFO - Dependencies all met for <TaskInstance: sales_datawarehouse.query_vendas manual__2022-10-23T16:18:05.466304+00:00 [queued]>
[2022-10-23T16:20:06.776+0000] {taskinstance.py:1362} INFO - 
--------------------------------------------------------------------------------
[2022-10-23T16:20:06.777+0000] {taskinstance.py:1363} INFO - Starting attempt 3 of 8
[2022-10-23T16:20:06.778+0000] {taskinstance.py:1364} INFO - 
--------------------------------------------------------------------------------
[2022-10-23T16:20:06.814+0000] {taskinstance.py:1383} INFO - Executing <Task(PostgresOperator): query_vendas> on 2022-10-23 16:18:05.466304+00:00
[2022-10-23T16:20:06.828+0000] {standard_task_runner.py:54} INFO - Started process 853 to run task
[2022-10-23T16:20:06.839+0000] {standard_task_runner.py:82} INFO - Running: ['***', 'tasks', 'run', 'sales_datawarehouse', 'query_vendas', 'manual__2022-10-23T16:18:05.466304+00:00', '--job-id', '17', '--raw', '--subdir', 'DAGS_FOLDER/sales_dw.py', '--cfg-path', '/tmp/tmpspgq3p6x']
[2022-10-23T16:20:06.842+0000] {standard_task_runner.py:83} INFO - Job 17: Subtask query_vendas
[2022-10-23T16:20:06.844+0000] {dagbag.py:525} INFO - Filling up the DagBag from /opt/***/dags/sales_dw.py
[2022-10-23T16:20:07.746+0000] {task_command.py:384} INFO - Running <TaskInstance: sales_datawarehouse.query_vendas manual__2022-10-23T16:18:05.466304+00:00 [running]> on host 499050b57294
[2022-10-23T16:20:07.960+0000] {taskinstance.py:1592} INFO - Exporting the following env vars:
AIRFLOW_CTX_DAG_OWNER=pedromenegat
AIRFLOW_CTX_DAG_ID=sales_datawarehouse
AIRFLOW_CTX_TASK_ID=query_vendas
AIRFLOW_CTX_EXECUTION_DATE=2022-10-23T16:18:05.466304+00:00
AIRFLOW_CTX_TRY_NUMBER=3
AIRFLOW_CTX_DAG_RUN_ID=manual__2022-10-23T16:18:05.466304+00:00
[2022-10-23T16:20:07.997+0000] {base.py:71} INFO - Using connection ID 'banco_vendas' for task execution.
[2022-10-23T16:20:09.215+0000] {sql.py:315} INFO - Running statement: 
            SELECT * FROM vendas LIMIT 10;
        , parameters: None
[2022-10-23T16:20:09.563+0000] {taskinstance.py:1851} ERROR - Task failed with exception
Traceback (most recent call last):
  File "/home/airflow/.local/lib/python3.7/site-packages/airflow/providers/postgres/operators/postgres.py", line 94, in execute
    self.hook.run(self.sql, self.autocommit, parameters=self.parameters)
  File "/home/airflow/.local/lib/python3.7/site-packages/airflow/providers/common/sql/hooks/sql.py", line 295, in run
    self._run_command(cur, sql_statement, parameters)
  File "/home/airflow/.local/lib/python3.7/site-packages/airflow/providers/common/sql/hooks/sql.py", line 320, in _run_command
    cur.execute(sql_statement)
psycopg2.errors.UndefinedTable: relation "vendas" does not exist
LINE 2:             SELECT * FROM vendas LIMIT 10;
                                  ^

[2022-10-23T16:20:09.609+0000] {taskinstance.py:1406} INFO - Marking task as UP_FOR_RETRY. dag_id=sales_datawarehouse, task_id=query_vendas, execution_date=20221023T161805, start_date=20221023T162006, end_date=20221023T162009
[2022-10-23T16:20:09.689+0000] {standard_task_runner.py:107} ERROR - Failed to execute job 17 for task query_vendas (relation "vendas" does not exist
LINE 2:             SELECT * FROM vendas LIMIT 10;
                                  ^
; 853)
[2022-10-23T16:20:09.747+0000] {local_task_job.py:164} INFO - Task exited with return code 1
[2022-10-23T16:20:09.788+0000] {local_task_job.py:273} INFO - 0 downstream tasks scheduled from follow-on schedule check
