[2022-10-24T22:22:40.701+0000] {taskinstance.py:1165} INFO - Dependencies all met for <TaskInstance: sales_datawarehouse.get_funcionarios manual__2022-10-24T22:22:32.961067+00:00 [queued]>
[2022-10-24T22:22:40.713+0000] {taskinstance.py:1165} INFO - Dependencies all met for <TaskInstance: sales_datawarehouse.get_funcionarios manual__2022-10-24T22:22:32.961067+00:00 [queued]>
[2022-10-24T22:22:40.714+0000] {taskinstance.py:1362} INFO - 
--------------------------------------------------------------------------------
[2022-10-24T22:22:40.714+0000] {taskinstance.py:1363} INFO - Starting attempt 1 of 2
[2022-10-24T22:22:40.715+0000] {taskinstance.py:1364} INFO - 
--------------------------------------------------------------------------------
[2022-10-24T22:22:40.732+0000] {taskinstance.py:1383} INFO - Executing <Task(PythonOperator): get_funcionarios> on 2022-10-24 22:22:32.961067+00:00
[2022-10-24T22:22:40.738+0000] {standard_task_runner.py:54} INFO - Started process 24866 to run task
[2022-10-24T22:22:40.741+0000] {standard_task_runner.py:82} INFO - Running: ['***', 'tasks', 'run', 'sales_datawarehouse', 'get_funcionarios', 'manual__2022-10-24T22:22:32.961067+00:00', '--job-id', '460', '--raw', '--subdir', 'DAGS_FOLDER/sales_dw.py', '--cfg-path', '/tmp/tmpscfuppje']
[2022-10-24T22:22:40.743+0000] {standard_task_runner.py:83} INFO - Job 460: Subtask get_funcionarios
[2022-10-24T22:22:40.744+0000] {dagbag.py:525} INFO - Filling up the DagBag from /opt/***/dags/sales_dw.py
[2022-10-24T22:22:41.531+0000] {task_command.py:384} INFO - Running <TaskInstance: sales_datawarehouse.get_funcionarios manual__2022-10-24T22:22:32.961067+00:00 [running]> on host 83cd0ab98720
[2022-10-24T22:22:41.655+0000] {taskinstance.py:1592} INFO - Exporting the following env vars:
AIRFLOW_CTX_DAG_OWNER=pedromenegat
AIRFLOW_CTX_DAG_ID=sales_datawarehouse
AIRFLOW_CTX_TASK_ID=get_funcionarios
AIRFLOW_CTX_EXECUTION_DATE=2022-10-24T22:22:32.961067+00:00
AIRFLOW_CTX_TRY_NUMBER=1
AIRFLOW_CTX_DAG_RUN_ID=manual__2022-10-24T22:22:32.961067+00:00
[2022-10-24T22:23:03.231+0000] {logging_mixin.py:117} INFO -    id_funcionario  nome_funcionario
0               1       Rob Carsson
1               5    Ingrid Hendrix
2               8      Helen Brolin
3               4        Leif Shine
4               3      Tom Lindwall
5               2       Eli Preston
6               7      Rock Rollman
7               6  Lennart Skoglund
8               9      Joan Callins
[2022-10-24T22:23:03.252+0000] {python.py:177} INFO - Done. Returned value was: None
[2022-10-24T22:23:03.267+0000] {taskinstance.py:1406} INFO - Marking task as SUCCESS. dag_id=sales_datawarehouse, task_id=get_funcionarios, execution_date=20221024T222232, start_date=20221024T222240, end_date=20221024T222303
[2022-10-24T22:23:03.332+0000] {local_task_job.py:164} INFO - Task exited with return code 0
[2022-10-24T22:23:03.379+0000] {local_task_job.py:273} INFO - 1 downstream tasks scheduled from follow-on schedule check
