[2022-10-24T22:50:21.257+0000] {taskinstance.py:1165} INFO - Dependencies all met for <TaskInstance: sales_datawarehouse.insert_funcionarios manual__2022-10-24T22:44:48.298392+00:00 [queued]>
[2022-10-24T22:50:21.271+0000] {taskinstance.py:1165} INFO - Dependencies all met for <TaskInstance: sales_datawarehouse.insert_funcionarios manual__2022-10-24T22:44:48.298392+00:00 [queued]>
[2022-10-24T22:50:21.271+0000] {taskinstance.py:1362} INFO - 
--------------------------------------------------------------------------------
[2022-10-24T22:50:21.272+0000] {taskinstance.py:1363} INFO - Starting attempt 2 of 3
[2022-10-24T22:50:21.273+0000] {taskinstance.py:1364} INFO - 
--------------------------------------------------------------------------------
[2022-10-24T22:50:21.292+0000] {taskinstance.py:1383} INFO - Executing <Task(PythonOperator): insert_funcionarios> on 2022-10-24 22:44:48.298392+00:00
[2022-10-24T22:50:21.299+0000] {standard_task_runner.py:54} INFO - Started process 26698 to run task
[2022-10-24T22:50:21.303+0000] {standard_task_runner.py:82} INFO - Running: ['***', 'tasks', 'run', 'sales_datawarehouse', 'insert_funcionarios', 'manual__2022-10-24T22:44:48.298392+00:00', '--job-id', '528', '--raw', '--subdir', 'DAGS_FOLDER/sales_dw.py', '--cfg-path', '/tmp/tmpp2mmlgta']
[2022-10-24T22:50:21.305+0000] {standard_task_runner.py:83} INFO - Job 528: Subtask insert_funcionarios
[2022-10-24T22:50:21.306+0000] {dagbag.py:525} INFO - Filling up the DagBag from /opt/***/dags/sales_dw.py
[2022-10-24T22:50:21.880+0000] {task_command.py:384} INFO - Running <TaskInstance: sales_datawarehouse.insert_funcionarios manual__2022-10-24T22:44:48.298392+00:00 [running]> on host 83cd0ab98720
[2022-10-24T22:50:22.024+0000] {taskinstance.py:1592} INFO - Exporting the following env vars:
AIRFLOW_CTX_DAG_OWNER=pedromenegat
AIRFLOW_CTX_DAG_ID=sales_datawarehouse
AIRFLOW_CTX_TASK_ID=insert_funcionarios
AIRFLOW_CTX_EXECUTION_DATE=2022-10-24T22:44:48.298392+00:00
AIRFLOW_CTX_TRY_NUMBER=2
AIRFLOW_CTX_DAG_RUN_ID=manual__2022-10-24T22:44:48.298392+00:00
[2022-10-24T22:50:22.203+0000] {python.py:177} INFO - Done. Returned value was: None
[2022-10-24T22:50:22.221+0000] {taskinstance.py:1406} INFO - Marking task as SUCCESS. dag_id=sales_datawarehouse, task_id=insert_funcionarios, execution_date=20221024T224448, start_date=20221024T225021, end_date=20221024T225022
[2022-10-24T22:50:22.278+0000] {local_task_job.py:164} INFO - Task exited with return code 0
[2022-10-24T22:50:22.332+0000] {local_task_job.py:273} INFO - 1 downstream tasks scheduled from follow-on schedule check
