[2022-10-26T00:34:01.155+0000] {taskinstance.py:1165} INFO - Dependencies all met for <TaskInstance: sales_datawarehouse.insert_dimCategorias manual__2022-10-24T22:44:48.298392+00:00 [queued]>
[2022-10-26T00:34:01.176+0000] {taskinstance.py:1165} INFO - Dependencies all met for <TaskInstance: sales_datawarehouse.insert_dimCategorias manual__2022-10-24T22:44:48.298392+00:00 [queued]>
[2022-10-26T00:34:01.176+0000] {taskinstance.py:1362} INFO - 
--------------------------------------------------------------------------------
[2022-10-26T00:34:01.177+0000] {taskinstance.py:1363} INFO - Starting attempt 1 of 2
[2022-10-26T00:34:01.178+0000] {taskinstance.py:1364} INFO - 
--------------------------------------------------------------------------------
[2022-10-26T00:34:01.203+0000] {taskinstance.py:1383} INFO - Executing <Task(PythonOperator): insert_dimCategorias> on 2022-10-24 22:44:48.298392+00:00
[2022-10-26T00:34:01.211+0000] {standard_task_runner.py:54} INFO - Started process 3308 to run task
[2022-10-26T00:34:01.216+0000] {standard_task_runner.py:82} INFO - Running: ['***', 'tasks', 'run', 'sales_datawarehouse', 'insert_dimCategorias', 'manual__2022-10-24T22:44:48.298392+00:00', '--job-id', '582', '--raw', '--subdir', 'DAGS_FOLDER/sales_dw.py', '--cfg-path', '/tmp/tmp4k24dhry']
[2022-10-26T00:34:01.218+0000] {standard_task_runner.py:83} INFO - Job 582: Subtask insert_dimCategorias
[2022-10-26T00:34:01.219+0000] {dagbag.py:525} INFO - Filling up the DagBag from /opt/***/dags/sales_dw.py
[2022-10-26T00:34:02.380+0000] {task_command.py:384} INFO - Running <TaskInstance: sales_datawarehouse.insert_dimCategorias manual__2022-10-24T22:44:48.298392+00:00 [running]> on host 83cd0ab98720
[2022-10-26T00:34:02.556+0000] {taskinstance.py:1592} INFO - Exporting the following env vars:
AIRFLOW_CTX_DAG_OWNER=pedromenegat
AIRFLOW_CTX_DAG_ID=sales_datawarehouse
AIRFLOW_CTX_TASK_ID=insert_dimCategorias
AIRFLOW_CTX_EXECUTION_DATE=2022-10-24T22:44:48.298392+00:00
AIRFLOW_CTX_TRY_NUMBER=1
AIRFLOW_CTX_DAG_RUN_ID=manual__2022-10-24T22:44:48.298392+00:00
[2022-10-26T00:34:02.774+0000] {python.py:177} INFO - Done. Returned value was: None
[2022-10-26T00:34:02.792+0000] {taskinstance.py:1406} INFO - Marking task as SUCCESS. dag_id=sales_datawarehouse, task_id=insert_dimCategorias, execution_date=20221024T224448, start_date=20221026T003401, end_date=20221026T003402
[2022-10-26T00:34:02.839+0000] {local_task_job.py:164} INFO - Task exited with return code 0
[2022-10-26T00:34:02.883+0000] {local_task_job.py:273} INFO - 1 downstream tasks scheduled from follow-on schedule check
