[2022-10-25T00:34:51.344+0000] {taskinstance.py:1165} INFO - Dependencies all met for <TaskInstance: sales_datawarehouse.insert_vendas scheduled__2022-10-24T00:00:00+00:00 [queued]>
[2022-10-25T00:34:51.361+0000] {taskinstance.py:1165} INFO - Dependencies all met for <TaskInstance: sales_datawarehouse.insert_vendas scheduled__2022-10-24T00:00:00+00:00 [queued]>
[2022-10-25T00:34:51.362+0000] {taskinstance.py:1362} INFO - 
--------------------------------------------------------------------------------
[2022-10-25T00:34:51.362+0000] {taskinstance.py:1363} INFO - Starting attempt 1 of 2
[2022-10-25T00:34:51.363+0000] {taskinstance.py:1364} INFO - 
--------------------------------------------------------------------------------
[2022-10-25T00:34:51.391+0000] {taskinstance.py:1383} INFO - Executing <Task(PythonOperator): insert_vendas> on 2022-10-24 00:00:00+00:00
[2022-10-25T00:34:51.397+0000] {standard_task_runner.py:54} INFO - Started process 28476 to run task
[2022-10-25T00:34:51.402+0000] {standard_task_runner.py:82} INFO - Running: ['***', 'tasks', 'run', 'sales_datawarehouse', 'insert_vendas', 'scheduled__2022-10-24T00:00:00+00:00', '--job-id', '560', '--raw', '--subdir', 'DAGS_FOLDER/sales_dw.py', '--cfg-path', '/tmp/tmps2mnyqs7']
[2022-10-25T00:34:51.404+0000] {standard_task_runner.py:83} INFO - Job 560: Subtask insert_vendas
[2022-10-25T00:34:51.406+0000] {dagbag.py:525} INFO - Filling up the DagBag from /opt/***/dags/sales_dw.py
[2022-10-25T00:34:52.224+0000] {task_command.py:384} INFO - Running <TaskInstance: sales_datawarehouse.insert_vendas scheduled__2022-10-24T00:00:00+00:00 [running]> on host 83cd0ab98720
[2022-10-25T00:34:52.365+0000] {taskinstance.py:1592} INFO - Exporting the following env vars:
AIRFLOW_CTX_DAG_OWNER=pedromenegat
AIRFLOW_CTX_DAG_ID=sales_datawarehouse
AIRFLOW_CTX_TASK_ID=insert_vendas
AIRFLOW_CTX_EXECUTION_DATE=2022-10-24T00:00:00+00:00
AIRFLOW_CTX_TRY_NUMBER=1
AIRFLOW_CTX_DAG_RUN_ID=scheduled__2022-10-24T00:00:00+00:00
[2022-10-25T00:34:52.611+0000] {python.py:177} INFO - Done. Returned value was: None
[2022-10-25T00:34:52.626+0000] {taskinstance.py:1406} INFO - Marking task as SUCCESS. dag_id=sales_datawarehouse, task_id=insert_vendas, execution_date=20221024T000000, start_date=20221025T003451, end_date=20221025T003452
[2022-10-25T00:34:52.659+0000] {local_task_job.py:164} INFO - Task exited with return code 0
[2022-10-25T00:34:52.691+0000] {local_task_job.py:273} INFO - 0 downstream tasks scheduled from follow-on schedule check
