[2022-10-24T21:39:31.257+0000] {taskinstance.py:1165} INFO - Dependencies all met for <TaskInstance: sales_datawarehouse.insert_categorias manual__2022-10-24T21:28:50.432837+00:00 [queued]>
[2022-10-24T21:39:31.272+0000] {taskinstance.py:1165} INFO - Dependencies all met for <TaskInstance: sales_datawarehouse.insert_categorias manual__2022-10-24T21:28:50.432837+00:00 [queued]>
[2022-10-24T21:39:31.273+0000] {taskinstance.py:1362} INFO - 
--------------------------------------------------------------------------------
[2022-10-24T21:39:31.275+0000] {taskinstance.py:1363} INFO - Starting attempt 1 of 2
[2022-10-24T21:39:31.275+0000] {taskinstance.py:1364} INFO - 
--------------------------------------------------------------------------------
[2022-10-24T21:39:31.296+0000] {taskinstance.py:1383} INFO - Executing <Task(PythonOperator): insert_categorias> on 2022-10-24 21:28:50.432837+00:00
[2022-10-24T21:39:31.310+0000] {standard_task_runner.py:54} INFO - Started process 22189 to run task
[2022-10-24T21:39:31.315+0000] {standard_task_runner.py:82} INFO - Running: ['***', 'tasks', 'run', 'sales_datawarehouse', 'insert_categorias', 'manual__2022-10-24T21:28:50.432837+00:00', '--job-id', '390', '--raw', '--subdir', 'DAGS_FOLDER/sales_dw.py', '--cfg-path', '/tmp/tmp7_4007he']
[2022-10-24T21:39:31.317+0000] {standard_task_runner.py:83} INFO - Job 390: Subtask insert_categorias
[2022-10-24T21:39:31.318+0000] {dagbag.py:525} INFO - Filling up the DagBag from /opt/***/dags/sales_dw.py
[2022-10-24T21:39:33.003+0000] {dagbag.py:330} ERROR - Failed to import: /opt/***/dags/sales_dw.py
Traceback (most recent call last):
  File "/home/airflow/.local/lib/python3.7/site-packages/airflow/models/dagbag.py", line 326, in parse
    loader.exec_module(new_module)
  File "<frozen importlib._bootstrap_external>", line 728, in exec_module
  File "<frozen importlib._bootstrap>", line 219, in _call_with_frames_removed
  File "/opt/airflow/dags/sales_dw.py", line 140, in <module>
    task1 >> task2 >> [task3,task4] >> [task5, task6] >> task7
TypeError: unsupported operand type(s) for >>: 'list' and 'list'
[2022-10-24T21:39:33.009+0000] {standard_task_runner.py:107} ERROR - Failed to execute job 390 for task insert_categorias (Dag 'sales_datawarehouse' could not be found; either it does not exist or it failed to parse.; 22189)
[2022-10-24T21:39:33.055+0000] {local_task_job.py:164} INFO - Task exited with return code 1
[2022-10-24T21:39:33.084+0000] {local_task_job.py:273} INFO - 0 downstream tasks scheduled from follow-on schedule check
