[2022-10-22T19:23:16.334+0000] {manager.py:483} INFO - Processing files using up to 2 processes at a time 
[2022-10-22T19:23:16.349+0000] {manager.py:484} INFO - Process each file at most once every 30 seconds
[2022-10-22T19:23:16.350+0000] {manager.py:486} INFO - Checking for new files in /opt/airflow/dags every 300 seconds
[2022-10-22T19:23:16.351+0000] {manager.py:724} INFO - Searching for files in /opt/airflow/dags
[2022-10-22T19:23:16.413+0000] {manager.py:727} INFO - There are 36 files in /opt/airflow/dags
[2022-10-22T19:23:16.698+0000] {manager.py:846} INFO - 
================================================================================
DAG File Processing Stats

File Path                                                                                                           PID  Runtime      # DAGs    # Errors  Last Runtime    Last Run
----------------------------------------------------------------------------------------------------------------  -----  ---------  --------  ----------  --------------  ----------
/home/airflow/.local/lib/python3.7/site-packages/airflow/example_dags/example_passing_params_via_test_command.py    195  0.10s             0           0
/home/airflow/.local/lib/python3.7/site-packages/airflow/example_dags/example_short_circuit_operator.py             207  0.08s             0           0
/home/airflow/.local/lib/python3.7/site-packages/airflow/example_dags/example_xcom.py                                                      0           0
/home/airflow/.local/lib/python3.7/site-packages/airflow/example_dags/example_kubernetes_executor.py                                       0           0
/home/airflow/.local/lib/python3.7/site-packages/airflow/example_dags/tutorial_taskflow_api_virtualenv.py                                  0           0
/home/airflow/.local/lib/python3.7/site-packages/airflow/example_dags/example_branch_labels.py                                             0           0
/home/airflow/.local/lib/python3.7/site-packages/airflow/example_dags/example_branch_operator_decorator.py                                 0           0
/home/airflow/.local/lib/python3.7/site-packages/airflow/example_dags/example_dag_decorator.py                                             0           0
/home/airflow/.local/lib/python3.7/site-packages/airflow/example_dags/example_task_group.py                                                0           0
/home/airflow/.local/lib/python3.7/site-packages/airflow/example_dags/example_datasets.py                                                  0           0
/home/airflow/.local/lib/python3.7/site-packages/airflow/example_dags/example_complex.py                                                   0           0
/home/airflow/.local/lib/python3.7/site-packages/airflow/example_dags/example_skip_dag.py                                                  0           0
/home/airflow/.local/lib/python3.7/site-packages/airflow/example_dags/tutorial.py                                                          0           0
/home/airflow/.local/lib/python3.7/site-packages/airflow/example_dags/tutorial_dag.py                                                      0           0
/home/airflow/.local/lib/python3.7/site-packages/airflow/example_dags/example_short_circuit_decorator.py                                   0           0
/home/airflow/.local/lib/python3.7/site-packages/airflow/example_dags/example_branch_day_of_week_operator.py                               0           0
/home/airflow/.local/lib/python3.7/site-packages/airflow/example_dags/tutorial_taskflow_api.py                                             0           0
/home/airflow/.local/lib/python3.7/site-packages/airflow/example_dags/example_latest_only.py                                               0           0
/home/airflow/.local/lib/python3.7/site-packages/airflow/example_dags/example_python_operator.py                                           0           0
/home/airflow/.local/lib/python3.7/site-packages/airflow/example_dags/example_sla_dag.py                                                   0           0
/home/airflow/.local/lib/python3.7/site-packages/airflow/example_dags/example_branch_operator.py                                           0           0
/home/airflow/.local/lib/python3.7/site-packages/airflow/example_dags/example_nested_branch_dag.py                                         0           0
/home/airflow/.local/lib/python3.7/site-packages/airflow/example_dags/example_time_delta_sensor_async.py                                   0           0
/home/airflow/.local/lib/python3.7/site-packages/airflow/example_dags/example_bash_operator.py                                             0           0
/home/airflow/.local/lib/python3.7/site-packages/airflow/example_dags/example_branch_datetime_operator.py                                  0           0
/home/airflow/.local/lib/python3.7/site-packages/airflow/example_dags/example_task_group_decorator.py                                      0           0
/home/airflow/.local/lib/python3.7/site-packages/airflow/example_dags/example_branch_python_dop_operator_3.py                              0           0
/home/airflow/.local/lib/python3.7/site-packages/airflow/example_dags/example_local_kubernetes_executor.py                                 0           0
/home/airflow/.local/lib/python3.7/site-packages/airflow/example_dags/example_trigger_controller_dag.py                                    0           0
/home/airflow/.local/lib/python3.7/site-packages/airflow/example_dags/example_latest_only_with_trigger.py                                  0           0
/home/airflow/.local/lib/python3.7/site-packages/airflow/example_dags/example_trigger_target_dag.py                                        0           0
/home/airflow/.local/lib/python3.7/site-packages/airflow/example_dags/example_subdag_operator.py                                           0           0
/home/airflow/.local/lib/python3.7/site-packages/airflow/example_dags/example_external_task_marker_dag.py                                  0           0
/home/airflow/.local/lib/python3.7/site-packages/airflow/example_dags/example_xcomargs.py                                                  0           0
/home/airflow/.local/lib/python3.7/site-packages/airflow/example_dags/subdags/subdag.py                                                    0           0
/home/airflow/.local/lib/python3.7/site-packages/airflow/example_dags/plugins/workday.py                                                   0           0
================================================================================
[2022-10-22T19:23:17.531+0000] {manager.py:465} INFO - Exiting gracefully upon receiving signal 15
[2022-10-22T19:23:17.531+0000] {manager.py:465} INFO - Exiting gracefully upon receiving signal 15
[2022-10-22T19:23:17.978+0000] {manager.py:465} INFO - Exiting gracefully upon receiving signal 15
[2022-10-22T19:28:59.686+0000] {manager.py:483} INFO - Processing files using up to 2 processes at a time 
[2022-10-22T19:28:59.688+0000] {manager.py:484} INFO - Process each file at most once every 30 seconds
[2022-10-22T19:28:59.689+0000] {manager.py:486} INFO - Checking for new files in /opt/airflow/dags every 300 seconds
[2022-10-22T19:28:59.689+0000] {manager.py:724} INFO - Searching for files in /opt/airflow/dags
[2022-10-22T19:28:59.693+0000] {manager.py:727} INFO - There are 0 files in /opt/airflow/dags
[2022-10-22T19:34:00.065+0000] {manager.py:724} INFO - Searching for files in /opt/airflow/dags
[2022-10-22T19:34:00.081+0000] {manager.py:727} INFO - There are 0 files in /opt/airflow/dags
[2022-10-22T19:39:00.426+0000] {manager.py:724} INFO - Searching for files in /opt/airflow/dags
[2022-10-22T19:39:00.436+0000] {manager.py:727} INFO - There are 0 files in /opt/airflow/dags
[2022-10-22T19:44:01.366+0000] {manager.py:724} INFO - Searching for files in /opt/airflow/dags
[2022-10-22T19:44:01.371+0000] {manager.py:727} INFO - There are 0 files in /opt/airflow/dags
[2022-10-22T19:49:02.273+0000] {manager.py:724} INFO - Searching for files in /opt/airflow/dags
[2022-10-22T19:49:02.282+0000] {manager.py:727} INFO - There are 0 files in /opt/airflow/dags
