[2022-10-23T18:39:27.289+0000] {taskinstance.py:1165} INFO - Dependencies all met for <TaskInstance: sales_datawarehouse.get_vendas manual__2022-10-23T18:39:21.162300+00:00 [queued]>
[2022-10-23T18:39:27.323+0000] {taskinstance.py:1165} INFO - Dependencies all met for <TaskInstance: sales_datawarehouse.get_vendas manual__2022-10-23T18:39:21.162300+00:00 [queued]>
[2022-10-23T18:39:27.324+0000] {taskinstance.py:1362} INFO - 
--------------------------------------------------------------------------------
[2022-10-23T18:39:27.325+0000] {taskinstance.py:1363} INFO - Starting attempt 1 of 2
[2022-10-23T18:39:27.326+0000] {taskinstance.py:1364} INFO - 
--------------------------------------------------------------------------------
[2022-10-23T18:39:27.374+0000] {taskinstance.py:1383} INFO - Executing <Task(PythonOperator): get_vendas> on 2022-10-23 18:39:21.162300+00:00
[2022-10-23T18:39:27.385+0000] {standard_task_runner.py:54} INFO - Started process 9146 to run task
[2022-10-23T18:39:27.392+0000] {standard_task_runner.py:82} INFO - Running: ['***', 'tasks', 'run', 'sales_datawarehouse', 'get_vendas', 'manual__2022-10-23T18:39:21.162300+00:00', '--job-id', '115', '--raw', '--subdir', 'DAGS_FOLDER/sales_dw.py', '--cfg-path', '/tmp/tmpchz9zi1v']
[2022-10-23T18:39:27.398+0000] {standard_task_runner.py:83} INFO - Job 115: Subtask get_vendas
[2022-10-23T18:39:27.401+0000] {dagbag.py:525} INFO - Filling up the DagBag from /opt/***/dags/sales_dw.py
[2022-10-23T18:39:28.565+0000] {task_command.py:384} INFO - Running <TaskInstance: sales_datawarehouse.get_vendas manual__2022-10-23T18:39:21.162300+00:00 [running]> on host 499050b57294
[2022-10-23T18:39:28.776+0000] {taskinstance.py:1592} INFO - Exporting the following env vars:
AIRFLOW_CTX_DAG_OWNER=pedromenegat
AIRFLOW_CTX_DAG_ID=sales_datawarehouse
AIRFLOW_CTX_TASK_ID=get_vendas
AIRFLOW_CTX_EXECUTION_DATE=2022-10-23T18:39:21.162300+00:00
AIRFLOW_CTX_TRY_NUMBER=1
AIRFLOW_CTX_DAG_RUN_ID=manual__2022-10-23T18:39:21.162300+00:00
[2022-10-23T18:39:28.794+0000] {base.py:71} INFO - Using connection ID 'banco_vendas' for task execution.
[2022-10-23T18:39:30.826+0000] {python.py:177} INFO - Done. Returned value was: None
[2022-10-23T18:39:30.846+0000] {taskinstance.py:1406} INFO - Marking task as SUCCESS. dag_id=sales_datawarehouse, task_id=get_vendas, execution_date=20221023T183921, start_date=20221023T183927, end_date=20221023T183930
[2022-10-23T18:39:30.906+0000] {local_task_job.py:164} INFO - Task exited with return code 0
[2022-10-23T18:39:30.950+0000] {local_task_job.py:273} INFO - 1 downstream tasks scheduled from follow-on schedule check
