[2022-10-26T00:34:13.342+0000] {taskinstance.py:1165} INFO - Dependencies all met for <TaskInstance: sales_datawarehouse.insert_dimCategorias manual__2022-10-26T00:31:19.166146+00:00 [queued]>
[2022-10-26T00:34:13.426+0000] {taskinstance.py:1165} INFO - Dependencies all met for <TaskInstance: sales_datawarehouse.insert_dimCategorias manual__2022-10-26T00:31:19.166146+00:00 [queued]>
[2022-10-26T00:34:13.428+0000] {taskinstance.py:1362} INFO - 
--------------------------------------------------------------------------------
[2022-10-26T00:34:13.439+0000] {taskinstance.py:1363} INFO - Starting attempt 1 of 2
[2022-10-26T00:34:13.440+0000] {taskinstance.py:1364} INFO - 
--------------------------------------------------------------------------------
[2022-10-26T00:34:13.534+0000] {taskinstance.py:1383} INFO - Executing <Task(PythonOperator): insert_dimCategorias> on 2022-10-26 00:31:19.166146+00:00
[2022-10-26T00:34:13.566+0000] {standard_task_runner.py:54} INFO - Started process 3332 to run task
[2022-10-26T00:34:13.572+0000] {standard_task_runner.py:82} INFO - Running: ['***', 'tasks', 'run', 'sales_datawarehouse', 'insert_dimCategorias', 'manual__2022-10-26T00:31:19.166146+00:00', '--job-id', '585', '--raw', '--subdir', 'DAGS_FOLDER/sales_dw.py', '--cfg-path', '/tmp/tmpcn0uzikg']
[2022-10-26T00:34:13.584+0000] {standard_task_runner.py:83} INFO - Job 585: Subtask insert_dimCategorias
[2022-10-26T00:34:13.587+0000] {dagbag.py:525} INFO - Filling up the DagBag from /opt/***/dags/sales_dw.py
[2022-10-26T00:34:15.108+0000] {task_command.py:384} INFO - Running <TaskInstance: sales_datawarehouse.insert_dimCategorias manual__2022-10-26T00:31:19.166146+00:00 [running]> on host 83cd0ab98720
[2022-10-26T00:34:15.310+0000] {taskinstance.py:1592} INFO - Exporting the following env vars:
AIRFLOW_CTX_DAG_OWNER=pedromenegat
AIRFLOW_CTX_DAG_ID=sales_datawarehouse
AIRFLOW_CTX_TASK_ID=insert_dimCategorias
AIRFLOW_CTX_EXECUTION_DATE=2022-10-26T00:31:19.166146+00:00
AIRFLOW_CTX_TRY_NUMBER=1
AIRFLOW_CTX_DAG_RUN_ID=manual__2022-10-26T00:31:19.166146+00:00
[2022-10-26T00:34:15.533+0000] {python.py:177} INFO - Done. Returned value was: None
[2022-10-26T00:34:15.556+0000] {taskinstance.py:1406} INFO - Marking task as SUCCESS. dag_id=sales_datawarehouse, task_id=insert_dimCategorias, execution_date=20221026T003119, start_date=20221026T003413, end_date=20221026T003415
[2022-10-26T00:34:15.645+0000] {local_task_job.py:164} INFO - Task exited with return code 0
[2022-10-26T00:34:15.758+0000] {local_task_job.py:273} INFO - 1 downstream tasks scheduled from follow-on schedule check
