[2022-10-23T21:32:00.545+0000] {taskinstance.py:1165} INFO - Dependencies all met for <TaskInstance: sales_datawarehouse.get_funcionarios manual__2022-10-23T21:26:22.901909+00:00 [queued]>
[2022-10-23T21:32:00.573+0000] {taskinstance.py:1165} INFO - Dependencies all met for <TaskInstance: sales_datawarehouse.get_funcionarios manual__2022-10-23T21:26:22.901909+00:00 [queued]>
[2022-10-23T21:32:00.574+0000] {taskinstance.py:1362} INFO - 
--------------------------------------------------------------------------------
[2022-10-23T21:32:00.576+0000] {taskinstance.py:1363} INFO - Starting attempt 3 of 4
[2022-10-23T21:32:00.577+0000] {taskinstance.py:1364} INFO - 
--------------------------------------------------------------------------------
[2022-10-23T21:32:00.622+0000] {taskinstance.py:1383} INFO - Executing <Task(PythonOperator): get_funcionarios> on 2022-10-23 21:26:22.901909+00:00
[2022-10-23T21:32:00.635+0000] {standard_task_runner.py:54} INFO - Started process 1787 to run task
[2022-10-23T21:32:00.643+0000] {standard_task_runner.py:82} INFO - Running: ['***', 'tasks', 'run', 'sales_datawarehouse', 'get_funcionarios', 'manual__2022-10-23T21:26:22.901909+00:00', '--job-id', '194', '--raw', '--subdir', 'DAGS_FOLDER/sales_dw.py', '--cfg-path', '/tmp/tmpkbvojqlp']
[2022-10-23T21:32:00.648+0000] {standard_task_runner.py:83} INFO - Job 194: Subtask get_funcionarios
[2022-10-23T21:32:00.651+0000] {dagbag.py:525} INFO - Filling up the DagBag from /opt/***/dags/sales_dw.py
[2022-10-23T21:32:05.121+0000] {task_command.py:384} INFO - Running <TaskInstance: sales_datawarehouse.get_funcionarios manual__2022-10-23T21:26:22.901909+00:00 [running]> on host 83cd0ab98720
[2022-10-23T21:32:05.271+0000] {taskinstance.py:1592} INFO - Exporting the following env vars:
AIRFLOW_CTX_DAG_OWNER=pedromenegat
AIRFLOW_CTX_DAG_ID=sales_datawarehouse
AIRFLOW_CTX_TASK_ID=get_funcionarios
AIRFLOW_CTX_EXECUTION_DATE=2022-10-23T21:26:22.901909+00:00
AIRFLOW_CTX_TRY_NUMBER=3
AIRFLOW_CTX_DAG_RUN_ID=manual__2022-10-23T21:26:22.901909+00:00
[2022-10-23T21:32:26.635+0000] {python.py:177} INFO - Done. Returned value was: None
[2022-10-23T21:32:26.653+0000] {taskinstance.py:1406} INFO - Marking task as SUCCESS. dag_id=sales_datawarehouse, task_id=get_funcionarios, execution_date=20221023T212622, start_date=20221023T213200, end_date=20221023T213226
[2022-10-23T21:32:26.729+0000] {local_task_job.py:164} INFO - Task exited with return code 0
[2022-10-23T21:32:26.781+0000] {local_task_job.py:273} INFO - 0 downstream tasks scheduled from follow-on schedule check
