[2022-10-23T21:31:54.968+0000] {taskinstance.py:1165} INFO - Dependencies all met for <TaskInstance: sales_datawarehouse.get_vendas manual__2022-10-23T21:26:22.901909+00:00 [queued]>
[2022-10-23T21:31:55.006+0000] {taskinstance.py:1165} INFO - Dependencies all met for <TaskInstance: sales_datawarehouse.get_vendas manual__2022-10-23T21:26:22.901909+00:00 [queued]>
[2022-10-23T21:31:55.008+0000] {taskinstance.py:1362} INFO - 
--------------------------------------------------------------------------------
[2022-10-23T21:31:55.009+0000] {taskinstance.py:1363} INFO - Starting attempt 3 of 4
[2022-10-23T21:31:55.010+0000] {taskinstance.py:1364} INFO - 
--------------------------------------------------------------------------------
[2022-10-23T21:31:55.048+0000] {taskinstance.py:1383} INFO - Executing <Task(PythonOperator): get_vendas> on 2022-10-23 21:26:22.901909+00:00
[2022-10-23T21:31:55.056+0000] {standard_task_runner.py:54} INFO - Started process 1769 to run task
[2022-10-23T21:31:55.063+0000] {standard_task_runner.py:82} INFO - Running: ['***', 'tasks', 'run', 'sales_datawarehouse', 'get_vendas', 'manual__2022-10-23T21:26:22.901909+00:00', '--job-id', '192', '--raw', '--subdir', 'DAGS_FOLDER/sales_dw.py', '--cfg-path', '/tmp/tmpqf89lc5z']
[2022-10-23T21:31:55.065+0000] {standard_task_runner.py:83} INFO - Job 192: Subtask get_vendas
[2022-10-23T21:31:55.067+0000] {dagbag.py:525} INFO - Filling up the DagBag from /opt/***/dags/sales_dw.py
[2022-10-23T21:31:56.001+0000] {task_command.py:384} INFO - Running <TaskInstance: sales_datawarehouse.get_vendas manual__2022-10-23T21:26:22.901909+00:00 [running]> on host 83cd0ab98720
[2022-10-23T21:31:56.230+0000] {taskinstance.py:1592} INFO - Exporting the following env vars:
AIRFLOW_CTX_DAG_OWNER=pedromenegat
AIRFLOW_CTX_DAG_ID=sales_datawarehouse
AIRFLOW_CTX_TASK_ID=get_vendas
AIRFLOW_CTX_EXECUTION_DATE=2022-10-23T21:26:22.901909+00:00
AIRFLOW_CTX_TRY_NUMBER=3
AIRFLOW_CTX_DAG_RUN_ID=manual__2022-10-23T21:26:22.901909+00:00
[2022-10-23T21:31:56.251+0000] {base.py:71} INFO - Using connection ID 'banco_vendas' for task execution.
[2022-10-23T21:31:58.559+0000] {python.py:177} INFO - Done. Returned value was: None
[2022-10-23T21:31:58.592+0000] {taskinstance.py:1406} INFO - Marking task as SUCCESS. dag_id=sales_datawarehouse, task_id=get_vendas, execution_date=20221023T212622, start_date=20221023T213154, end_date=20221023T213158
[2022-10-23T21:31:58.701+0000] {local_task_job.py:164} INFO - Task exited with return code 0
[2022-10-23T21:31:58.857+0000] {local_task_job.py:273} INFO - 0 downstream tasks scheduled from follow-on schedule check
