[2022-10-26T00:43:00.294+0000] {taskinstance.py:1165} INFO - Dependencies all met for <TaskInstance: sales_datawarehouse.insert_fatoVendas manual__2022-10-26T00:42:14.271877+00:00 [queued]>
[2022-10-26T00:43:00.313+0000] {taskinstance.py:1165} INFO - Dependencies all met for <TaskInstance: sales_datawarehouse.insert_fatoVendas manual__2022-10-26T00:42:14.271877+00:00 [queued]>
[2022-10-26T00:43:00.314+0000] {taskinstance.py:1362} INFO - 
--------------------------------------------------------------------------------
[2022-10-26T00:43:00.316+0000] {taskinstance.py:1363} INFO - Starting attempt 1 of 2
[2022-10-26T00:43:00.316+0000] {taskinstance.py:1364} INFO - 
--------------------------------------------------------------------------------
[2022-10-26T00:43:00.343+0000] {taskinstance.py:1383} INFO - Executing <Task(PythonOperator): insert_fatoVendas> on 2022-10-26 00:42:14.271877+00:00
[2022-10-26T00:43:00.353+0000] {standard_task_runner.py:54} INFO - Started process 3978 to run task
[2022-10-26T00:43:00.359+0000] {standard_task_runner.py:82} INFO - Running: ['***', 'tasks', 'run', 'sales_datawarehouse', 'insert_fatoVendas', 'manual__2022-10-26T00:42:14.271877+00:00', '--job-id', '641', '--raw', '--subdir', 'DAGS_FOLDER/sales_dw.py', '--cfg-path', '/tmp/tmp18bgrddu']
[2022-10-26T00:43:00.361+0000] {standard_task_runner.py:83} INFO - Job 641: Subtask insert_fatoVendas
[2022-10-26T00:43:00.363+0000] {dagbag.py:525} INFO - Filling up the DagBag from /opt/***/dags/sales_dw.py
[2022-10-26T00:43:01.797+0000] {task_command.py:384} INFO - Running <TaskInstance: sales_datawarehouse.insert_fatoVendas manual__2022-10-26T00:42:14.271877+00:00 [running]> on host 83cd0ab98720
[2022-10-26T00:43:01.983+0000] {taskinstance.py:1592} INFO - Exporting the following env vars:
AIRFLOW_CTX_DAG_OWNER=pedromenegat
AIRFLOW_CTX_DAG_ID=sales_datawarehouse
AIRFLOW_CTX_TASK_ID=insert_fatoVendas
AIRFLOW_CTX_EXECUTION_DATE=2022-10-26T00:42:14.271877+00:00
AIRFLOW_CTX_TRY_NUMBER=1
AIRFLOW_CTX_DAG_RUN_ID=manual__2022-10-26T00:42:14.271877+00:00
[2022-10-26T00:43:02.399+0000] {python.py:177} INFO - Done. Returned value was: None
[2022-10-26T00:43:02.432+0000] {taskinstance.py:1406} INFO - Marking task as SUCCESS. dag_id=sales_datawarehouse, task_id=insert_fatoVendas, execution_date=20221026T004214, start_date=20221026T004300, end_date=20221026T004302
[2022-10-26T00:43:02.532+0000] {local_task_job.py:164} INFO - Task exited with return code 0
[2022-10-26T00:43:02.583+0000] {local_task_job.py:273} INFO - 0 downstream tasks scheduled from follow-on schedule check
