[2022-10-26T00:00:03.601+0000] {taskinstance.py:1165} INFO - Dependencies all met for <TaskInstance: sales_datawarehouse.create_tables scheduled__2022-10-25T00:00:00+00:00 [queued]>
[2022-10-26T00:00:03.627+0000] {taskinstance.py:1165} INFO - Dependencies all met for <TaskInstance: sales_datawarehouse.create_tables scheduled__2022-10-25T00:00:00+00:00 [queued]>
[2022-10-26T00:00:03.627+0000] {taskinstance.py:1362} INFO - 
--------------------------------------------------------------------------------
[2022-10-26T00:00:03.628+0000] {taskinstance.py:1363} INFO - Starting attempt 1 of 2
[2022-10-26T00:00:03.629+0000] {taskinstance.py:1364} INFO - 
--------------------------------------------------------------------------------
[2022-10-26T00:00:03.660+0000] {taskinstance.py:1383} INFO - Executing <Task(PostgresOperator): create_tables> on 2022-10-25 00:00:00+00:00
[2022-10-26T00:00:03.669+0000] {standard_task_runner.py:54} INFO - Started process 1316 to run task
[2022-10-26T00:00:03.673+0000] {standard_task_runner.py:82} INFO - Running: ['***', 'tasks', 'run', 'sales_datawarehouse', 'create_tables', 'scheduled__2022-10-25T00:00:00+00:00', '--job-id', '561', '--raw', '--subdir', 'DAGS_FOLDER/sales_dw.py', '--cfg-path', '/tmp/tmpbwwclftr']
[2022-10-26T00:00:03.675+0000] {standard_task_runner.py:83} INFO - Job 561: Subtask create_tables
[2022-10-26T00:00:03.678+0000] {dagbag.py:525} INFO - Filling up the DagBag from /opt/***/dags/sales_dw.py
[2022-10-26T00:00:05.617+0000] {task_command.py:384} INFO - Running <TaskInstance: sales_datawarehouse.create_tables scheduled__2022-10-25T00:00:00+00:00 [running]> on host 83cd0ab98720
[2022-10-26T00:00:05.717+0000] {taskinstance.py:1592} INFO - Exporting the following env vars:
AIRFLOW_CTX_DAG_OWNER=pedromenegat
AIRFLOW_CTX_DAG_ID=sales_datawarehouse
AIRFLOW_CTX_TASK_ID=create_tables
AIRFLOW_CTX_EXECUTION_DATE=2022-10-25T00:00:00+00:00
AIRFLOW_CTX_TRY_NUMBER=1
AIRFLOW_CTX_DAG_RUN_ID=scheduled__2022-10-25T00:00:00+00:00
[2022-10-26T00:00:05.730+0000] {base.py:71} INFO - Using connection ID '***_localhost' for task execution.
[2022-10-26T00:00:05.875+0000] {sql.py:315} INFO - Running statement: 
        CREATE TABLE IF NOT EXISTS funcionarios(		
            id_funcionario INTEGER PRIMARY KEY NOT NULL,
            nome_funcionario VARCHAR(30) NOT NULL
	    );
        CREATE TABLE IF NOT EXISTS categorias(		
            id INTEGER PRIMARY KEY NOT NULL,
            nome_categoria VARCHAR(30) NOT NULL
		);		
		CREATE TABLE IF NOT EXISTS vendas(
            id_venda INTEGER PRIMARY KEY NOT NULL,
            id_funcionario INTEGER NOT NULL,
            id_categoria INTEGER NOT NULL,
            data_venda DATE NOT NULL,
            venda NUMERIC(20,5) NOT NULL,
            FOREIGN KEY (id_funcionario) 
                REFERENCES funcionarios (id_funcionario)
                ON UPDATE CASCADE ON DELETE CASCADE,
            FOREIGN KEY (id_categoria) 
                REFERENCES categorias (id)
                ON UPDATE CASCADE ON DELETE CASCADE
		);
        , parameters: None
[2022-10-26T00:00:05.887+0000] {postgres.py:96} INFO - NOTICE:  relation "funcionarios" already exists, skipping

[2022-10-26T00:00:05.888+0000] {postgres.py:96} INFO - NOTICE:  relation "categorias" already exists, skipping

[2022-10-26T00:00:05.889+0000] {postgres.py:96} INFO - NOTICE:  relation "vendas" already exists, skipping

[2022-10-26T00:00:05.913+0000] {taskinstance.py:1406} INFO - Marking task as SUCCESS. dag_id=sales_datawarehouse, task_id=create_tables, execution_date=20221025T000000, start_date=20221026T000003, end_date=20221026T000005
[2022-10-26T00:00:05.980+0000] {local_task_job.py:164} INFO - Task exited with return code 0
[2022-10-26T00:00:06.035+0000] {local_task_job.py:273} INFO - 1 downstream tasks scheduled from follow-on schedule check
