[2022-10-24T21:29:00.458+0000] {taskinstance.py:1165} INFO - Dependencies all met for <TaskInstance: sales_datawarehouse.get_categorias manual__2022-10-24T21:28:50.432837+00:00 [queued]>
[2022-10-24T21:29:00.471+0000] {taskinstance.py:1165} INFO - Dependencies all met for <TaskInstance: sales_datawarehouse.get_categorias manual__2022-10-24T21:28:50.432837+00:00 [queued]>
[2022-10-24T21:29:00.472+0000] {taskinstance.py:1362} INFO - 
--------------------------------------------------------------------------------
[2022-10-24T21:29:00.473+0000] {taskinstance.py:1363} INFO - Starting attempt 1 of 2
[2022-10-24T21:29:00.473+0000] {taskinstance.py:1364} INFO - 
--------------------------------------------------------------------------------
[2022-10-24T21:29:00.498+0000] {taskinstance.py:1383} INFO - Executing <Task(PythonOperator): get_categorias> on 2022-10-24 21:28:50.432837+00:00
[2022-10-24T21:29:00.504+0000] {standard_task_runner.py:54} INFO - Started process 21531 to run task
[2022-10-24T21:29:00.508+0000] {standard_task_runner.py:82} INFO - Running: ['***', 'tasks', 'run', 'sales_datawarehouse', 'get_categorias', 'manual__2022-10-24T21:28:50.432837+00:00', '--job-id', '373', '--raw', '--subdir', 'DAGS_FOLDER/sales_dw.py', '--cfg-path', '/tmp/tmpq9uc80tt']
[2022-10-24T21:29:00.510+0000] {standard_task_runner.py:83} INFO - Job 373: Subtask get_categorias
[2022-10-24T21:29:00.511+0000] {dagbag.py:525} INFO - Filling up the DagBag from /opt/***/dags/sales_dw.py
[2022-10-24T21:29:01.234+0000] {task_command.py:384} INFO - Running <TaskInstance: sales_datawarehouse.get_categorias manual__2022-10-24T21:28:50.432837+00:00 [running]> on host 83cd0ab98720
[2022-10-24T21:29:01.326+0000] {taskinstance.py:1592} INFO - Exporting the following env vars:
AIRFLOW_CTX_DAG_OWNER=pedromenegat
AIRFLOW_CTX_DAG_ID=sales_datawarehouse
AIRFLOW_CTX_TASK_ID=get_categorias
AIRFLOW_CTX_EXECUTION_DATE=2022-10-24T21:28:50.432837+00:00
AIRFLOW_CTX_TRY_NUMBER=1
AIRFLOW_CTX_DAG_RUN_ID=manual__2022-10-24T21:28:50.432837+00:00
[2022-10-24T21:29:01.626+0000] {python.py:177} INFO - Done. Returned value was: None
[2022-10-24T21:29:01.654+0000] {taskinstance.py:1406} INFO - Marking task as SUCCESS. dag_id=sales_datawarehouse, task_id=get_categorias, execution_date=20221024T212850, start_date=20221024T212900, end_date=20221024T212901
[2022-10-24T21:29:01.725+0000] {local_task_job.py:164} INFO - Task exited with return code 0
[2022-10-24T21:29:01.803+0000] {local_task_job.py:273} INFO - 0 downstream tasks scheduled from follow-on schedule check
