[2022-10-24T22:35:56.001+0000] {taskinstance.py:1165} INFO - Dependencies all met for <TaskInstance: sales_datawarehouse.get_categorias manual__2022-10-24T22:35:47.983631+00:00 [queued]>
[2022-10-24T22:35:56.021+0000] {taskinstance.py:1165} INFO - Dependencies all met for <TaskInstance: sales_datawarehouse.get_categorias manual__2022-10-24T22:35:47.983631+00:00 [queued]>
[2022-10-24T22:35:56.022+0000] {taskinstance.py:1362} INFO - 
--------------------------------------------------------------------------------
[2022-10-24T22:35:56.023+0000] {taskinstance.py:1363} INFO - Starting attempt 1 of 2
[2022-10-24T22:35:56.023+0000] {taskinstance.py:1364} INFO - 
--------------------------------------------------------------------------------
[2022-10-24T22:35:56.063+0000] {taskinstance.py:1383} INFO - Executing <Task(PythonOperator): get_categorias> on 2022-10-24 22:35:47.983631+00:00
[2022-10-24T22:35:56.072+0000] {standard_task_runner.py:54} INFO - Started process 25739 to run task
[2022-10-24T22:35:56.078+0000] {standard_task_runner.py:82} INFO - Running: ['***', 'tasks', 'run', 'sales_datawarehouse', 'get_categorias', 'manual__2022-10-24T22:35:47.983631+00:00', '--job-id', '491', '--raw', '--subdir', 'DAGS_FOLDER/sales_dw.py', '--cfg-path', '/tmp/tmpqqb1o5oc']
[2022-10-24T22:35:56.082+0000] {standard_task_runner.py:83} INFO - Job 491: Subtask get_categorias
[2022-10-24T22:35:56.085+0000] {dagbag.py:525} INFO - Filling up the DagBag from /opt/***/dags/sales_dw.py
[2022-10-24T22:35:57.120+0000] {task_command.py:384} INFO - Running <TaskInstance: sales_datawarehouse.get_categorias manual__2022-10-24T22:35:47.983631+00:00 [running]> on host 83cd0ab98720
[2022-10-24T22:35:57.297+0000] {taskinstance.py:1592} INFO - Exporting the following env vars:
AIRFLOW_CTX_DAG_OWNER=pedromenegat
AIRFLOW_CTX_DAG_ID=sales_datawarehouse
AIRFLOW_CTX_TASK_ID=get_categorias
AIRFLOW_CTX_EXECUTION_DATE=2022-10-24T22:35:47.983631+00:00
AIRFLOW_CTX_TRY_NUMBER=1
AIRFLOW_CTX_DAG_RUN_ID=manual__2022-10-24T22:35:47.983631+00:00
[2022-10-24T22:35:57.613+0000] {python.py:177} INFO - Done. Returned value was: None
[2022-10-24T22:35:57.633+0000] {taskinstance.py:1406} INFO - Marking task as SUCCESS. dag_id=sales_datawarehouse, task_id=get_categorias, execution_date=20221024T223547, start_date=20221024T223556, end_date=20221024T223557
[2022-10-24T22:35:57.699+0000] {local_task_job.py:164} INFO - Task exited with return code 0
[2022-10-24T22:35:57.758+0000] {local_task_job.py:273} INFO - 0 downstream tasks scheduled from follow-on schedule check
