[2022-10-23T18:37:51.240+0000] {taskinstance.py:1165} INFO - Dependencies all met for <TaskInstance: sales_datawarehouse.get_funcionarios manual__2022-10-23T18:35:43.342416+00:00 [queued]>
[2022-10-23T18:37:51.252+0000] {taskinstance.py:1165} INFO - Dependencies all met for <TaskInstance: sales_datawarehouse.get_funcionarios manual__2022-10-23T18:35:43.342416+00:00 [queued]>
[2022-10-23T18:37:51.252+0000] {taskinstance.py:1362} INFO - 
--------------------------------------------------------------------------------
[2022-10-23T18:37:51.253+0000] {taskinstance.py:1363} INFO - Starting attempt 2 of 2
[2022-10-23T18:37:51.254+0000] {taskinstance.py:1364} INFO - 
--------------------------------------------------------------------------------
[2022-10-23T18:37:51.270+0000] {taskinstance.py:1383} INFO - Executing <Task(PythonOperator): get_funcionarios> on 2022-10-23 18:35:43.342416+00:00
[2022-10-23T18:37:51.275+0000] {standard_task_runner.py:54} INFO - Started process 9037 to run task
[2022-10-23T18:37:51.278+0000] {standard_task_runner.py:82} INFO - Running: ['***', 'tasks', 'run', 'sales_datawarehouse', 'get_funcionarios', 'manual__2022-10-23T18:35:43.342416+00:00', '--job-id', '111', '--raw', '--subdir', 'DAGS_FOLDER/sales_dw.py', '--cfg-path', '/tmp/tmpaoe912_x']
[2022-10-23T18:37:51.280+0000] {standard_task_runner.py:83} INFO - Job 111: Subtask get_funcionarios
[2022-10-23T18:37:51.282+0000] {dagbag.py:525} INFO - Filling up the DagBag from /opt/***/dags/sales_dw.py
[2022-10-23T18:37:51.826+0000] {task_command.py:384} INFO - Running <TaskInstance: sales_datawarehouse.get_funcionarios manual__2022-10-23T18:35:43.342416+00:00 [running]> on host 499050b57294
[2022-10-23T18:37:51.904+0000] {taskinstance.py:1592} INFO - Exporting the following env vars:
AIRFLOW_CTX_DAG_OWNER=pedromenegat
AIRFLOW_CTX_DAG_ID=sales_datawarehouse
AIRFLOW_CTX_TASK_ID=get_funcionarios
AIRFLOW_CTX_EXECUTION_DATE=2022-10-23T18:35:43.342416+00:00
AIRFLOW_CTX_TRY_NUMBER=2
AIRFLOW_CTX_DAG_RUN_ID=manual__2022-10-23T18:35:43.342416+00:00
[2022-10-23T18:37:51.917+0000] {logging_mixin.py:117} INFO - <class 'str'>
[2022-10-23T18:37:51.918+0000] {logging_mixin.py:117} INFO - <class 'str'>
[2022-10-23T18:37:51.918+0000] {logging_mixin.py:117} INFO - <class 'str'>
[2022-10-23T18:37:51.919+0000] {logging_mixin.py:117} INFO - <class 'str'>
[2022-10-23T18:37:51.919+0000] {logging_mixin.py:117} INFO - <class 'str'>
[2022-10-23T18:37:51.920+0000] {logging_mixin.py:117} INFO - <class 'str'>
[2022-10-23T18:37:51.920+0000] {logging_mixin.py:117} INFO - <class 'str'>
[2022-10-23T18:37:51.921+0000] {logging_mixin.py:117} INFO - <class 'str'>
[2022-10-23T18:37:51.921+0000] {logging_mixin.py:117} INFO - <class 'str'>
[2022-10-23T18:37:51.922+0000] {logging_mixin.py:117} INFO - <class 'str'>
[2022-10-23T18:37:51.922+0000] {logging_mixin.py:117} INFO - <class 'str'>
[2022-10-23T18:37:51.923+0000] {logging_mixin.py:117} INFO - <class 'str'>
[2022-10-23T18:37:51.923+0000] {logging_mixin.py:117} INFO - <class 'str'>
[2022-10-23T18:37:51.924+0000] {logging_mixin.py:117} INFO - <class 'str'>
[2022-10-23T18:37:51.924+0000] {logging_mixin.py:117} INFO - <class 'str'>
[2022-10-23T18:37:51.925+0000] {logging_mixin.py:117} INFO - <class 'str'>
[2022-10-23T18:37:51.925+0000] {logging_mixin.py:117} INFO - <class 'str'>
[2022-10-23T18:37:51.926+0000] {logging_mixin.py:117} INFO - <class 'str'>
[2022-10-23T18:37:51.926+0000] {logging_mixin.py:117} INFO - <class 'str'>
[2022-10-23T18:37:51.927+0000] {logging_mixin.py:117} INFO - <class 'str'>
[2022-10-23T18:37:51.927+0000] {logging_mixin.py:117} INFO - <class 'str'>
[2022-10-23T18:37:51.927+0000] {logging_mixin.py:117} INFO - <class 'str'>
[2022-10-23T18:37:51.928+0000] {logging_mixin.py:117} INFO - <class 'str'>
[2022-10-23T18:37:51.928+0000] {logging_mixin.py:117} INFO - <class 'str'>
[2022-10-23T18:37:51.929+0000] {logging_mixin.py:117} INFO - <class 'str'>
[2022-10-23T18:37:51.929+0000] {logging_mixin.py:117} INFO - <class 'str'>
[2022-10-23T18:37:51.929+0000] {logging_mixin.py:117} INFO - <class 'str'>
[2022-10-23T18:37:51.930+0000] {logging_mixin.py:117} INFO - <class 'str'>
[2022-10-23T18:37:51.930+0000] {logging_mixin.py:117} INFO - <class 'str'>
[2022-10-23T18:37:51.931+0000] {logging_mixin.py:117} INFO - <class 'str'>
[2022-10-23T18:37:51.931+0000] {logging_mixin.py:117} INFO - <class 'str'>
[2022-10-23T18:37:51.931+0000] {logging_mixin.py:117} INFO - <class 'str'>
[2022-10-23T18:37:51.932+0000] {logging_mixin.py:117} INFO - <class 'str'>
[2022-10-23T18:37:51.932+0000] {logging_mixin.py:117} INFO - <class 'str'>
[2022-10-23T18:37:51.933+0000] {logging_mixin.py:117} INFO - <class 'str'>
[2022-10-23T18:37:51.933+0000] {logging_mixin.py:117} INFO - <class 'str'>
[2022-10-23T18:37:51.934+0000] {logging_mixin.py:117} INFO - <class 'str'>
[2022-10-23T18:37:51.934+0000] {logging_mixin.py:117} INFO - <class 'str'>
[2022-10-23T18:37:51.935+0000] {logging_mixin.py:117} INFO - <class 'str'>
[2022-10-23T18:37:51.935+0000] {logging_mixin.py:117} INFO - <class 'str'>
[2022-10-23T18:37:51.935+0000] {logging_mixin.py:117} INFO - <class 'str'>
[2022-10-23T18:37:51.936+0000] {logging_mixin.py:117} INFO - <class 'str'>
[2022-10-23T18:37:51.936+0000] {logging_mixin.py:117} INFO - <class 'str'>
[2022-10-23T18:37:51.937+0000] {logging_mixin.py:117} INFO - <class 'str'>
[2022-10-23T18:37:51.937+0000] {logging_mixin.py:117} INFO - <class 'str'>
[2022-10-23T18:37:51.938+0000] {logging_mixin.py:117} INFO - <class 'str'>
[2022-10-23T18:37:51.938+0000] {logging_mixin.py:117} INFO - <class 'str'>
[2022-10-23T18:37:51.938+0000] {logging_mixin.py:117} INFO - <class 'str'>
[2022-10-23T18:37:51.939+0000] {logging_mixin.py:117} INFO - <class 'str'>
[2022-10-23T18:37:51.939+0000] {logging_mixin.py:117} INFO - <class 'str'>
[2022-10-23T18:37:51.940+0000] {logging_mixin.py:117} INFO - <class 'str'>
[2022-10-23T18:37:51.940+0000] {logging_mixin.py:117} INFO - <class 'str'>
[2022-10-23T18:37:51.940+0000] {logging_mixin.py:117} INFO - <class 'str'>
[2022-10-23T18:37:51.941+0000] {logging_mixin.py:117} INFO - <class 'str'>
[2022-10-23T18:37:51.941+0000] {python.py:177} INFO - Done. Returned value was: None
[2022-10-23T18:37:51.950+0000] {taskinstance.py:1406} INFO - Marking task as SUCCESS. dag_id=sales_datawarehouse, task_id=get_funcionarios, execution_date=20221023T183543, start_date=20221023T183751, end_date=20221023T183751
[2022-10-23T18:37:51.973+0000] {local_task_job.py:164} INFO - Task exited with return code 0
[2022-10-23T18:37:52.013+0000] {local_task_job.py:273} INFO - 0 downstream tasks scheduled from follow-on schedule check
