[2022-10-23T18:35:50.091+0000] {taskinstance.py:1165} INFO - Dependencies all met for <TaskInstance: sales_datawarehouse.get_funcionarios manual__2022-10-23T18:35:43.342416+00:00 [queued]>
[2022-10-23T18:35:50.103+0000] {taskinstance.py:1165} INFO - Dependencies all met for <TaskInstance: sales_datawarehouse.get_funcionarios manual__2022-10-23T18:35:43.342416+00:00 [queued]>
[2022-10-23T18:35:50.104+0000] {taskinstance.py:1362} INFO - 
--------------------------------------------------------------------------------
[2022-10-23T18:35:50.105+0000] {taskinstance.py:1363} INFO - Starting attempt 1 of 2
[2022-10-23T18:35:50.105+0000] {taskinstance.py:1364} INFO - 
--------------------------------------------------------------------------------
[2022-10-23T18:35:50.125+0000] {taskinstance.py:1383} INFO - Executing <Task(PythonOperator): get_funcionarios> on 2022-10-23 18:35:43.342416+00:00
[2022-10-23T18:35:50.128+0000] {standard_task_runner.py:54} INFO - Started process 8895 to run task
[2022-10-23T18:35:50.131+0000] {standard_task_runner.py:82} INFO - Running: ['***', 'tasks', 'run', 'sales_datawarehouse', 'get_funcionarios', 'manual__2022-10-23T18:35:43.342416+00:00', '--job-id', '104', '--raw', '--subdir', 'DAGS_FOLDER/sales_dw.py', '--cfg-path', '/tmp/tmps1tm11mg']
[2022-10-23T18:35:50.133+0000] {standard_task_runner.py:83} INFO - Job 104: Subtask get_funcionarios
[2022-10-23T18:35:50.134+0000] {dagbag.py:525} INFO - Filling up the DagBag from /opt/***/dags/sales_dw.py
[2022-10-23T18:35:50.636+0000] {task_command.py:384} INFO - Running <TaskInstance: sales_datawarehouse.get_funcionarios manual__2022-10-23T18:35:43.342416+00:00 [running]> on host 499050b57294
[2022-10-23T18:35:50.714+0000] {taskinstance.py:1592} INFO - Exporting the following env vars:
AIRFLOW_CTX_DAG_OWNER=pedromenegat
AIRFLOW_CTX_DAG_ID=sales_datawarehouse
AIRFLOW_CTX_TASK_ID=get_funcionarios
AIRFLOW_CTX_EXECUTION_DATE=2022-10-23T18:35:43.342416+00:00
AIRFLOW_CTX_TRY_NUMBER=1
AIRFLOW_CTX_DAG_RUN_ID=manual__2022-10-23T18:35:43.342416+00:00
[2022-10-23T18:35:50.726+0000] {taskinstance.py:1851} ERROR - Task failed with exception
Traceback (most recent call last):
  File "/home/airflow/.local/lib/python3.7/site-packages/airflow/operators/python.py", line 175, in execute
    return_value = self.execute_callable()
  File "/home/airflow/.local/lib/python3.7/site-packages/airflow/operators/python.py", line 193, in execute_callable
    return self.python_callable(*self.op_args, **self.op_kwargs)
  File "/opt/airflow/dags/sales_dw.py", line 40, in get_funcionarios
    ids_funcionarios_list = ids_funcionarios.tolist()
AttributeError: 'str' object has no attribute 'tolist'
[2022-10-23T18:35:50.739+0000] {taskinstance.py:1406} INFO - Marking task as UP_FOR_RETRY. dag_id=sales_datawarehouse, task_id=get_funcionarios, execution_date=20221023T183543, start_date=20221023T183550, end_date=20221023T183550
[2022-10-23T18:35:50.752+0000] {standard_task_runner.py:107} ERROR - Failed to execute job 104 for task get_funcionarios ('str' object has no attribute 'tolist'; 8895)
[2022-10-23T18:35:50.786+0000] {local_task_job.py:164} INFO - Task exited with return code 1
[2022-10-23T18:35:50.811+0000] {local_task_job.py:273} INFO - 0 downstream tasks scheduled from follow-on schedule check
