[2022-10-26T00:39:14.942+0000] {taskinstance.py:1165} INFO - Dependencies all met for <TaskInstance: sales_datawarehouse.truncate_tables manual__2022-10-26T00:31:19.166146+00:00 [queued]>
[2022-10-26T00:39:14.966+0000] {taskinstance.py:1165} INFO - Dependencies all met for <TaskInstance: sales_datawarehouse.truncate_tables manual__2022-10-26T00:31:19.166146+00:00 [queued]>
[2022-10-26T00:39:14.967+0000] {taskinstance.py:1362} INFO - 
--------------------------------------------------------------------------------
[2022-10-26T00:39:14.968+0000] {taskinstance.py:1363} INFO - Starting attempt 3 of 3
[2022-10-26T00:39:14.968+0000] {taskinstance.py:1364} INFO - 
--------------------------------------------------------------------------------
[2022-10-26T00:39:15.034+0000] {taskinstance.py:1383} INFO - Executing <Task(PostgresOperator): truncate_tables> on 2022-10-26 00:31:19.166146+00:00
[2022-10-26T00:39:15.046+0000] {standard_task_runner.py:54} INFO - Started process 3679 to run task
[2022-10-26T00:39:15.050+0000] {standard_task_runner.py:82} INFO - Running: ['***', 'tasks', 'run', 'sales_datawarehouse', 'truncate_tables', 'manual__2022-10-26T00:31:19.166146+00:00', '--job-id', '608', '--raw', '--subdir', 'DAGS_FOLDER/sales_dw.py', '--cfg-path', '/tmp/tmp1aku42fy']
[2022-10-26T00:39:15.053+0000] {standard_task_runner.py:83} INFO - Job 608: Subtask truncate_tables
[2022-10-26T00:39:15.055+0000] {dagbag.py:525} INFO - Filling up the DagBag from /opt/***/dags/sales_dw.py
[2022-10-26T00:39:17.641+0000] {task_command.py:384} INFO - Running <TaskInstance: sales_datawarehouse.truncate_tables manual__2022-10-26T00:31:19.166146+00:00 [running]> on host 83cd0ab98720
[2022-10-26T00:39:17.889+0000] {taskinstance.py:1592} INFO - Exporting the following env vars:
AIRFLOW_CTX_DAG_OWNER=pedromenegat
AIRFLOW_CTX_DAG_ID=sales_datawarehouse
AIRFLOW_CTX_TASK_ID=truncate_tables
AIRFLOW_CTX_EXECUTION_DATE=2022-10-26T00:31:19.166146+00:00
AIRFLOW_CTX_TRY_NUMBER=3
AIRFLOW_CTX_DAG_RUN_ID=manual__2022-10-26T00:31:19.166146+00:00
[2022-10-26T00:39:17.944+0000] {base.py:71} INFO - Using connection ID '***_localhost' for task execution.
[2022-10-26T00:39:18.100+0000] {sql.py:315} INFO - Running statement: 
            TRUNCATE TABLE dimFuncionarios, dimCategorias, fatoVendas;
            , parameters: None
[2022-10-26T00:39:18.182+0000] {taskinstance.py:1406} INFO - Marking task as SUCCESS. dag_id=sales_datawarehouse, task_id=truncate_tables, execution_date=20221026T003119, start_date=20221026T003914, end_date=20221026T003918
[2022-10-26T00:39:18.254+0000] {local_task_job.py:164} INFO - Task exited with return code 0
[2022-10-26T00:39:18.451+0000] {local_task_job.py:273} INFO - 0 downstream tasks scheduled from follow-on schedule check
