[2022-10-24T22:29:17.626+0000] {taskinstance.py:1165} INFO - Dependencies all met for <TaskInstance: sales_datawarehouse.insert_funcionarios manual__2022-10-24T22:28:42.323886+00:00 [queued]>
[2022-10-24T22:29:17.639+0000] {taskinstance.py:1165} INFO - Dependencies all met for <TaskInstance: sales_datawarehouse.insert_funcionarios manual__2022-10-24T22:28:42.323886+00:00 [queued]>
[2022-10-24T22:29:17.640+0000] {taskinstance.py:1362} INFO - 
--------------------------------------------------------------------------------
[2022-10-24T22:29:17.640+0000] {taskinstance.py:1363} INFO - Starting attempt 1 of 2
[2022-10-24T22:29:17.641+0000] {taskinstance.py:1364} INFO - 
--------------------------------------------------------------------------------
[2022-10-24T22:29:17.659+0000] {taskinstance.py:1383} INFO - Executing <Task(PythonOperator): insert_funcionarios> on 2022-10-24 22:28:42.323886+00:00
[2022-10-24T22:29:17.664+0000] {standard_task_runner.py:54} INFO - Started process 25328 to run task
[2022-10-24T22:29:17.668+0000] {standard_task_runner.py:82} INFO - Running: ['***', 'tasks', 'run', 'sales_datawarehouse', 'insert_funcionarios', 'manual__2022-10-24T22:28:42.323886+00:00', '--job-id', '481', '--raw', '--subdir', 'DAGS_FOLDER/sales_dw.py', '--cfg-path', '/tmp/tmpv3pcgtt1']
[2022-10-24T22:29:17.669+0000] {standard_task_runner.py:83} INFO - Job 481: Subtask insert_funcionarios
[2022-10-24T22:29:17.671+0000] {dagbag.py:525} INFO - Filling up the DagBag from /opt/***/dags/sales_dw.py
[2022-10-24T22:29:18.220+0000] {task_command.py:384} INFO - Running <TaskInstance: sales_datawarehouse.insert_funcionarios manual__2022-10-24T22:28:42.323886+00:00 [running]> on host 83cd0ab98720
[2022-10-24T22:29:18.305+0000] {taskinstance.py:1592} INFO - Exporting the following env vars:
AIRFLOW_CTX_DAG_OWNER=pedromenegat
AIRFLOW_CTX_DAG_ID=sales_datawarehouse
AIRFLOW_CTX_TASK_ID=insert_funcionarios
AIRFLOW_CTX_EXECUTION_DATE=2022-10-24T22:28:42.323886+00:00
AIRFLOW_CTX_TRY_NUMBER=1
AIRFLOW_CTX_DAG_RUN_ID=manual__2022-10-24T22:28:42.323886+00:00
[2022-10-24T22:29:18.420+0000] {python.py:177} INFO - Done. Returned value was: None
[2022-10-24T22:29:18.434+0000] {taskinstance.py:1406} INFO - Marking task as SUCCESS. dag_id=sales_datawarehouse, task_id=insert_funcionarios, execution_date=20221024T222842, start_date=20221024T222917, end_date=20221024T222918
[2022-10-24T22:29:18.483+0000] {local_task_job.py:164} INFO - Task exited with return code 0
[2022-10-24T22:29:18.531+0000] {local_task_job.py:273} INFO - 1 downstream tasks scheduled from follow-on schedule check
