[2022-10-24T22:04:30.186+0000] {taskinstance.py:1165} INFO - Dependencies all met for <TaskInstance: sales_datawarehouse.truncate_funcionarios manual__2022-10-24T21:50:08.274500+00:00 [queued]>
[2022-10-24T22:04:30.202+0000] {taskinstance.py:1165} INFO - Dependencies all met for <TaskInstance: sales_datawarehouse.truncate_funcionarios manual__2022-10-24T21:50:08.274500+00:00 [queued]>
[2022-10-24T22:04:30.203+0000] {taskinstance.py:1362} INFO - 
--------------------------------------------------------------------------------
[2022-10-24T22:04:30.203+0000] {taskinstance.py:1363} INFO - Starting attempt 1 of 2
[2022-10-24T22:04:30.204+0000] {taskinstance.py:1364} INFO - 
--------------------------------------------------------------------------------
[2022-10-24T22:04:30.229+0000] {taskinstance.py:1383} INFO - Executing <Task(PostgresOperator): truncate_funcionarios> on 2022-10-24 21:50:08.274500+00:00
[2022-10-24T22:04:30.238+0000] {standard_task_runner.py:54} INFO - Started process 23707 to run task
[2022-10-24T22:04:30.243+0000] {standard_task_runner.py:82} INFO - Running: ['***', 'tasks', 'run', 'sales_datawarehouse', 'truncate_funcionarios', 'manual__2022-10-24T21:50:08.274500+00:00', '--job-id', '420', '--raw', '--subdir', 'DAGS_FOLDER/sales_dw.py', '--cfg-path', '/tmp/tmpghwccpie']
[2022-10-24T22:04:30.245+0000] {standard_task_runner.py:83} INFO - Job 420: Subtask truncate_funcionarios
[2022-10-24T22:04:30.247+0000] {dagbag.py:525} INFO - Filling up the DagBag from /opt/***/dags/sales_dw.py
[2022-10-24T22:04:31.023+0000] {task_command.py:384} INFO - Running <TaskInstance: sales_datawarehouse.truncate_funcionarios manual__2022-10-24T21:50:08.274500+00:00 [running]> on host 83cd0ab98720
[2022-10-24T22:04:31.146+0000] {taskinstance.py:1592} INFO - Exporting the following env vars:
AIRFLOW_CTX_DAG_OWNER=pedromenegat
AIRFLOW_CTX_DAG_ID=sales_datawarehouse
AIRFLOW_CTX_TASK_ID=truncate_funcionarios
AIRFLOW_CTX_EXECUTION_DATE=2022-10-24T21:50:08.274500+00:00
AIRFLOW_CTX_TRY_NUMBER=1
AIRFLOW_CTX_DAG_RUN_ID=manual__2022-10-24T21:50:08.274500+00:00
[2022-10-24T22:04:31.158+0000] {base.py:71} INFO - Using connection ID '***_localhost' for task execution.
[2022-10-24T22:04:31.389+0000] {sql.py:315} INFO - Running statement: 
            TRUNCATE TABLE funcionarios;	
            , parameters: None
[2022-10-24T22:04:31.404+0000] {taskinstance.py:1851} ERROR - Task failed with exception
Traceback (most recent call last):
  File "/home/airflow/.local/lib/python3.7/site-packages/airflow/providers/postgres/operators/postgres.py", line 94, in execute
    self.hook.run(self.sql, self.autocommit, parameters=self.parameters)
  File "/home/airflow/.local/lib/python3.7/site-packages/airflow/providers/common/sql/hooks/sql.py", line 295, in run
    self._run_command(cur, sql_statement, parameters)
  File "/home/airflow/.local/lib/python3.7/site-packages/airflow/providers/common/sql/hooks/sql.py", line 320, in _run_command
    cur.execute(sql_statement)
psycopg2.errors.FeatureNotSupported: cannot truncate a table referenced in a foreign key constraint
DETAIL:  Table "vendas" references "funcionarios".
HINT:  Truncate table "vendas" at the same time, or use TRUNCATE ... CASCADE.

[2022-10-24T22:04:31.421+0000] {taskinstance.py:1406} INFO - Marking task as UP_FOR_RETRY. dag_id=sales_datawarehouse, task_id=truncate_funcionarios, execution_date=20221024T215008, start_date=20221024T220430, end_date=20221024T220431
[2022-10-24T22:04:31.446+0000] {standard_task_runner.py:107} ERROR - Failed to execute job 420 for task truncate_funcionarios (cannot truncate a table referenced in a foreign key constraint
DETAIL:  Table "vendas" references "funcionarios".
HINT:  Truncate table "vendas" at the same time, or use TRUNCATE ... CASCADE.
; 23707)
[2022-10-24T22:04:31.501+0000] {local_task_job.py:164} INFO - Task exited with return code 1
[2022-10-24T22:04:31.593+0000] {local_task_job.py:273} INFO - 0 downstream tasks scheduled from follow-on schedule check
