[2022-10-24T19:44:22.255+0000] {taskinstance.py:1165} INFO - Dependencies all met for <TaskInstance: sales_datawarehouse.get_categorias manual__2022-10-24T19:36:02.631518+00:00 [queued]>
[2022-10-24T19:44:22.279+0000] {taskinstance.py:1165} INFO - Dependencies all met for <TaskInstance: sales_datawarehouse.get_categorias manual__2022-10-24T19:36:02.631518+00:00 [queued]>
[2022-10-24T19:44:22.280+0000] {taskinstance.py:1362} INFO - 
--------------------------------------------------------------------------------
[2022-10-24T19:44:22.282+0000] {taskinstance.py:1363} INFO - Starting attempt 2 of 3
[2022-10-24T19:44:22.283+0000] {taskinstance.py:1364} INFO - 
--------------------------------------------------------------------------------
[2022-10-24T19:44:22.313+0000] {taskinstance.py:1383} INFO - Executing <Task(PythonOperator): get_categorias> on 2022-10-24 19:36:02.631518+00:00
[2022-10-24T19:44:22.327+0000] {standard_task_runner.py:54} INFO - Started process 15005 to run task
[2022-10-24T19:44:22.335+0000] {standard_task_runner.py:82} INFO - Running: ['***', 'tasks', 'run', 'sales_datawarehouse', 'get_categorias', 'manual__2022-10-24T19:36:02.631518+00:00', '--job-id', '268', '--raw', '--subdir', 'DAGS_FOLDER/sales_dw.py', '--cfg-path', '/tmp/tmp68ftr7nz']
[2022-10-24T19:44:22.340+0000] {standard_task_runner.py:83} INFO - Job 268: Subtask get_categorias
[2022-10-24T19:44:22.342+0000] {dagbag.py:525} INFO - Filling up the DagBag from /opt/***/dags/sales_dw.py
[2022-10-24T19:44:23.615+0000] {task_command.py:384} INFO - Running <TaskInstance: sales_datawarehouse.get_categorias manual__2022-10-24T19:36:02.631518+00:00 [running]> on host 83cd0ab98720
[2022-10-24T19:44:23.815+0000] {taskinstance.py:1592} INFO - Exporting the following env vars:
AIRFLOW_CTX_DAG_OWNER=pedromenegat
AIRFLOW_CTX_DAG_ID=sales_datawarehouse
AIRFLOW_CTX_TASK_ID=get_categorias
AIRFLOW_CTX_EXECUTION_DATE=2022-10-24T19:36:02.631518+00:00
AIRFLOW_CTX_TRY_NUMBER=2
AIRFLOW_CTX_DAG_RUN_ID=manual__2022-10-24T19:36:02.631518+00:00
[2022-10-24T19:44:24.709+0000] {python.py:177} INFO - Done. Returned value was: None
[2022-10-24T19:44:24.796+0000] {taskinstance.py:1406} INFO - Marking task as SUCCESS. dag_id=sales_datawarehouse, task_id=get_categorias, execution_date=20221024T193602, start_date=20221024T194422, end_date=20221024T194424
[2022-10-24T19:44:24.959+0000] {local_task_job.py:164} INFO - Task exited with return code 0
[2022-10-24T19:44:25.061+0000] {local_task_job.py:273} INFO - 0 downstream tasks scheduled from follow-on schedule check
