[2022-10-24T21:27:02.945+0000] {taskinstance.py:1165} INFO - Dependencies all met for <TaskInstance: sales_datawarehouse.get_funcionarios manual__2022-10-24T21:26:56.175466+00:00 [queued]>
[2022-10-24T21:27:02.961+0000] {taskinstance.py:1165} INFO - Dependencies all met for <TaskInstance: sales_datawarehouse.get_funcionarios manual__2022-10-24T21:26:56.175466+00:00 [queued]>
[2022-10-24T21:27:02.962+0000] {taskinstance.py:1362} INFO - 
--------------------------------------------------------------------------------
[2022-10-24T21:27:02.962+0000] {taskinstance.py:1363} INFO - Starting attempt 1 of 2
[2022-10-24T21:27:02.963+0000] {taskinstance.py:1364} INFO - 
--------------------------------------------------------------------------------
[2022-10-24T21:27:02.981+0000] {taskinstance.py:1383} INFO - Executing <Task(PythonOperator): get_funcionarios> on 2022-10-24 21:26:56.175466+00:00
[2022-10-24T21:27:02.988+0000] {standard_task_runner.py:54} INFO - Started process 21376 to run task
[2022-10-24T21:27:02.992+0000] {standard_task_runner.py:82} INFO - Running: ['***', 'tasks', 'run', 'sales_datawarehouse', 'get_funcionarios', 'manual__2022-10-24T21:26:56.175466+00:00', '--job-id', '361', '--raw', '--subdir', 'DAGS_FOLDER/sales_dw.py', '--cfg-path', '/tmp/tmpm9gp_pm1']
[2022-10-24T21:27:02.994+0000] {standard_task_runner.py:83} INFO - Job 361: Subtask get_funcionarios
[2022-10-24T21:27:02.996+0000] {dagbag.py:525} INFO - Filling up the DagBag from /opt/***/dags/sales_dw.py
[2022-10-24T21:27:03.616+0000] {task_command.py:384} INFO - Running <TaskInstance: sales_datawarehouse.get_funcionarios manual__2022-10-24T21:26:56.175466+00:00 [running]> on host 83cd0ab98720
[2022-10-24T21:27:03.703+0000] {taskinstance.py:1592} INFO - Exporting the following env vars:
AIRFLOW_CTX_DAG_OWNER=pedromenegat
AIRFLOW_CTX_DAG_ID=sales_datawarehouse
AIRFLOW_CTX_TASK_ID=get_funcionarios
AIRFLOW_CTX_EXECUTION_DATE=2022-10-24T21:26:56.175466+00:00
AIRFLOW_CTX_TRY_NUMBER=1
AIRFLOW_CTX_DAG_RUN_ID=manual__2022-10-24T21:26:56.175466+00:00
[2022-10-24T21:27:25.158+0000] {logging_mixin.py:117} INFO -    id              nome
0   1       Rob Carsson
1   5    Ingrid Hendrix
2   8      Helen Brolin
3   4        Leif Shine
4   3      Tom Lindwall
5   2       Eli Preston
6   7      Rock Rollman
7   6  Lennart Skoglund
8   9      Joan Callins
[2022-10-24T21:27:25.178+0000] {python.py:177} INFO - Done. Returned value was: None
[2022-10-24T21:27:25.190+0000] {taskinstance.py:1406} INFO - Marking task as SUCCESS. dag_id=sales_datawarehouse, task_id=get_funcionarios, execution_date=20221024T212656, start_date=20221024T212702, end_date=20221024T212725
[2022-10-24T21:27:25.220+0000] {local_task_job.py:164} INFO - Task exited with return code 0
[2022-10-24T21:27:25.244+0000] {local_task_job.py:273} INFO - 1 downstream tasks scheduled from follow-on schedule check
