[2022-10-26T00:31:23.338+0000] {taskinstance.py:1165} INFO - Dependencies all met for <TaskInstance: sales_datawarehouse.get_categorias manual__2022-10-24T22:44:48.298392+00:00 [queued]>
[2022-10-26T00:31:23.425+0000] {taskinstance.py:1165} INFO - Dependencies all met for <TaskInstance: sales_datawarehouse.get_categorias manual__2022-10-24T22:44:48.298392+00:00 [queued]>
[2022-10-26T00:31:23.426+0000] {taskinstance.py:1362} INFO - 
--------------------------------------------------------------------------------
[2022-10-26T00:31:23.428+0000] {taskinstance.py:1363} INFO - Starting attempt 4 of 5
[2022-10-26T00:31:23.428+0000] {taskinstance.py:1364} INFO - 
--------------------------------------------------------------------------------
[2022-10-26T00:31:23.484+0000] {taskinstance.py:1383} INFO - Executing <Task(PythonOperator): get_categorias> on 2022-10-24 22:44:48.298392+00:00
[2022-10-26T00:31:23.510+0000] {standard_task_runner.py:54} INFO - Started process 3128 to run task
[2022-10-26T00:31:23.526+0000] {standard_task_runner.py:82} INFO - Running: ['***', 'tasks', 'run', 'sales_datawarehouse', 'get_categorias', 'manual__2022-10-24T22:44:48.298392+00:00', '--job-id', '573', '--raw', '--subdir', 'DAGS_FOLDER/sales_dw.py', '--cfg-path', '/tmp/tmpn7ie1hxn']
[2022-10-26T00:31:23.530+0000] {standard_task_runner.py:83} INFO - Job 573: Subtask get_categorias
[2022-10-26T00:31:23.532+0000] {dagbag.py:525} INFO - Filling up the DagBag from /opt/***/dags/sales_dw.py
[2022-10-26T00:31:24.590+0000] {task_command.py:384} INFO - Running <TaskInstance: sales_datawarehouse.get_categorias manual__2022-10-24T22:44:48.298392+00:00 [running]> on host 83cd0ab98720
[2022-10-26T00:31:24.751+0000] {taskinstance.py:1592} INFO - Exporting the following env vars:
AIRFLOW_CTX_DAG_OWNER=pedromenegat
AIRFLOW_CTX_DAG_ID=sales_datawarehouse
AIRFLOW_CTX_TASK_ID=get_categorias
AIRFLOW_CTX_EXECUTION_DATE=2022-10-24T22:44:48.298392+00:00
AIRFLOW_CTX_TRY_NUMBER=4
AIRFLOW_CTX_DAG_RUN_ID=manual__2022-10-24T22:44:48.298392+00:00
[2022-10-26T00:31:25.356+0000] {python.py:177} INFO - Done. Returned value was: None
[2022-10-26T00:31:25.370+0000] {taskinstance.py:1406} INFO - Marking task as SUCCESS. dag_id=sales_datawarehouse, task_id=get_categorias, execution_date=20221024T224448, start_date=20221026T003123, end_date=20221026T003125
[2022-10-26T00:31:25.465+0000] {local_task_job.py:164} INFO - Task exited with return code 0
[2022-10-26T00:31:25.601+0000] {local_task_job.py:273} INFO - 0 downstream tasks scheduled from follow-on schedule check
