[2022-10-24T22:55:33.891+0000] {taskinstance.py:1165} INFO - Dependencies all met for <TaskInstance: sales_datawarehouse.get_categorias manual__2022-10-24T22:44:48.298392+00:00 [queued]>
[2022-10-24T22:55:33.911+0000] {taskinstance.py:1165} INFO - Dependencies all met for <TaskInstance: sales_datawarehouse.get_categorias manual__2022-10-24T22:44:48.298392+00:00 [queued]>
[2022-10-24T22:55:33.911+0000] {taskinstance.py:1362} INFO - 
--------------------------------------------------------------------------------
[2022-10-24T22:55:33.912+0000] {taskinstance.py:1363} INFO - Starting attempt 3 of 4
[2022-10-24T22:55:33.912+0000] {taskinstance.py:1364} INFO - 
--------------------------------------------------------------------------------
[2022-10-24T22:55:33.936+0000] {taskinstance.py:1383} INFO - Executing <Task(PythonOperator): get_categorias> on 2022-10-24 22:44:48.298392+00:00
[2022-10-24T22:55:33.946+0000] {standard_task_runner.py:54} INFO - Started process 27034 to run task
[2022-10-24T22:55:33.953+0000] {standard_task_runner.py:82} INFO - Running: ['***', 'tasks', 'run', 'sales_datawarehouse', 'get_categorias', 'manual__2022-10-24T22:44:48.298392+00:00', '--job-id', '542', '--raw', '--subdir', 'DAGS_FOLDER/sales_dw.py', '--cfg-path', '/tmp/tmpmc_ok2dx']
[2022-10-24T22:55:33.956+0000] {standard_task_runner.py:83} INFO - Job 542: Subtask get_categorias
[2022-10-24T22:55:33.957+0000] {dagbag.py:525} INFO - Filling up the DagBag from /opt/***/dags/sales_dw.py
[2022-10-24T22:55:34.936+0000] {task_command.py:384} INFO - Running <TaskInstance: sales_datawarehouse.get_categorias manual__2022-10-24T22:44:48.298392+00:00 [running]> on host 83cd0ab98720
[2022-10-24T22:55:35.109+0000] {taskinstance.py:1592} INFO - Exporting the following env vars:
AIRFLOW_CTX_DAG_OWNER=pedromenegat
AIRFLOW_CTX_DAG_ID=sales_datawarehouse
AIRFLOW_CTX_TASK_ID=get_categorias
AIRFLOW_CTX_EXECUTION_DATE=2022-10-24T22:44:48.298392+00:00
AIRFLOW_CTX_TRY_NUMBER=3
AIRFLOW_CTX_DAG_RUN_ID=manual__2022-10-24T22:44:48.298392+00:00
[2022-10-24T22:55:35.627+0000] {python.py:177} INFO - Done. Returned value was: None
[2022-10-24T22:55:35.646+0000] {taskinstance.py:1406} INFO - Marking task as SUCCESS. dag_id=sales_datawarehouse, task_id=get_categorias, execution_date=20221024T224448, start_date=20221024T225533, end_date=20221024T225535
[2022-10-24T22:55:35.735+0000] {local_task_job.py:164} INFO - Task exited with return code 0
[2022-10-24T22:55:35.815+0000] {local_task_job.py:273} INFO - 0 downstream tasks scheduled from follow-on schedule check
