[2022-10-24T20:38:58.537+0000] {taskinstance.py:1165} INFO - Dependencies all met for <TaskInstance: sales_datawarehouse.get_funcionarios manual__2022-10-24T20:38:49.756550+00:00 [queued]>
[2022-10-24T20:38:58.563+0000] {taskinstance.py:1165} INFO - Dependencies all met for <TaskInstance: sales_datawarehouse.get_funcionarios manual__2022-10-24T20:38:49.756550+00:00 [queued]>
[2022-10-24T20:38:58.563+0000] {taskinstance.py:1362} INFO - 
--------------------------------------------------------------------------------
[2022-10-24T20:38:58.565+0000] {taskinstance.py:1363} INFO - Starting attempt 1 of 2
[2022-10-24T20:38:58.566+0000] {taskinstance.py:1364} INFO - 
--------------------------------------------------------------------------------
[2022-10-24T20:38:58.595+0000] {taskinstance.py:1383} INFO - Executing <Task(PythonOperator): get_funcionarios> on 2022-10-24 20:38:49.756550+00:00
[2022-10-24T20:38:58.607+0000] {standard_task_runner.py:54} INFO - Started process 18387 to run task
[2022-10-24T20:38:58.616+0000] {standard_task_runner.py:82} INFO - Running: ['***', 'tasks', 'run', 'sales_datawarehouse', 'get_funcionarios', 'manual__2022-10-24T20:38:49.756550+00:00', '--job-id', '316', '--raw', '--subdir', 'DAGS_FOLDER/sales_dw.py', '--cfg-path', '/tmp/tmpne9hz31l']
[2022-10-24T20:38:58.621+0000] {standard_task_runner.py:83} INFO - Job 316: Subtask get_funcionarios
[2022-10-24T20:38:58.624+0000] {dagbag.py:525} INFO - Filling up the DagBag from /opt/***/dags/sales_dw.py
[2022-10-24T20:38:59.810+0000] {task_command.py:384} INFO - Running <TaskInstance: sales_datawarehouse.get_funcionarios manual__2022-10-24T20:38:49.756550+00:00 [running]> on host 83cd0ab98720
[2022-10-24T20:38:59.961+0000] {taskinstance.py:1592} INFO - Exporting the following env vars:
AIRFLOW_CTX_DAG_OWNER=pedromenegat
AIRFLOW_CTX_DAG_ID=sales_datawarehouse
AIRFLOW_CTX_TASK_ID=get_funcionarios
AIRFLOW_CTX_EXECUTION_DATE=2022-10-24T20:38:49.756550+00:00
AIRFLOW_CTX_TRY_NUMBER=1
AIRFLOW_CTX_DAG_RUN_ID=manual__2022-10-24T20:38:49.756550+00:00
[2022-10-24T20:39:22.365+0000] {python.py:177} INFO - Done. Returned value was: None
[2022-10-24T20:39:22.379+0000] {taskinstance.py:1406} INFO - Marking task as SUCCESS. dag_id=sales_datawarehouse, task_id=get_funcionarios, execution_date=20221024T203849, start_date=20221024T203858, end_date=20221024T203922
[2022-10-24T20:39:22.438+0000] {local_task_job.py:164} INFO - Task exited with return code 0
[2022-10-24T20:39:22.471+0000] {local_task_job.py:273} INFO - 1 downstream tasks scheduled from follow-on schedule check
