[2022-10-24T21:15:50.343+0000] {taskinstance.py:1165} INFO - Dependencies all met for <TaskInstance: sales_datawarehouse.get_funcionarios manual__2022-10-24T20:38:49.756550+00:00 [queued]>
[2022-10-24T21:15:50.365+0000] {taskinstance.py:1165} INFO - Dependencies all met for <TaskInstance: sales_datawarehouse.get_funcionarios manual__2022-10-24T20:38:49.756550+00:00 [queued]>
[2022-10-24T21:15:50.366+0000] {taskinstance.py:1362} INFO - 
--------------------------------------------------------------------------------
[2022-10-24T21:15:50.367+0000] {taskinstance.py:1363} INFO - Starting attempt 2 of 3
[2022-10-24T21:15:50.367+0000] {taskinstance.py:1364} INFO - 
--------------------------------------------------------------------------------
[2022-10-24T21:15:50.395+0000] {taskinstance.py:1383} INFO - Executing <Task(PythonOperator): get_funcionarios> on 2022-10-24 20:38:49.756550+00:00
[2022-10-24T21:15:50.410+0000] {standard_task_runner.py:54} INFO - Started process 20584 to run task
[2022-10-24T21:15:50.415+0000] {standard_task_runner.py:82} INFO - Running: ['***', 'tasks', 'run', 'sales_datawarehouse', 'get_funcionarios', 'manual__2022-10-24T20:38:49.756550+00:00', '--job-id', '326', '--raw', '--subdir', 'DAGS_FOLDER/sales_dw.py', '--cfg-path', '/tmp/tmpnhnsfk8u']
[2022-10-24T21:15:50.418+0000] {standard_task_runner.py:83} INFO - Job 326: Subtask get_funcionarios
[2022-10-24T21:15:50.420+0000] {dagbag.py:525} INFO - Filling up the DagBag from /opt/***/dags/sales_dw.py
[2022-10-24T21:15:51.663+0000] {task_command.py:384} INFO - Running <TaskInstance: sales_datawarehouse.get_funcionarios manual__2022-10-24T20:38:49.756550+00:00 [running]> on host 83cd0ab98720
[2022-10-24T21:15:51.832+0000] {taskinstance.py:1592} INFO - Exporting the following env vars:
AIRFLOW_CTX_DAG_OWNER=pedromenegat
AIRFLOW_CTX_DAG_ID=sales_datawarehouse
AIRFLOW_CTX_TASK_ID=get_funcionarios
AIRFLOW_CTX_EXECUTION_DATE=2022-10-24T20:38:49.756550+00:00
AIRFLOW_CTX_TRY_NUMBER=2
AIRFLOW_CTX_DAG_RUN_ID=manual__2022-10-24T20:38:49.756550+00:00
[2022-10-24T21:16:15.077+0000] {python.py:177} INFO - Done. Returned value was: None
[2022-10-24T21:16:15.097+0000] {taskinstance.py:1406} INFO - Marking task as SUCCESS. dag_id=sales_datawarehouse, task_id=get_funcionarios, execution_date=20221024T203849, start_date=20221024T211550, end_date=20221024T211615
[2022-10-24T21:16:15.129+0000] {local_task_job.py:164} INFO - Task exited with return code 0
[2022-10-24T21:16:15.162+0000] {local_task_job.py:273} INFO - 1 downstream tasks scheduled from follow-on schedule check
