[2022-10-24T22:23:04.257+0000] {taskinstance.py:1165} INFO - Dependencies all met for <TaskInstance: sales_datawarehouse.truncate_database manual__2022-10-24T22:22:32.961067+00:00 [queued]>
[2022-10-24T22:23:04.271+0000] {taskinstance.py:1165} INFO - Dependencies all met for <TaskInstance: sales_datawarehouse.truncate_database manual__2022-10-24T22:22:32.961067+00:00 [queued]>
[2022-10-24T22:23:04.272+0000] {taskinstance.py:1362} INFO - 
--------------------------------------------------------------------------------
[2022-10-24T22:23:04.273+0000] {taskinstance.py:1363} INFO - Starting attempt 1 of 2
[2022-10-24T22:23:04.273+0000] {taskinstance.py:1364} INFO - 
--------------------------------------------------------------------------------
[2022-10-24T22:23:04.293+0000] {taskinstance.py:1383} INFO - Executing <Task(PostgresOperator): truncate_database> on 2022-10-24 22:22:32.961067+00:00
[2022-10-24T22:23:04.297+0000] {standard_task_runner.py:54} INFO - Started process 24909 to run task
[2022-10-24T22:23:04.301+0000] {standard_task_runner.py:82} INFO - Running: ['***', 'tasks', 'run', 'sales_datawarehouse', 'truncate_database', 'manual__2022-10-24T22:22:32.961067+00:00', '--job-id', '464', '--raw', '--subdir', 'DAGS_FOLDER/sales_dw.py', '--cfg-path', '/tmp/tmpqoxuldoq']
[2022-10-24T22:23:04.303+0000] {standard_task_runner.py:83} INFO - Job 464: Subtask truncate_database
[2022-10-24T22:23:04.305+0000] {dagbag.py:525} INFO - Filling up the DagBag from /opt/***/dags/sales_dw.py
[2022-10-24T22:23:04.885+0000] {task_command.py:384} INFO - Running <TaskInstance: sales_datawarehouse.truncate_database manual__2022-10-24T22:22:32.961067+00:00 [running]> on host 83cd0ab98720
[2022-10-24T22:23:04.971+0000] {taskinstance.py:1592} INFO - Exporting the following env vars:
AIRFLOW_CTX_DAG_OWNER=pedromenegat
AIRFLOW_CTX_DAG_ID=sales_datawarehouse
AIRFLOW_CTX_TASK_ID=truncate_database
AIRFLOW_CTX_EXECUTION_DATE=2022-10-24T22:22:32.961067+00:00
AIRFLOW_CTX_TRY_NUMBER=1
AIRFLOW_CTX_DAG_RUN_ID=manual__2022-10-24T22:22:32.961067+00:00
[2022-10-24T22:23:04.982+0000] {base.py:71} INFO - Using connection ID '***_localhost' for task execution.
[2022-10-24T22:23:05.046+0000] {sql.py:315} INFO - Running statement: 
            TRUNCATE TABLE funcionarios, categorias, vendas;
            , parameters: None
[2022-10-24T22:23:05.077+0000] {taskinstance.py:1406} INFO - Marking task as SUCCESS. dag_id=sales_datawarehouse, task_id=truncate_database, execution_date=20221024T222232, start_date=20221024T222304, end_date=20221024T222305
[2022-10-24T22:23:05.116+0000] {local_task_job.py:164} INFO - Task exited with return code 0
[2022-10-24T22:23:05.155+0000] {local_task_job.py:273} INFO - 1 downstream tasks scheduled from follow-on schedule check
