[2022-10-26T01:15:28.022+0000] {taskinstance.py:1165} INFO - Dependencies all met for <TaskInstance: sales_datawarehouse.create_tables manual__2022-10-26T01:15:24.389701+00:00 [queued]>
[2022-10-26T01:15:28.068+0000] {taskinstance.py:1165} INFO - Dependencies all met for <TaskInstance: sales_datawarehouse.create_tables manual__2022-10-26T01:15:24.389701+00:00 [queued]>
[2022-10-26T01:15:28.069+0000] {taskinstance.py:1362} INFO - 
--------------------------------------------------------------------------------
[2022-10-26T01:15:28.071+0000] {taskinstance.py:1363} INFO - Starting attempt 1 of 2
[2022-10-26T01:15:28.072+0000] {taskinstance.py:1364} INFO - 
--------------------------------------------------------------------------------
[2022-10-26T01:15:28.135+0000] {taskinstance.py:1383} INFO - Executing <Task(PostgresOperator): create_tables> on 2022-10-26 01:15:24.389701+00:00
[2022-10-26T01:15:28.163+0000] {standard_task_runner.py:54} INFO - Started process 5886 to run task
[2022-10-26T01:15:28.174+0000] {standard_task_runner.py:82} INFO - Running: ['***', 'tasks', 'run', 'sales_datawarehouse', 'create_tables', 'manual__2022-10-26T01:15:24.389701+00:00', '--job-id', '679', '--raw', '--subdir', 'DAGS_FOLDER/sales_dw.py', '--cfg-path', '/tmp/tmpjds418jl']
[2022-10-26T01:15:28.180+0000] {standard_task_runner.py:83} INFO - Job 679: Subtask create_tables
[2022-10-26T01:15:28.182+0000] {dagbag.py:525} INFO - Filling up the DagBag from /opt/***/dags/sales_dw.py
[2022-10-26T01:15:30.018+0000] {task_command.py:384} INFO - Running <TaskInstance: sales_datawarehouse.create_tables manual__2022-10-26T01:15:24.389701+00:00 [running]> on host 83cd0ab98720
[2022-10-26T01:15:30.211+0000] {taskinstance.py:1592} INFO - Exporting the following env vars:
AIRFLOW_CTX_DAG_OWNER=pedromenegat
AIRFLOW_CTX_DAG_ID=sales_datawarehouse
AIRFLOW_CTX_TASK_ID=create_tables
AIRFLOW_CTX_EXECUTION_DATE=2022-10-26T01:15:24.389701+00:00
AIRFLOW_CTX_TRY_NUMBER=1
AIRFLOW_CTX_DAG_RUN_ID=manual__2022-10-26T01:15:24.389701+00:00
[2022-10-26T01:15:30.232+0000] {base.py:71} INFO - Using connection ID '***_localhost' for task execution.
[2022-10-26T01:15:30.374+0000] {sql.py:315} INFO - Running statement: 
        CREATE TABLE IF NOT EXISTS dim_funcionarios(		
            id_funcionario INTEGER PRIMARY KEY NOT NULL,
            nome_funcionario VARCHAR(30) NOT NULL
	    );
        CREATE TABLE IF NOT EXISTS dim_categorias(		
            id INTEGER PRIMARY KEY NOT NULL,
            nome_categoria VARCHAR(30) NOT NULL
		);		
		CREATE TABLE IF NOT EXISTS fato_vendas(
            id_venda INTEGER PRIMARY KEY NOT NULL,
            id_funcionario INTEGER NOT NULL,
            id_categoria INTEGER NOT NULL,
            data_venda DATE NOT NULL,
            venda NUMERIC(20,5) NOT NULL,
            FOREIGN KEY (id_funcionario) 
                REFERENCES dim_funcionarios (id_funcionario)
                ON UPDATE CASCADE ON DELETE CASCADE,
            FOREIGN KEY (id_categoria) 
                REFERENCES dim_categorias (id)
                ON UPDATE CASCADE ON DELETE CASCADE
		);
        , parameters: None
[2022-10-26T01:15:30.389+0000] {postgres.py:96} INFO - NOTICE:  relation "dim_funcionarios" already exists, skipping

[2022-10-26T01:15:30.392+0000] {postgres.py:96} INFO - NOTICE:  relation "dim_categorias" already exists, skipping

[2022-10-26T01:15:30.393+0000] {postgres.py:96} INFO - NOTICE:  relation "fato_vendas" already exists, skipping

[2022-10-26T01:15:30.415+0000] {taskinstance.py:1406} INFO - Marking task as SUCCESS. dag_id=sales_datawarehouse, task_id=create_tables, execution_date=20221026T011524, start_date=20221026T011528, end_date=20221026T011530
[2022-10-26T01:15:30.480+0000] {local_task_job.py:164} INFO - Task exited with return code 0
[2022-10-26T01:15:30.565+0000] {local_task_job.py:273} INFO - 1 downstream tasks scheduled from follow-on schedule check
