[2022-10-25T00:34:49.062+0000] {taskinstance.py:1165} INFO - Dependencies all met for <TaskInstance: sales_datawarehouse.insert_categorias scheduled__2022-10-24T00:00:00+00:00 [queued]>
[2022-10-25T00:34:49.075+0000] {taskinstance.py:1165} INFO - Dependencies all met for <TaskInstance: sales_datawarehouse.insert_categorias scheduled__2022-10-24T00:00:00+00:00 [queued]>
[2022-10-25T00:34:49.076+0000] {taskinstance.py:1362} INFO - 
--------------------------------------------------------------------------------
[2022-10-25T00:34:49.076+0000] {taskinstance.py:1363} INFO - Starting attempt 1 of 2
[2022-10-25T00:34:49.077+0000] {taskinstance.py:1364} INFO - 
--------------------------------------------------------------------------------
[2022-10-25T00:34:49.094+0000] {taskinstance.py:1383} INFO - Executing <Task(PythonOperator): insert_categorias> on 2022-10-24 00:00:00+00:00
[2022-10-25T00:34:49.099+0000] {standard_task_runner.py:54} INFO - Started process 28466 to run task
[2022-10-25T00:34:49.103+0000] {standard_task_runner.py:82} INFO - Running: ['***', 'tasks', 'run', 'sales_datawarehouse', 'insert_categorias', 'scheduled__2022-10-24T00:00:00+00:00', '--job-id', '559', '--raw', '--subdir', 'DAGS_FOLDER/sales_dw.py', '--cfg-path', '/tmp/tmp84kuw244']
[2022-10-25T00:34:49.105+0000] {standard_task_runner.py:83} INFO - Job 559: Subtask insert_categorias
[2022-10-25T00:34:49.106+0000] {dagbag.py:525} INFO - Filling up the DagBag from /opt/***/dags/sales_dw.py
[2022-10-25T00:34:49.655+0000] {task_command.py:384} INFO - Running <TaskInstance: sales_datawarehouse.insert_categorias scheduled__2022-10-24T00:00:00+00:00 [running]> on host 83cd0ab98720
[2022-10-25T00:34:49.737+0000] {taskinstance.py:1592} INFO - Exporting the following env vars:
AIRFLOW_CTX_DAG_OWNER=pedromenegat
AIRFLOW_CTX_DAG_ID=sales_datawarehouse
AIRFLOW_CTX_TASK_ID=insert_categorias
AIRFLOW_CTX_EXECUTION_DATE=2022-10-24T00:00:00+00:00
AIRFLOW_CTX_TRY_NUMBER=1
AIRFLOW_CTX_DAG_RUN_ID=scheduled__2022-10-24T00:00:00+00:00
[2022-10-25T00:34:49.842+0000] {python.py:177} INFO - Done. Returned value was: None
[2022-10-25T00:34:49.855+0000] {taskinstance.py:1406} INFO - Marking task as SUCCESS. dag_id=sales_datawarehouse, task_id=insert_categorias, execution_date=20221024T000000, start_date=20221025T003449, end_date=20221025T003449
[2022-10-25T00:34:49.918+0000] {local_task_job.py:164} INFO - Task exited with return code 0
[2022-10-25T00:34:49.945+0000] {local_task_job.py:273} INFO - 1 downstream tasks scheduled from follow-on schedule check
