[2022-10-26T00:00:46.582+0000] {taskinstance.py:1165} INFO - Dependencies all met for <TaskInstance: sales_datawarehouse.insert_categorias scheduled__2022-10-25T00:00:00+00:00 [queued]>
[2022-10-26T00:00:46.608+0000] {taskinstance.py:1165} INFO - Dependencies all met for <TaskInstance: sales_datawarehouse.insert_categorias scheduled__2022-10-25T00:00:00+00:00 [queued]>
[2022-10-26T00:00:46.609+0000] {taskinstance.py:1362} INFO - 
--------------------------------------------------------------------------------
[2022-10-26T00:00:46.610+0000] {taskinstance.py:1363} INFO - Starting attempt 1 of 2
[2022-10-26T00:00:46.611+0000] {taskinstance.py:1364} INFO - 
--------------------------------------------------------------------------------
[2022-10-26T00:00:46.644+0000] {taskinstance.py:1383} INFO - Executing <Task(PythonOperator): insert_categorias> on 2022-10-25 00:00:00+00:00
[2022-10-26T00:00:46.655+0000] {standard_task_runner.py:54} INFO - Started process 1381 to run task
[2022-10-26T00:00:46.663+0000] {standard_task_runner.py:82} INFO - Running: ['***', 'tasks', 'run', 'sales_datawarehouse', 'insert_categorias', 'scheduled__2022-10-25T00:00:00+00:00', '--job-id', '567', '--raw', '--subdir', 'DAGS_FOLDER/sales_dw.py', '--cfg-path', '/tmp/tmpkl1ynufx']
[2022-10-26T00:00:46.667+0000] {standard_task_runner.py:83} INFO - Job 567: Subtask insert_categorias
[2022-10-26T00:00:46.670+0000] {dagbag.py:525} INFO - Filling up the DagBag from /opt/***/dags/sales_dw.py
[2022-10-26T00:00:47.300+0000] {task_command.py:384} INFO - Running <TaskInstance: sales_datawarehouse.insert_categorias scheduled__2022-10-25T00:00:00+00:00 [running]> on host 83cd0ab98720
[2022-10-26T00:00:47.379+0000] {taskinstance.py:1592} INFO - Exporting the following env vars:
AIRFLOW_CTX_DAG_OWNER=pedromenegat
AIRFLOW_CTX_DAG_ID=sales_datawarehouse
AIRFLOW_CTX_TASK_ID=insert_categorias
AIRFLOW_CTX_EXECUTION_DATE=2022-10-25T00:00:00+00:00
AIRFLOW_CTX_TRY_NUMBER=1
AIRFLOW_CTX_DAG_RUN_ID=scheduled__2022-10-25T00:00:00+00:00
[2022-10-26T00:00:47.490+0000] {python.py:177} INFO - Done. Returned value was: None
[2022-10-26T00:00:47.501+0000] {taskinstance.py:1406} INFO - Marking task as SUCCESS. dag_id=sales_datawarehouse, task_id=insert_categorias, execution_date=20221025T000000, start_date=20221026T000046, end_date=20221026T000047
[2022-10-26T00:00:47.557+0000] {local_task_job.py:164} INFO - Task exited with return code 0
[2022-10-26T00:00:47.616+0000] {local_task_job.py:273} INFO - 1 downstream tasks scheduled from follow-on schedule check
