[2022-10-26T01:16:19.019+0000] {taskinstance.py:1165} INFO - Dependencies all met for <TaskInstance: sales_datawarehouse.insert_dim_categorias manual__2022-10-26T01:15:24.389701+00:00 [queued]>
[2022-10-26T01:16:19.035+0000] {taskinstance.py:1165} INFO - Dependencies all met for <TaskInstance: sales_datawarehouse.insert_dim_categorias manual__2022-10-26T01:15:24.389701+00:00 [queued]>
[2022-10-26T01:16:19.036+0000] {taskinstance.py:1362} INFO - 
--------------------------------------------------------------------------------
[2022-10-26T01:16:19.036+0000] {taskinstance.py:1363} INFO - Starting attempt 1 of 2
[2022-10-26T01:16:19.037+0000] {taskinstance.py:1364} INFO - 
--------------------------------------------------------------------------------
[2022-10-26T01:16:19.058+0000] {taskinstance.py:1383} INFO - Executing <Task(PythonOperator): insert_dim_categorias> on 2022-10-26 01:15:24.389701+00:00
[2022-10-26T01:16:19.063+0000] {standard_task_runner.py:54} INFO - Started process 5971 to run task
[2022-10-26T01:16:19.067+0000] {standard_task_runner.py:82} INFO - Running: ['***', 'tasks', 'run', 'sales_datawarehouse', 'insert_dim_categorias', 'manual__2022-10-26T01:15:24.389701+00:00', '--job-id', '690', '--raw', '--subdir', 'DAGS_FOLDER/sales_dw.py', '--cfg-path', '/tmp/tmpvbcd7hv3']
[2022-10-26T01:16:19.069+0000] {standard_task_runner.py:83} INFO - Job 690: Subtask insert_dim_categorias
[2022-10-26T01:16:19.070+0000] {dagbag.py:525} INFO - Filling up the DagBag from /opt/***/dags/sales_dw.py
[2022-10-26T01:16:19.754+0000] {task_command.py:384} INFO - Running <TaskInstance: sales_datawarehouse.insert_dim_categorias manual__2022-10-26T01:15:24.389701+00:00 [running]> on host 83cd0ab98720
[2022-10-26T01:16:19.847+0000] {taskinstance.py:1592} INFO - Exporting the following env vars:
AIRFLOW_CTX_DAG_OWNER=pedromenegat
AIRFLOW_CTX_DAG_ID=sales_datawarehouse
AIRFLOW_CTX_TASK_ID=insert_dim_categorias
AIRFLOW_CTX_EXECUTION_DATE=2022-10-26T01:15:24.389701+00:00
AIRFLOW_CTX_TRY_NUMBER=1
AIRFLOW_CTX_DAG_RUN_ID=manual__2022-10-26T01:15:24.389701+00:00
[2022-10-26T01:16:19.982+0000] {python.py:177} INFO - Done. Returned value was: None
[2022-10-26T01:16:19.999+0000] {taskinstance.py:1406} INFO - Marking task as SUCCESS. dag_id=sales_datawarehouse, task_id=insert_dim_categorias, execution_date=20221026T011524, start_date=20221026T011619, end_date=20221026T011619
[2022-10-26T01:16:20.044+0000] {local_task_job.py:164} INFO - Task exited with return code 0
[2022-10-26T01:16:20.077+0000] {local_task_job.py:273} INFO - 1 downstream tasks scheduled from follow-on schedule check
