[2022-10-23T18:22:15.662+0000] {taskinstance.py:1165} INFO - Dependencies all met for <TaskInstance: sales_datawarehouse.get_funcionarios manual__2022-10-23T18:22:08.773761+00:00 [queued]>
[2022-10-23T18:22:15.674+0000] {taskinstance.py:1165} INFO - Dependencies all met for <TaskInstance: sales_datawarehouse.get_funcionarios manual__2022-10-23T18:22:08.773761+00:00 [queued]>
[2022-10-23T18:22:15.675+0000] {taskinstance.py:1362} INFO - 
--------------------------------------------------------------------------------
[2022-10-23T18:22:15.676+0000] {taskinstance.py:1363} INFO - Starting attempt 1 of 2
[2022-10-23T18:22:15.676+0000] {taskinstance.py:1364} INFO - 
--------------------------------------------------------------------------------
[2022-10-23T18:22:15.693+0000] {taskinstance.py:1383} INFO - Executing <Task(PythonOperator): get_funcionarios> on 2022-10-23 18:22:08.773761+00:00
[2022-10-23T18:22:15.701+0000] {standard_task_runner.py:54} INFO - Started process 8054 to run task
[2022-10-23T18:22:15.704+0000] {standard_task_runner.py:82} INFO - Running: ['***', 'tasks', 'run', 'sales_datawarehouse', 'get_funcionarios', 'manual__2022-10-23T18:22:08.773761+00:00', '--job-id', '86', '--raw', '--subdir', 'DAGS_FOLDER/sales_dw.py', '--cfg-path', '/tmp/tmphda4xqo2']
[2022-10-23T18:22:15.706+0000] {standard_task_runner.py:83} INFO - Job 86: Subtask get_funcionarios
[2022-10-23T18:22:15.707+0000] {dagbag.py:525} INFO - Filling up the DagBag from /opt/***/dags/sales_dw.py
[2022-10-23T18:22:16.259+0000] {task_command.py:384} INFO - Running <TaskInstance: sales_datawarehouse.get_funcionarios manual__2022-10-23T18:22:08.773761+00:00 [running]> on host 499050b57294
[2022-10-23T18:22:16.339+0000] {taskinstance.py:1592} INFO - Exporting the following env vars:
AIRFLOW_CTX_DAG_OWNER=pedromenegat
AIRFLOW_CTX_DAG_ID=sales_datawarehouse
AIRFLOW_CTX_TASK_ID=get_funcionarios
AIRFLOW_CTX_EXECUTION_DATE=2022-10-23T18:22:08.773761+00:00
AIRFLOW_CTX_TRY_NUMBER=1
AIRFLOW_CTX_DAG_RUN_ID=manual__2022-10-23T18:22:08.773761+00:00
[2022-10-23T18:23:02.184+0000] {logging_mixin.py:117} INFO -    id              nome
0   [  <Response [500]>
1   1  <Response [200]>
2   ,  <Response [500]>
3      <Response [500]>
4   5  <Response [200]>
5   ,  <Response [500]>
6      <Response [500]>
7   8  <Response [200]>
8   ,  <Response [500]>
9      <Response [500]>
10  4  <Response [200]>
11  ,  <Response [500]>
12     <Response [500]>
13  3  <Response [200]>
14  ,  <Response [500]>
15     <Response [500]>
16  2  <Response [200]>
17  ,  <Response [500]>
18     <Response [500]>
19  7  <Response [200]>
20  ,  <Response [500]>
21     <Response [500]>
22  6  <Response [200]>
23  ,  <Response [500]>
24     <Response [500]>
25  9  <Response [200]>
26  ]  <Response [500]>
[2022-10-23T18:23:02.185+0000] {python.py:177} INFO - Done. Returned value was: None
[2022-10-23T18:23:02.196+0000] {taskinstance.py:1406} INFO - Marking task as SUCCESS. dag_id=sales_datawarehouse, task_id=get_funcionarios, execution_date=20221023T182208, start_date=20221023T182215, end_date=20221023T182302
[2022-10-23T18:23:02.228+0000] {local_task_job.py:164} INFO - Task exited with return code 0
[2022-10-23T18:23:02.249+0000] {local_task_job.py:273} INFO - 0 downstream tasks scheduled from follow-on schedule check
