[2022-10-26T00:35:20.374+0000] {taskinstance.py:1165} INFO - Dependencies all met for <TaskInstance: sales_datawarehouse.get_funcionarios manual__2022-10-26T00:35:08.956458+00:00 [queued]>
[2022-10-26T00:35:20.405+0000] {taskinstance.py:1165} INFO - Dependencies all met for <TaskInstance: sales_datawarehouse.get_funcionarios manual__2022-10-26T00:35:08.956458+00:00 [queued]>
[2022-10-26T00:35:20.406+0000] {taskinstance.py:1362} INFO - 
--------------------------------------------------------------------------------
[2022-10-26T00:35:20.407+0000] {taskinstance.py:1363} INFO - Starting attempt 1 of 2
[2022-10-26T00:35:20.408+0000] {taskinstance.py:1364} INFO - 
--------------------------------------------------------------------------------
[2022-10-26T00:35:20.439+0000] {taskinstance.py:1383} INFO - Executing <Task(PythonOperator): get_funcionarios> on 2022-10-26 00:35:08.956458+00:00
[2022-10-26T00:35:20.447+0000] {standard_task_runner.py:54} INFO - Started process 3428 to run task
[2022-10-26T00:35:20.453+0000] {standard_task_runner.py:82} INFO - Running: ['***', 'tasks', 'run', 'sales_datawarehouse', 'get_funcionarios', 'manual__2022-10-26T00:35:08.956458+00:00', '--job-id', '597', '--raw', '--subdir', 'DAGS_FOLDER/sales_dw.py', '--cfg-path', '/tmp/tmpny9shdib']
[2022-10-26T00:35:20.455+0000] {standard_task_runner.py:83} INFO - Job 597: Subtask get_funcionarios
[2022-10-26T00:35:20.457+0000] {dagbag.py:525} INFO - Filling up the DagBag from /opt/***/dags/sales_dw.py
[2022-10-26T00:35:21.714+0000] {task_command.py:384} INFO - Running <TaskInstance: sales_datawarehouse.get_funcionarios manual__2022-10-26T00:35:08.956458+00:00 [running]> on host 83cd0ab98720
[2022-10-26T00:35:21.921+0000] {taskinstance.py:1592} INFO - Exporting the following env vars:
AIRFLOW_CTX_DAG_OWNER=pedromenegat
AIRFLOW_CTX_DAG_ID=sales_datawarehouse
AIRFLOW_CTX_TASK_ID=get_funcionarios
AIRFLOW_CTX_EXECUTION_DATE=2022-10-26T00:35:08.956458+00:00
AIRFLOW_CTX_TRY_NUMBER=1
AIRFLOW_CTX_DAG_RUN_ID=manual__2022-10-26T00:35:08.956458+00:00
[2022-10-26T00:35:44.246+0000] {python.py:177} INFO - Done. Returned value was: None
[2022-10-26T00:35:44.275+0000] {taskinstance.py:1406} INFO - Marking task as SUCCESS. dag_id=sales_datawarehouse, task_id=get_funcionarios, execution_date=20221026T003508, start_date=20221026T003520, end_date=20221026T003544
[2022-10-26T00:35:44.354+0000] {local_task_job.py:164} INFO - Task exited with return code 0
[2022-10-26T00:35:44.410+0000] {local_task_job.py:273} INFO - 1 downstream tasks scheduled from follow-on schedule check
